{"/workspaces/ravis-adventure/src/achievement-system.js": {"path":"/workspaces/ravis-adventure/src/achievement-system.js","statementMap":{"0":{"start":{"line":8,"column":4},"end":{"line":8,"column":33}},"1":{"start":{"line":9,"column":4},"end":{"line":9,"column":34}},"2":{"start":{"line":10,"column":4},"end":{"line":10,"column":42}},"3":{"start":{"line":11,"column":4},"end":{"line":11,"column":38}},"4":{"start":{"line":12,"column":4},"end":{"line":12,"column":33}},"5":{"start":{"line":13,"column":4},"end":{"line":13,"column":32}},"6":{"start":{"line":15,"column":4},"end":{"line":15,"column":34}},"7":{"start":{"line":16,"column":4},"end":{"line":16,"column":31}},"8":{"start":{"line":21,"column":4},"end":{"line":31,"column":7}},"9":{"start":{"line":33,"column":4},"end":{"line":43,"column":7}},"10":{"start":{"line":45,"column":4},"end":{"line":55,"column":7}},"11":{"start":{"line":58,"column":4},"end":{"line":68,"column":7}},"12":{"start":{"line":70,"column":4},"end":{"line":80,"column":7}},"13":{"start":{"line":82,"column":4},"end":{"line":92,"column":7}},"14":{"start":{"line":95,"column":4},"end":{"line":105,"column":7}},"15":{"start":{"line":107,"column":4},"end":{"line":117,"column":7}},"16":{"start":{"line":119,"column":4},"end":{"line":129,"column":7}},"17":{"start":{"line":132,"column":4},"end":{"line":142,"column":7}},"18":{"start":{"line":144,"column":4},"end":{"line":154,"column":7}},"19":{"start":{"line":156,"column":4},"end":{"line":166,"column":7}},"20":{"start":{"line":169,"column":4},"end":{"line":179,"column":7}},"21":{"start":{"line":181,"column":4},"end":{"line":191,"column":7}},"22":{"start":{"line":193,"column":4},"end":{"line":205,"column":7}},"23":{"start":{"line":208,"column":4},"end":{"line":218,"column":7}},"24":{"start":{"line":220,"column":4},"end":{"line":230,"column":7}},"25":{"start":{"line":233,"column":4},"end":{"line":243,"column":7}},"26":{"start":{"line":245,"column":4},"end":{"line":255,"column":7}},"27":{"start":{"line":259,"column":4},"end":{"line":263,"column":7}},"28":{"start":{"line":264,"column":4},"end":{"line":264,"column":50}},"29":{"start":{"line":269,"column":4},"end":{"line":271,"column":7}},"30":{"start":{"line":270,"column":6},"end":{"line":270,"column":41}},"31":{"start":{"line":274,"column":4},"end":{"line":276,"column":7}},"32":{"start":{"line":275,"column":6},"end":{"line":275,"column":42}},"33":{"start":{"line":279,"column":4},"end":{"line":281,"column":7}},"34":{"start":{"line":280,"column":6},"end":{"line":280,"column":45}},"35":{"start":{"line":285,"column":4},"end":{"line":291,"column":7}},"36":{"start":{"line":286,"column":6},"end":{"line":286,"column":52}},"37":{"start":{"line":286,"column":45},"end":{"line":286,"column":52}},"38":{"start":{"line":288,"column":6},"end":{"line":290,"column":7}},"39":{"start":{"line":289,"column":8},"end":{"line":289,"column":35}},"40":{"start":{"line":295,"column":4},"end":{"line":307,"column":5}},"41":{"start":{"line":297,"column":6},"end":{"line":303,"column":9}},"42":{"start":{"line":298,"column":8},"end":{"line":298,"column":54}},"43":{"start":{"line":298,"column":47},"end":{"line":298,"column":54}},"44":{"start":{"line":300,"column":8},"end":{"line":302,"column":9}},"45":{"start":{"line":301,"column":10},"end":{"line":301,"column":37}},"46":{"start":{"line":306,"column":6},"end":{"line":306,"column":46}},"47":{"start":{"line":312,"column":4},"end":{"line":318,"column":7}},"48":{"start":{"line":313,"column":6},"end":{"line":313,"column":52}},"49":{"start":{"line":313,"column":45},"end":{"line":313,"column":52}},"50":{"start":{"line":315,"column":6},"end":{"line":317,"column":7}},"51":{"start":{"line":316,"column":8},"end":{"line":316,"column":35}},"52":{"start":{"line":322,"column":4},"end":{"line":324,"column":5}},"53":{"start":{"line":323,"column":6},"end":{"line":323,"column":63}},"54":{"start":{"line":326,"column":4},"end":{"line":328,"column":5}},"55":{"start":{"line":327,"column":6},"end":{"line":327,"column":82}},"56":{"start":{"line":327,"column":46},"end":{"line":327,"column":80}},"57":{"start":{"line":330,"column":4},"end":{"line":333,"column":5}},"58":{"start":{"line":331,"column":20},"end":{"line":331,"column":72}},"59":{"start":{"line":332,"column":6},"end":{"line":332,"column":42}},"60":{"start":{"line":335,"column":4},"end":{"line":337,"column":5}},"61":{"start":{"line":336,"column":6},"end":{"line":336,"column":76}},"62":{"start":{"line":339,"column":4},"end":{"line":342,"column":5}},"63":{"start":{"line":340,"column":31},"end":{"line":340,"column":101}},"64":{"start":{"line":341,"column":6},"end":{"line":341,"column":49}},"65":{"start":{"line":344,"column":4},"end":{"line":349,"column":5}},"66":{"start":{"line":345,"column":6},"end":{"line":348,"column":9}},"67":{"start":{"line":346,"column":25},"end":{"line":346,"column":79}},"68":{"start":{"line":347,"column":8},"end":{"line":347,"column":29}},"69":{"start":{"line":351,"column":4},"end":{"line":351,"column":17}},"70":{"start":{"line":356,"column":4},"end":{"line":359,"column":5}},"71":{"start":{"line":357,"column":29},"end":{"line":357,"column":74}},"72":{"start":{"line":358,"column":6},"end":{"line":358,"column":52}},"73":{"start":{"line":361,"column":4},"end":{"line":364,"column":5}},"74":{"start":{"line":362,"column":24},"end":{"line":362,"column":68}},"75":{"start":{"line":363,"column":6},"end":{"line":363,"column":46}},"76":{"start":{"line":366,"column":4},"end":{"line":369,"column":5}},"77":{"start":{"line":367,"column":27},"end":{"line":367,"column":75}},"78":{"start":{"line":368,"column":6},"end":{"line":368,"column":65}},"79":{"start":{"line":371,"column":4},"end":{"line":371,"column":17}},"80":{"start":{"line":376,"column":24},"end":{"line":376,"column":53}},"81":{"start":{"line":377,"column":28},"end":{"line":377,"column":71}},"82":{"start":{"line":378,"column":4},"end":{"line":378,"column":64}},"83":{"start":{"line":381,"column":4},"end":{"line":387,"column":5}},"84":{"start":{"line":382,"column":27},"end":{"line":382,"column":75}},"85":{"start":{"line":383,"column":6},"end":{"line":383,"column":68}},"86":{"start":{"line":385,"column":24},"end":{"line":385,"column":68}},"87":{"start":{"line":386,"column":6},"end":{"line":386,"column":76}},"88":{"start":{"line":391,"column":24},"end":{"line":391,"column":60}},"89":{"start":{"line":392,"column":4},"end":{"line":394,"column":5}},"90":{"start":{"line":393,"column":6},"end":{"line":393,"column":19}},"91":{"start":{"line":396,"column":4},"end":{"line":396,"column":40}},"92":{"start":{"line":397,"column":4},"end":{"line":397,"column":49}},"93":{"start":{"line":399,"column":4},"end":{"line":403,"column":7}},"94":{"start":{"line":406,"column":4},"end":{"line":410,"column":7}},"95":{"start":{"line":413,"column":4},"end":{"line":413,"column":53}},"96":{"start":{"line":415,"column":4},"end":{"line":415,"column":16}},"97":{"start":{"line":419,"column":4},"end":{"line":420,"column":30}},"98":{"start":{"line":421,"column":4},"end":{"line":421,"column":59}},"99":{"start":{"line":422,"column":4},"end":{"line":422,"column":46}},"100":{"start":{"line":423,"column":4},"end":{"line":423,"column":63}},"101":{"start":{"line":425,"column":4},"end":{"line":430,"column":5}},"102":{"start":{"line":426,"column":6},"end":{"line":429,"column":15}},"103":{"start":{"line":427,"column":8},"end":{"line":428,"column":40}},"104":{"start":{"line":432,"column":4},"end":{"line":437,"column":5}},"105":{"start":{"line":433,"column":6},"end":{"line":436,"column":15}},"106":{"start":{"line":434,"column":8},"end":{"line":435,"column":38}},"107":{"start":{"line":439,"column":4},"end":{"line":440,"column":3}},"108":{"start":{"line":444,"column":18},"end":{"line":444,"column":40}},"109":{"start":{"line":445,"column":21},"end":{"line":445,"column":51}},"110":{"start":{"line":446,"column":23},"end":{"line":446,"column":59}},"111":{"start":{"line":448,"column":4},"end":{"line":453,"column":6}},"112":{"start":{"line":457,"column":4},"end":{"line":463,"column":10}},"113":{"start":{"line":458,"column":37},"end":{"line":458,"column":70}},"114":{"start":{"line":459,"column":35},"end":{"line":463,"column":7}},"115":{"start":{"line":467,"column":4},"end":{"line":472,"column":51}},"116":{"start":{"line":468,"column":18},"end":{"line":471,"column":7}},"117":{"start":{"line":472,"column":22},"end":{"line":472,"column":49}},"118":{"start":{"line":476,"column":4},"end":{"line":478,"column":17}},"119":{"start":{"line":482,"column":21},"end":{"line":482,"column":50}},"120":{"start":{"line":483,"column":29},"end":{"line":483,"column":31}},"121":{"start":{"line":485,"column":4},"end":{"line":494,"column":7}},"122":{"start":{"line":486,"column":35},"end":{"line":486,"column":75}},"123":{"start":{"line":487,"column":33},"end":{"line":487,"column":84}},"124":{"start":{"line":487,"column":66},"end":{"line":487,"column":76}},"125":{"start":{"line":489,"column":6},"end":{"line":493,"column":8}},"126":{"start":{"line":496,"column":31},"end":{"line":496,"column":59}},"127":{"start":{"line":498,"column":4},"end":{"line":504,"column":6}},"128":{"start":{"line":508,"column":25},"end":{"line":508,"column":69}},"129":{"start":{"line":509,"column":21},"end":{"line":509,"column":65}},"130":{"start":{"line":511,"column":4},"end":{"line":516,"column":7}},"131":{"start":{"line":512,"column":6},"end":{"line":512,"column":41}},"132":{"start":{"line":513,"column":6},"end":{"line":515,"column":7}},"133":{"start":{"line":514,"column":8},"end":{"line":514,"column":39}},"134":{"start":{"line":518,"column":4},"end":{"line":524,"column":8}},"135":{"start":{"line":518,"column":52},"end":{"line":524,"column":5}},"136":{"start":{"line":528,"column":28},"end":{"line":528,"column":30}},"137":{"start":{"line":529,"column":21},"end":{"line":529,"column":50}},"138":{"start":{"line":531,"column":4},"end":{"line":541,"column":5}},"139":{"start":{"line":532,"column":6},"end":{"line":532,"column":86}},"140":{"start":{"line":533,"column":11},"end":{"line":541,"column":5}},"141":{"start":{"line":534,"column":6},"end":{"line":534,"column":95}},"142":{"start":{"line":535,"column":11},"end":{"line":541,"column":5}},"143":{"start":{"line":536,"column":6},"end":{"line":536,"column":82}},"144":{"start":{"line":537,"column":11},"end":{"line":541,"column":5}},"145":{"start":{"line":538,"column":6},"end":{"line":538,"column":103}},"146":{"start":{"line":540,"column":6},"end":{"line":540,"column":102}},"147":{"start":{"line":544,"column":29},"end":{"line":544,"column":72}},"148":{"start":{"line":545,"column":4},"end":{"line":549,"column":7}},"149":{"start":{"line":546,"column":6},"end":{"line":548,"column":7}},"150":{"start":{"line":547,"column":8},"end":{"line":547,"column":86}},"151":{"start":{"line":551,"column":4},"end":{"line":551,"column":39}},"152":{"start":{"line":556,"column":27},"end":{"line":556,"column":72}},"153":{"start":{"line":557,"column":4},"end":{"line":557,"column":65}},"154":{"start":{"line":560,"column":4},"end":{"line":560,"column":78}},"155":{"start":{"line":565,"column":26},"end":{"line":565,"column":49}},"156":{"start":{"line":566,"column":4},"end":{"line":566,"column":55}},"157":{"start":{"line":569,"column":4},"end":{"line":581,"column":7}},"158":{"start":{"line":570,"column":6},"end":{"line":570,"column":52}},"159":{"start":{"line":570,"column":45},"end":{"line":570,"column":52}},"160":{"start":{"line":572,"column":6},"end":{"line":575,"column":7}},"161":{"start":{"line":574,"column":8},"end":{"line":574,"column":35}},"162":{"start":{"line":577,"column":6},"end":{"line":580,"column":7}},"163":{"start":{"line":579,"column":8},"end":{"line":579,"column":35}},"164":{"start":{"line":585,"column":0},"end":{"line":585,"column":35}}},"fnMap":{"0":{"name":"(anonymous_0)","decl":{"start":{"line":7,"column":2},"end":{"line":7,"column":3}},"loc":{"start":{"line":7,"column":26},"end":{"line":17,"column":3}},"line":7},"1":{"name":"(anonymous_1)","decl":{"start":{"line":19,"column":2},"end":{"line":19,"column":3}},"loc":{"start":{"line":19,"column":27},"end":{"line":256,"column":3}},"line":19},"2":{"name":"(anonymous_2)","decl":{"start":{"line":258,"column":2},"end":{"line":258,"column":3}},"loc":{"start":{"line":258,"column":38},"end":{"line":265,"column":3}},"line":258},"3":{"name":"(anonymous_3)","decl":{"start":{"line":267,"column":2},"end":{"line":267,"column":3}},"loc":{"start":{"line":267,"column":24},"end":{"line":282,"column":3}},"line":267},"4":{"name":"(anonymous_4)","decl":{"start":{"line":269,"column":37},"end":{"line":269,"column":38}},"loc":{"start":{"line":269,"column":48},"end":{"line":271,"column":5}},"line":269},"5":{"name":"(anonymous_5)","decl":{"start":{"line":274,"column":38},"end":{"line":274,"column":39}},"loc":{"start":{"line":274,"column":49},"end":{"line":276,"column":5}},"line":274},"6":{"name":"(anonymous_6)","decl":{"start":{"line":279,"column":38},"end":{"line":279,"column":39}},"loc":{"start":{"line":279,"column":50},"end":{"line":281,"column":5}},"line":279},"7":{"name":"(anonymous_7)","decl":{"start":{"line":284,"column":2},"end":{"line":284,"column":3}},"loc":{"start":{"line":284,"column":32},"end":{"line":292,"column":3}},"line":284},"8":{"name":"(anonymous_8)","decl":{"start":{"line":285,"column":30},"end":{"line":285,"column":31}},"loc":{"start":{"line":285,"column":51},"end":{"line":291,"column":5}},"line":285},"9":{"name":"(anonymous_9)","decl":{"start":{"line":294,"column":2},"end":{"line":294,"column":3}},"loc":{"start":{"line":294,"column":33},"end":{"line":308,"column":3}},"line":294},"10":{"name":"(anonymous_10)","decl":{"start":{"line":297,"column":32},"end":{"line":297,"column":33}},"loc":{"start":{"line":297,"column":53},"end":{"line":303,"column":7}},"line":297},"11":{"name":"(anonymous_11)","decl":{"start":{"line":310,"column":2},"end":{"line":310,"column":3}},"loc":{"start":{"line":310,"column":36},"end":{"line":319,"column":3}},"line":310},"12":{"name":"(anonymous_12)","decl":{"start":{"line":312,"column":30},"end":{"line":312,"column":31}},"loc":{"start":{"line":312,"column":51},"end":{"line":318,"column":5}},"line":312},"13":{"name":"(anonymous_13)","decl":{"start":{"line":321,"column":2},"end":{"line":321,"column":3}},"loc":{"start":{"line":321,"column":45},"end":{"line":352,"column":3}},"line":321},"14":{"name":"(anonymous_14)","decl":{"start":{"line":327,"column":38},"end":{"line":327,"column":39}},"loc":{"start":{"line":327,"column":46},"end":{"line":327,"column":80}},"line":327},"15":{"name":"(anonymous_15)","decl":{"start":{"line":345,"column":55},"end":{"line":345,"column":56}},"loc":{"start":{"line":345,"column":67},"end":{"line":348,"column":7}},"line":345},"16":{"name":"(anonymous_16)","decl":{"start":{"line":354,"column":2},"end":{"line":354,"column":3}},"loc":{"start":{"line":354,"column":47},"end":{"line":372,"column":3}},"line":354},"17":{"name":"(anonymous_17)","decl":{"start":{"line":374,"column":2},"end":{"line":374,"column":3}},"loc":{"start":{"line":374,"column":31},"end":{"line":388,"column":3}},"line":374},"18":{"name":"(anonymous_18)","decl":{"start":{"line":390,"column":2},"end":{"line":390,"column":3}},"loc":{"start":{"line":390,"column":35},"end":{"line":416,"column":3}},"line":390},"19":{"name":"(anonymous_19)","decl":{"start":{"line":418,"column":2},"end":{"line":418,"column":3}},"loc":{"start":{"line":418,"column":46},"end":{"line":441,"column":3}},"line":418},"20":{"name":"(anonymous_20)","decl":{"start":{"line":426,"column":17},"end":{"line":426,"column":18}},"loc":{"start":{"line":426,"column":23},"end":{"line":429,"column":7}},"line":426},"21":{"name":"(anonymous_21)","decl":{"start":{"line":433,"column":17},"end":{"line":433,"column":18}},"loc":{"start":{"line":433,"column":23},"end":{"line":436,"column":7}},"line":433},"22":{"name":"(anonymous_22)","decl":{"start":{"line":443,"column":2},"end":{"line":443,"column":3}},"loc":{"start":{"line":443,"column":27},"end":{"line":454,"column":3}},"line":443},"23":{"name":"(anonymous_23)","decl":{"start":{"line":456,"column":2},"end":{"line":456,"column":3}},"loc":{"start":{"line":456,"column":38},"end":{"line":464,"column":3}},"line":456},"24":{"name":"(anonymous_24)","decl":{"start":{"line":458,"column":14},"end":{"line":458,"column":15}},"loc":{"start":{"line":458,"column":37},"end":{"line":458,"column":70}},"line":458},"25":{"name":"(anonymous_25)","decl":{"start":{"line":459,"column":11},"end":{"line":459,"column":12}},"loc":{"start":{"line":459,"column":35},"end":{"line":463,"column":7}},"line":459},"26":{"name":"(anonymous_26)","decl":{"start":{"line":466,"column":2},"end":{"line":466,"column":3}},"loc":{"start":{"line":466,"column":28},"end":{"line":473,"column":3}},"line":466},"27":{"name":"(anonymous_27)","decl":{"start":{"line":468,"column":11},"end":{"line":468,"column":12}},"loc":{"start":{"line":468,"column":18},"end":{"line":471,"column":7}},"line":468},"28":{"name":"(anonymous_28)","decl":{"start":{"line":472,"column":12},"end":{"line":472,"column":13}},"loc":{"start":{"line":472,"column":22},"end":{"line":472,"column":49}},"line":472},"29":{"name":"(anonymous_29)","decl":{"start":{"line":475,"column":2},"end":{"line":475,"column":3}},"loc":{"start":{"line":475,"column":35},"end":{"line":479,"column":3}},"line":475},"30":{"name":"(anonymous_30)","decl":{"start":{"line":481,"column":2},"end":{"line":481,"column":3}},"loc":{"start":{"line":481,"column":30},"end":{"line":505,"column":3}},"line":481},"31":{"name":"(anonymous_31)","decl":{"start":{"line":485,"column":28},"end":{"line":485,"column":29}},"loc":{"start":{"line":485,"column":40},"end":{"line":494,"column":5}},"line":485},"32":{"name":"(anonymous_32)","decl":{"start":{"line":487,"column":61},"end":{"line":487,"column":62}},"loc":{"start":{"line":487,"column":66},"end":{"line":487,"column":76}},"line":487},"33":{"name":"(anonymous_33)","decl":{"start":{"line":507,"column":2},"end":{"line":507,"column":3}},"loc":{"start":{"line":507,"column":26},"end":{"line":525,"column":3}},"line":507},"34":{"name":"(anonymous_34)","decl":{"start":{"line":511,"column":30},"end":{"line":511,"column":31}},"loc":{"start":{"line":511,"column":51},"end":{"line":516,"column":5}},"line":511},"35":{"name":"(anonymous_35)","decl":{"start":{"line":518,"column":41},"end":{"line":518,"column":42}},"loc":{"start":{"line":518,"column":52},"end":{"line":524,"column":5}},"line":518},"36":{"name":"(anonymous_36)","decl":{"start":{"line":527,"column":2},"end":{"line":527,"column":3}},"loc":{"start":{"line":527,"column":34},"end":{"line":552,"column":3}},"line":527},"37":{"name":"(anonymous_37)","decl":{"start":{"line":545,"column":45},"end":{"line":545,"column":46}},"loc":{"start":{"line":545,"column":67},"end":{"line":549,"column":5}},"line":545},"38":{"name":"(anonymous_38)","decl":{"start":{"line":555,"column":2},"end":{"line":555,"column":3}},"loc":{"start":{"line":555,"column":31},"end":{"line":561,"column":3}},"line":555},"39":{"name":"(anonymous_39)","decl":{"start":{"line":564,"column":2},"end":{"line":564,"column":3}},"loc":{"start":{"line":564,"column":43},"end":{"line":582,"column":3}},"line":564},"40":{"name":"(anonymous_40)","decl":{"start":{"line":569,"column":30},"end":{"line":569,"column":31}},"loc":{"start":{"line":569,"column":51},"end":{"line":581,"column":5}},"line":569}},"branchMap":{"0":{"loc":{"start":{"line":286,"column":6},"end":{"line":286,"column":52}},"type":"if","locations":[{"start":{"line":286,"column":6},"end":{"line":286,"column":52}},{"start":{},"end":{}}],"line":286},"1":{"loc":{"start":{"line":288,"column":6},"end":{"line":290,"column":7}},"type":"if","locations":[{"start":{"line":288,"column":6},"end":{"line":290,"column":7}},{"start":{},"end":{}}],"line":288},"2":{"loc":{"start":{"line":295,"column":4},"end":{"line":307,"column":5}},"type":"if","locations":[{"start":{"line":295,"column":4},"end":{"line":307,"column":5}},{"start":{},"end":{}}],"line":295},"3":{"loc":{"start":{"line":298,"column":8},"end":{"line":298,"column":54}},"type":"if","locations":[{"start":{"line":298,"column":8},"end":{"line":298,"column":54}},{"start":{},"end":{}}],"line":298},"4":{"loc":{"start":{"line":300,"column":8},"end":{"line":302,"column":9}},"type":"if","locations":[{"start":{"line":300,"column":8},"end":{"line":302,"column":9}},{"start":{},"end":{}}],"line":300},"5":{"loc":{"start":{"line":313,"column":6},"end":{"line":313,"column":52}},"type":"if","locations":[{"start":{"line":313,"column":6},"end":{"line":313,"column":52}},{"start":{},"end":{}}],"line":313},"6":{"loc":{"start":{"line":315,"column":6},"end":{"line":317,"column":7}},"type":"if","locations":[{"start":{"line":315,"column":6},"end":{"line":317,"column":7}},{"start":{},"end":{}}],"line":315},"7":{"loc":{"start":{"line":321,"column":31},"end":{"line":321,"column":43}},"type":"default-arg","locations":[{"start":{"line":321,"column":41},"end":{"line":321,"column":43}}],"line":321},"8":{"loc":{"start":{"line":322,"column":4},"end":{"line":324,"column":5}},"type":"if","locations":[{"start":{"line":322,"column":4},"end":{"line":324,"column":5}},{"start":{},"end":{}}],"line":322},"9":{"loc":{"start":{"line":326,"column":4},"end":{"line":328,"column":5}},"type":"if","locations":[{"start":{"line":326,"column":4},"end":{"line":328,"column":5}},{"start":{},"end":{}}],"line":326},"10":{"loc":{"start":{"line":330,"column":4},"end":{"line":333,"column":5}},"type":"if","locations":[{"start":{"line":330,"column":4},"end":{"line":333,"column":5}},{"start":{},"end":{}}],"line":330},"11":{"loc":{"start":{"line":331,"column":20},"end":{"line":331,"column":72}},"type":"binary-expr","locations":[{"start":{"line":331,"column":20},"end":{"line":331,"column":67}},{"start":{"line":331,"column":71},"end":{"line":331,"column":72}}],"line":331},"12":{"loc":{"start":{"line":335,"column":4},"end":{"line":337,"column":5}},"type":"if","locations":[{"start":{"line":335,"column":4},"end":{"line":337,"column":5}},{"start":{},"end":{}}],"line":335},"13":{"loc":{"start":{"line":336,"column":13},"end":{"line":336,"column":75}},"type":"binary-expr","locations":[{"start":{"line":336,"column":13},"end":{"line":336,"column":27}},{"start":{"line":336,"column":31},"end":{"line":336,"column":75}}],"line":336},"14":{"loc":{"start":{"line":339,"column":4},"end":{"line":342,"column":5}},"type":"if","locations":[{"start":{"line":339,"column":4},"end":{"line":342,"column":5}},{"start":{},"end":{}}],"line":339},"15":{"loc":{"start":{"line":340,"column":31},"end":{"line":340,"column":101}},"type":"binary-expr","locations":[{"start":{"line":340,"column":31},"end":{"line":340,"column":96}},{"start":{"line":340,"column":100},"end":{"line":340,"column":101}}],"line":340},"16":{"loc":{"start":{"line":344,"column":4},"end":{"line":349,"column":5}},"type":"if","locations":[{"start":{"line":344,"column":4},"end":{"line":349,"column":5}},{"start":{},"end":{}}],"line":344},"17":{"loc":{"start":{"line":346,"column":25},"end":{"line":346,"column":79}},"type":"binary-expr","locations":[{"start":{"line":346,"column":25},"end":{"line":346,"column":74}},{"start":{"line":346,"column":78},"end":{"line":346,"column":79}}],"line":346},"18":{"loc":{"start":{"line":356,"column":4},"end":{"line":359,"column":5}},"type":"if","locations":[{"start":{"line":356,"column":4},"end":{"line":359,"column":5}},{"start":{},"end":{}}],"line":356},"19":{"loc":{"start":{"line":357,"column":29},"end":{"line":357,"column":74}},"type":"binary-expr","locations":[{"start":{"line":357,"column":29},"end":{"line":357,"column":69}},{"start":{"line":357,"column":73},"end":{"line":357,"column":74}}],"line":357},"20":{"loc":{"start":{"line":361,"column":4},"end":{"line":364,"column":5}},"type":"if","locations":[{"start":{"line":361,"column":4},"end":{"line":364,"column":5}},{"start":{},"end":{}}],"line":361},"21":{"loc":{"start":{"line":362,"column":24},"end":{"line":362,"column":68}},"type":"binary-expr","locations":[{"start":{"line":362,"column":24},"end":{"line":362,"column":63}},{"start":{"line":362,"column":67},"end":{"line":362,"column":68}}],"line":362},"22":{"loc":{"start":{"line":366,"column":4},"end":{"line":369,"column":5}},"type":"if","locations":[{"start":{"line":366,"column":4},"end":{"line":369,"column":5}},{"start":{},"end":{}}],"line":366},"23":{"loc":{"start":{"line":367,"column":27},"end":{"line":367,"column":75}},"type":"binary-expr","locations":[{"start":{"line":367,"column":27},"end":{"line":367,"column":70}},{"start":{"line":367,"column":74},"end":{"line":367,"column":75}}],"line":367},"24":{"loc":{"start":{"line":377,"column":28},"end":{"line":377,"column":71}},"type":"binary-expr","locations":[{"start":{"line":377,"column":28},"end":{"line":377,"column":66}},{"start":{"line":377,"column":70},"end":{"line":377,"column":71}}],"line":377},"25":{"loc":{"start":{"line":381,"column":4},"end":{"line":387,"column":5}},"type":"if","locations":[{"start":{"line":381,"column":4},"end":{"line":387,"column":5}},{"start":{"line":384,"column":11},"end":{"line":387,"column":5}}],"line":381},"26":{"loc":{"start":{"line":382,"column":27},"end":{"line":382,"column":75}},"type":"binary-expr","locations":[{"start":{"line":382,"column":27},"end":{"line":382,"column":70}},{"start":{"line":382,"column":74},"end":{"line":382,"column":75}}],"line":382},"27":{"loc":{"start":{"line":385,"column":24},"end":{"line":385,"column":68}},"type":"binary-expr","locations":[{"start":{"line":385,"column":24},"end":{"line":385,"column":63}},{"start":{"line":385,"column":67},"end":{"line":385,"column":68}}],"line":385},"28":{"loc":{"start":{"line":392,"column":4},"end":{"line":394,"column":5}},"type":"if","locations":[{"start":{"line":392,"column":4},"end":{"line":394,"column":5}},{"start":{},"end":{}}],"line":392},"29":{"loc":{"start":{"line":392,"column":8},"end":{"line":392,"column":68}},"type":"binary-expr","locations":[{"start":{"line":392,"column":8},"end":{"line":392,"column":20}},{"start":{"line":392,"column":24},"end":{"line":392,"column":68}}],"line":392},"30":{"loc":{"start":{"line":425,"column":4},"end":{"line":430,"column":5}},"type":"if","locations":[{"start":{"line":425,"column":4},"end":{"line":430,"column":5}},{"start":{},"end":{}}],"line":425},"31":{"loc":{"start":{"line":432,"column":4},"end":{"line":437,"column":5}},"type":"if","locations":[{"start":{"line":432,"column":4},"end":{"line":437,"column":5}},{"start":{},"end":{}}],"line":432},"32":{"loc":{"start":{"line":475,"column":24},"end":{"line":475,"column":33}},"type":"default-arg","locations":[{"start":{"line":475,"column":32},"end":{"line":475,"column":33}}],"line":475},"33":{"loc":{"start":{"line":513,"column":6},"end":{"line":515,"column":7}},"type":"if","locations":[{"start":{"line":513,"column":6},"end":{"line":515,"column":7}},{"start":{},"end":{}}],"line":513},"34":{"loc":{"start":{"line":522,"column":18},"end":{"line":523,"column":71}},"type":"cond-expr","locations":[{"start":{"line":523,"column":8},"end":{"line":523,"column":67}},{"start":{"line":523,"column":70},"end":{"line":523,"column":71}}],"line":522},"35":{"loc":{"start":{"line":531,"column":4},"end":{"line":541,"column":5}},"type":"if","locations":[{"start":{"line":531,"column":4},"end":{"line":541,"column":5}},{"start":{"line":533,"column":11},"end":{"line":541,"column":5}}],"line":531},"36":{"loc":{"start":{"line":533,"column":11},"end":{"line":541,"column":5}},"type":"if","locations":[{"start":{"line":533,"column":11},"end":{"line":541,"column":5}},{"start":{"line":535,"column":11},"end":{"line":541,"column":5}}],"line":533},"37":{"loc":{"start":{"line":535,"column":11},"end":{"line":541,"column":5}},"type":"if","locations":[{"start":{"line":535,"column":11},"end":{"line":541,"column":5}},{"start":{"line":537,"column":11},"end":{"line":541,"column":5}}],"line":535},"38":{"loc":{"start":{"line":537,"column":11},"end":{"line":541,"column":5}},"type":"if","locations":[{"start":{"line":537,"column":11},"end":{"line":541,"column":5}},{"start":{"line":539,"column":11},"end":{"line":541,"column":5}}],"line":537},"39":{"loc":{"start":{"line":546,"column":6},"end":{"line":548,"column":7}},"type":"if","locations":[{"start":{"line":546,"column":6},"end":{"line":548,"column":7}},{"start":{},"end":{}}],"line":546},"40":{"loc":{"start":{"line":556,"column":27},"end":{"line":556,"column":72}},"type":"binary-expr","locations":[{"start":{"line":556,"column":27},"end":{"line":556,"column":67}},{"start":{"line":556,"column":71},"end":{"line":556,"column":72}}],"line":556},"41":{"loc":{"start":{"line":570,"column":6},"end":{"line":570,"column":52}},"type":"if","locations":[{"start":{"line":570,"column":6},"end":{"line":570,"column":52}},{"start":{},"end":{}}],"line":570},"42":{"loc":{"start":{"line":572,"column":6},"end":{"line":575,"column":7}},"type":"if","locations":[{"start":{"line":572,"column":6},"end":{"line":575,"column":7}},{"start":{},"end":{}}],"line":572},"43":{"loc":{"start":{"line":572,"column":10},"end":{"line":573,"column":63}},"type":"binary-expr","locations":[{"start":{"line":572,"column":10},"end":{"line":572,"column":51}},{"start":{"line":573,"column":10},"end":{"line":573,"column":63}}],"line":572},"44":{"loc":{"start":{"line":577,"column":6},"end":{"line":580,"column":7}},"type":"if","locations":[{"start":{"line":577,"column":6},"end":{"line":580,"column":7}},{"start":{},"end":{}}],"line":577},"45":{"loc":{"start":{"line":577,"column":10},"end":{"line":578,"column":64}},"type":"binary-expr","locations":[{"start":{"line":577,"column":10},"end":{"line":577,"column":52}},{"start":{"line":578,"column":10},"end":{"line":578,"column":64}}],"line":577}},"s":{"0":0,"1":0,"2":0,"3":0,"4":0,"5":0,"6":0,"7":0,"8":0,"9":0,"10":0,"11":0,"12":0,"13":0,"14":0,"15":0,"16":0,"17":0,"18":0,"19":0,"20":0,"21":0,"22":0,"23":0,"24":0,"25":0,"26":0,"27":0,"28":0,"29":0,"30":0,"31":0,"32":0,"33":0,"34":0,"35":0,"36":0,"37":0,"38":0,"39":0,"40":0,"41":0,"42":0,"43":0,"44":0,"45":0,"46":0,"47":0,"48":0,"49":0,"50":0,"51":0,"52":0,"53":0,"54":0,"55":0,"56":0,"57":0,"58":0,"59":0,"60":0,"61":0,"62":0,"63":0,"64":0,"65":0,"66":0,"67":0,"68":0,"69":0,"70":0,"71":0,"72":0,"73":0,"74":0,"75":0,"76":0,"77":0,"78":0,"79":0,"80":0,"81":0,"82":0,"83":0,"84":0,"85":0,"86":0,"87":0,"88":0,"89":0,"90":0,"91":0,"92":0,"93":0,"94":0,"95":0,"96":0,"97":0,"98":0,"99":0,"100":0,"101":0,"102":0,"103":0,"104":0,"105":0,"106":0,"107":0,"108":0,"109":0,"110":0,"111":0,"112":0,"113":0,"114":0,"115":0,"116":0,"117":0,"118":0,"119":0,"120":0,"121":0,"122":0,"123":0,"124":0,"125":0,"126":0,"127":0,"128":0,"129":0,"130":0,"131":0,"132":0,"133":0,"134":0,"135":0,"136":0,"137":0,"138":0,"139":0,"140":0,"141":0,"142":0,"143":0,"144":0,"145":0,"146":0,"147":0,"148":0,"149":0,"150":0,"151":0,"152":0,"153":0,"154":0,"155":0,"156":0,"157":0,"158":0,"159":0,"160":0,"161":0,"162":0,"163":0,"164":0},"f":{"0":0,"1":0,"2":0,"3":0,"4":0,"5":0,"6":0,"7":0,"8":0,"9":0,"10":0,"11":0,"12":0,"13":0,"14":0,"15":0,"16":0,"17":0,"18":0,"19":0,"20":0,"21":0,"22":0,"23":0,"24":0,"25":0,"26":0,"27":0,"28":0,"29":0,"30":0,"31":0,"32":0,"33":0,"34":0,"35":0,"36":0,"37":0,"38":0,"39":0,"40":0},"b":{"0":[0,0],"1":[0,0],"2":[0,0],"3":[0,0],"4":[0,0],"5":[0,0],"6":[0,0],"7":[0],"8":[0,0],"9":[0,0],"10":[0,0],"11":[0,0],"12":[0,0],"13":[0,0],"14":[0,0],"15":[0,0],"16":[0,0],"17":[0,0],"18":[0,0],"19":[0,0],"20":[0,0],"21":[0,0],"22":[0,0],"23":[0,0],"24":[0,0],"25":[0,0],"26":[0,0],"27":[0,0],"28":[0,0],"29":[0,0],"30":[0,0],"31":[0,0],"32":[0],"33":[0,0],"34":[0,0],"35":[0,0],"36":[0,0],"37":[0,0],"38":[0,0],"39":[0,0],"40":[0,0],"41":[0,0],"42":[0,0],"43":[0,0],"44":[0,0],"45":[0,0]}}
,"/workspaces/ravis-adventure/src/command-parser.js": {"path":"/workspaces/ravis-adventure/src/command-parser.js","statementMap":{"0":{"start":{"line":1,"column":14},"end":{"line":1,"column":30}},"1":{"start":{"line":5,"column":4},"end":{"line":5,"column":32}},"2":{"start":{"line":6,"column":4},"end":{"line":6,"column":29}},"3":{"start":{"line":7,"column":4},"end":{"line":7,"column":24}},"4":{"start":{"line":12,"column":4},"end":{"line":12,"column":80}},"5":{"start":{"line":13,"column":4},"end":{"line":13,"column":85}},"6":{"start":{"line":14,"column":4},"end":{"line":14,"column":86}},"7":{"start":{"line":15,"column":4},"end":{"line":15,"column":82}},"8":{"start":{"line":16,"column":4},"end":{"line":16,"column":78}},"9":{"start":{"line":17,"column":4},"end":{"line":17,"column":92}},"10":{"start":{"line":20,"column":4},"end":{"line":20,"column":94}},"11":{"start":{"line":21,"column":4},"end":{"line":21,"column":79}},"12":{"start":{"line":24,"column":4},"end":{"line":24,"column":96}},"13":{"start":{"line":25,"column":4},"end":{"line":25,"column":79}},"14":{"start":{"line":26,"column":4},"end":{"line":26,"column":81}},"15":{"start":{"line":29,"column":4},"end":{"line":29,"column":69}},"16":{"start":{"line":30,"column":4},"end":{"line":30,"column":81}},"17":{"start":{"line":31,"column":4},"end":{"line":31,"column":98}},"18":{"start":{"line":34,"column":4},"end":{"line":34,"column":80}},"19":{"start":{"line":35,"column":4},"end":{"line":35,"column":79}},"20":{"start":{"line":39,"column":4},"end":{"line":42,"column":6}},"21":{"start":{"line":46,"column":18},"end":{"line":46,"column":57}},"22":{"start":{"line":47,"column":20},"end":{"line":47,"column":28}},"23":{"start":{"line":48,"column":17},"end":{"line":48,"column":31}},"24":{"start":{"line":50,"column":4},"end":{"line":77,"column":5}},"25":{"start":{"line":51,"column":6},"end":{"line":62,"column":7}},"26":{"start":{"line":52,"column":23},"end":{"line":52,"column":83}},"27":{"start":{"line":53,"column":8},"end":{"line":56,"column":9}},"28":{"start":{"line":58,"column":8},"end":{"line":61,"column":9}},"29":{"start":{"line":65,"column":6},"end":{"line":71,"column":7}},"30":{"start":{"line":66,"column":25},"end":{"line":66,"column":92}},"31":{"start":{"line":67,"column":8},"end":{"line":70,"column":9}},"32":{"start":{"line":73,"column":6},"end":{"line":76,"column":7}},"33":{"start":{"line":81,"column":21},"end":{"line":81,"column":65}},"34":{"start":{"line":83,"column":4},"end":{"line":85,"column":5}},"35":{"start":{"line":84,"column":6},"end":{"line":84,"column":86}},"36":{"start":{"line":87,"column":4},"end":{"line":87,"column":21}},"37":{"start":{"line":88,"column":4},"end":{"line":88,"column":71}},"38":{"start":{"line":89,"column":4},"end":{"line":89,"column":90}},"39":{"start":{"line":90,"column":4},"end":{"line":90,"column":21}},"40":{"start":{"line":92,"column":4},"end":{"line":92,"column":30}},"41":{"start":{"line":96,"column":18},"end":{"line":96,"column":48}},"42":{"start":{"line":97,"column":23},"end":{"line":103,"column":5}},"43":{"start":{"line":105,"column":4},"end":{"line":107,"column":5}},"44":{"start":{"line":106,"column":6},"end":{"line":106,"column":94}},"45":{"start":{"line":109,"column":4},"end":{"line":109,"column":23}},"46":{"start":{"line":110,"column":4},"end":{"line":110,"column":32}},"47":{"start":{"line":114,"column":18},"end":{"line":114,"column":48}},"48":{"start":{"line":116,"column":4},"end":{"line":118,"column":5}},"49":{"start":{"line":117,"column":6},"end":{"line":117,"column":58}},"50":{"start":{"line":120,"column":26},"end":{"line":126,"column":5}},"51":{"start":{"line":123,"column":8},"end":{"line":123,"column":46}},"52":{"start":{"line":128,"column":4},"end":{"line":128,"column":35}},"53":{"start":{"line":132,"column":18},"end":{"line":132,"column":50}},"54":{"start":{"line":134,"column":22},"end":{"line":140,"column":5}},"55":{"start":{"line":142,"column":4},"end":{"line":142,"column":31}},"56":{"start":{"line":146,"column":20},"end":{"line":146,"column":52}},"57":{"start":{"line":147,"column":4},"end":{"line":147,"column":61}},"58":{"start":{"line":151,"column":21},"end":{"line":151,"column":57}},"59":{"start":{"line":154,"column":25},"end":{"line":159,"column":5}},"60":{"start":{"line":161,"column":24},"end":{"line":161,"column":98}},"61":{"start":{"line":163,"column":4},"end":{"line":163,"column":51}},"62":{"start":{"line":167,"column":4},"end":{"line":169,"column":5}},"63":{"start":{"line":168,"column":6},"end":{"line":168,"column":85}},"64":{"start":{"line":171,"column":22},"end":{"line":171,"column":36}},"65":{"start":{"line":174,"column":23},"end":{"line":179,"column":5}},"66":{"start":{"line":181,"column":28},"end":{"line":181,"column":64}},"67":{"start":{"line":182,"column":26},"end":{"line":182,"column":59}},"68":{"start":{"line":184,"column":4},"end":{"line":194,"column":5}},"69":{"start":{"line":185,"column":6},"end":{"line":185,"column":69}},"70":{"start":{"line":187,"column":6},"end":{"line":189,"column":7}},"71":{"start":{"line":188,"column":8},"end":{"line":188,"column":67}},"72":{"start":{"line":191,"column":6},"end":{"line":191,"column":86}},"73":{"start":{"line":193,"column":6},"end":{"line":193,"column":123}},"74":{"start":{"line":198,"column":4},"end":{"line":200,"column":5}},"75":{"start":{"line":199,"column":6},"end":{"line":199,"column":64}},"76":{"start":{"line":201,"column":4},"end":{"line":201,"column":59}},"77":{"start":{"line":205,"column":4},"end":{"line":207,"column":5}},"78":{"start":{"line":206,"column":6},"end":{"line":206,"column":81}},"79":{"start":{"line":209,"column":4},"end":{"line":212,"column":5}},"80":{"start":{"line":210,"column":23},"end":{"line":210,"column":45}},"81":{"start":{"line":211,"column":6},"end":{"line":211,"column":69}},"82":{"start":{"line":214,"column":4},"end":{"line":214,"column":55}},"83":{"start":{"line":218,"column":4},"end":{"line":220,"column":5}},"84":{"start":{"line":219,"column":6},"end":{"line":219,"column":81}},"85":{"start":{"line":222,"column":4},"end":{"line":225,"column":5}},"86":{"start":{"line":223,"column":22},"end":{"line":223,"column":44}},"87":{"start":{"line":224,"column":6},"end":{"line":224,"column":73}},"88":{"start":{"line":227,"column":4},"end":{"line":227,"column":56}},"89":{"start":{"line":231,"column":4},"end":{"line":233,"column":5}},"90":{"start":{"line":232,"column":6},"end":{"line":232,"column":51}},"91":{"start":{"line":235,"column":17},"end":{"line":235,"column":31}},"92":{"start":{"line":238,"column":27},"end":{"line":242,"column":5}},"93":{"start":{"line":244,"column":28},"end":{"line":244,"column":64}},"94":{"start":{"line":245,"column":18},"end":{"line":245,"column":55}},"95":{"start":{"line":247,"column":4},"end":{"line":252,"column":5}},"96":{"start":{"line":248,"column":6},"end":{"line":248,"column":42}},"97":{"start":{"line":249,"column":6},"end":{"line":249,"column":51}},"98":{"start":{"line":251,"column":6},"end":{"line":251,"column":60}},"99":{"start":{"line":256,"column":4},"end":{"line":258,"column":5}},"100":{"start":{"line":257,"column":6},"end":{"line":257,"column":50}},"101":{"start":{"line":260,"column":17},"end":{"line":260,"column":31}},"102":{"start":{"line":261,"column":18},"end":{"line":261,"column":48}},"103":{"start":{"line":263,"column":4},"end":{"line":265,"column":5}},"104":{"start":{"line":264,"column":6},"end":{"line":264,"column":69}},"105":{"start":{"line":268,"column":24},"end":{"line":272,"column":5}},"106":{"start":{"line":274,"column":19},"end":{"line":274,"column":96}},"107":{"start":{"line":276,"column":4},"end":{"line":284,"column":5}},"108":{"start":{"line":277,"column":6},"end":{"line":283,"column":8}},"109":{"start":{"line":286,"column":4},"end":{"line":286,"column":36}},"110":{"start":{"line":290,"column":4},"end":{"line":292,"column":5}},"111":{"start":{"line":291,"column":6},"end":{"line":291,"column":36}},"112":{"start":{"line":294,"column":17},"end":{"line":294,"column":31}},"113":{"start":{"line":297,"column":25},"end":{"line":301,"column":5}},"114":{"start":{"line":303,"column":24},"end":{"line":303,"column":114}},"115":{"start":{"line":305,"column":4},"end":{"line":305,"column":42}},"116":{"start":{"line":309,"column":4},"end":{"line":320,"column":17}},"117":{"start":{"line":324,"column":18},"end":{"line":324,"column":48}},"118":{"start":{"line":325,"column":4},"end":{"line":325,"column":77}},"119":{"start":{"line":329,"column":0},"end":{"line":329,"column":30}}},"fnMap":{"0":{"name":"(anonymous_0)","decl":{"start":{"line":4,"column":2},"end":{"line":4,"column":3}},"loc":{"start":{"line":4,"column":26},"end":{"line":8,"column":3}},"line":4},"1":{"name":"(anonymous_1)","decl":{"start":{"line":10,"column":2},"end":{"line":10,"column":3}},"loc":{"start":{"line":10,"column":18},"end":{"line":36,"column":3}},"line":10},"2":{"name":"(anonymous_2)","decl":{"start":{"line":38,"column":2},"end":{"line":38,"column":3}},"loc":{"start":{"line":38,"column":41},"end":{"line":43,"column":3}},"line":38},"3":{"name":"(anonymous_3)","decl":{"start":{"line":45,"column":2},"end":{"line":45,"column":3}},"loc":{"start":{"line":45,"column":21},"end":{"line":78,"column":3}},"line":45},"4":{"name":"(anonymous_4)","decl":{"start":{"line":80,"column":2},"end":{"line":80,"column":3}},"loc":{"start":{"line":80,"column":19},"end":{"line":93,"column":3}},"line":80},"5":{"name":"(anonymous_5)","decl":{"start":{"line":95,"column":2},"end":{"line":95,"column":3}},"loc":{"start":{"line":95,"column":21},"end":{"line":111,"column":3}},"line":95},"6":{"name":"(anonymous_6)","decl":{"start":{"line":113,"column":2},"end":{"line":113,"column":3}},"loc":{"start":{"line":113,"column":24},"end":{"line":129,"column":3}},"line":113},"7":{"name":"(anonymous_7)","decl":{"start":{"line":122,"column":29},"end":{"line":122,"column":30}},"loc":{"start":{"line":123,"column":8},"end":{"line":123,"column":46}},"line":123},"8":{"name":"(anonymous_8)","decl":{"start":{"line":131,"column":2},"end":{"line":131,"column":3}},"loc":{"start":{"line":131,"column":20},"end":{"line":143,"column":3}},"line":131},"9":{"name":"(anonymous_9)","decl":{"start":{"line":145,"column":2},"end":{"line":145,"column":3}},"loc":{"start":{"line":145,"column":19},"end":{"line":148,"column":3}},"line":145},"10":{"name":"(anonymous_10)","decl":{"start":{"line":150,"column":2},"end":{"line":150,"column":3}},"loc":{"start":{"line":150,"column":21},"end":{"line":164,"column":3}},"line":150},"11":{"name":"(anonymous_11)","decl":{"start":{"line":166,"column":2},"end":{"line":166,"column":3}},"loc":{"start":{"line":166,"column":25},"end":{"line":195,"column":3}},"line":166},"12":{"name":"(anonymous_12)","decl":{"start":{"line":197,"column":2},"end":{"line":197,"column":3}},"loc":{"start":{"line":197,"column":26},"end":{"line":202,"column":3}},"line":197},"13":{"name":"(anonymous_13)","decl":{"start":{"line":204,"column":2},"end":{"line":204,"column":3}},"loc":{"start":{"line":204,"column":38},"end":{"line":215,"column":3}},"line":204},"14":{"name":"(anonymous_14)","decl":{"start":{"line":217,"column":2},"end":{"line":217,"column":3}},"loc":{"start":{"line":217,"column":39},"end":{"line":228,"column":3}},"line":217},"15":{"name":"(anonymous_15)","decl":{"start":{"line":230,"column":2},"end":{"line":230,"column":3}},"loc":{"start":{"line":230,"column":23},"end":{"line":253,"column":3}},"line":230},"16":{"name":"(anonymous_16)","decl":{"start":{"line":255,"column":2},"end":{"line":255,"column":3}},"loc":{"start":{"line":255,"column":22},"end":{"line":287,"column":3}},"line":255},"17":{"name":"(anonymous_17)","decl":{"start":{"line":289,"column":2},"end":{"line":289,"column":3}},"loc":{"start":{"line":289,"column":26},"end":{"line":306,"column":3}},"line":289},"18":{"name":"(anonymous_18)","decl":{"start":{"line":308,"column":2},"end":{"line":308,"column":3}},"loc":{"start":{"line":308,"column":20},"end":{"line":321,"column":3}},"line":308},"19":{"name":"(anonymous_19)","decl":{"start":{"line":323,"column":2},"end":{"line":323,"column":3}},"loc":{"start":{"line":323,"column":19},"end":{"line":326,"column":3}},"line":323}},"branchMap":{"0":{"loc":{"start":{"line":50,"column":4},"end":{"line":77,"column":5}},"type":"if","locations":[{"start":{"line":50,"column":4},"end":{"line":77,"column":5}},{"start":{"line":63,"column":11},"end":{"line":77,"column":5}}],"line":50},"1":{"loc":{"start":{"line":65,"column":6},"end":{"line":71,"column":7}},"type":"if","locations":[{"start":{"line":65,"column":6},"end":{"line":71,"column":7}},{"start":{},"end":{}}],"line":65},"2":{"loc":{"start":{"line":99,"column":29},"end":{"line":99,"column":71}},"type":"binary-expr","locations":[{"start":{"line":99,"column":29},"end":{"line":99,"column":45}},{"start":{"line":99,"column":49},"end":{"line":99,"column":71}}],"line":99},"3":{"loc":{"start":{"line":105,"column":4},"end":{"line":107,"column":5}},"type":"if","locations":[{"start":{"line":105,"column":4},"end":{"line":107,"column":5}},{"start":{},"end":{}}],"line":105},"4":{"loc":{"start":{"line":116,"column":4},"end":{"line":118,"column":5}},"type":"if","locations":[{"start":{"line":116,"column":4},"end":{"line":118,"column":5}},{"start":{},"end":{}}],"line":116},"5":{"loc":{"start":{"line":147,"column":11},"end":{"line":147,"column":61}},"type":"cond-expr","locations":[{"start":{"line":147,"column":21},"end":{"line":147,"column":25}},{"start":{"line":147,"column":28},"end":{"line":147,"column":61}}],"line":147},"6":{"loc":{"start":{"line":161,"column":24},"end":{"line":161,"column":98}},"type":"binary-expr","locations":[{"start":{"line":161,"column":24},"end":{"line":161,"column":46}},{"start":{"line":161,"column":50},"end":{"line":161,"column":98}}],"line":161},"7":{"loc":{"start":{"line":167,"column":4},"end":{"line":169,"column":5}},"type":"if","locations":[{"start":{"line":167,"column":4},"end":{"line":169,"column":5}},{"start":{},"end":{}}],"line":167},"8":{"loc":{"start":{"line":182,"column":26},"end":{"line":182,"column":59}},"type":"binary-expr","locations":[{"start":{"line":182,"column":26},"end":{"line":182,"column":53}},{"start":{"line":182,"column":57},"end":{"line":182,"column":59}}],"line":182},"9":{"loc":{"start":{"line":184,"column":4},"end":{"line":194,"column":5}},"type":"if","locations":[{"start":{"line":184,"column":4},"end":{"line":194,"column":5}},{"start":{"line":192,"column":11},"end":{"line":194,"column":5}}],"line":184},"10":{"loc":{"start":{"line":187,"column":6},"end":{"line":189,"column":7}},"type":"if","locations":[{"start":{"line":187,"column":6},"end":{"line":189,"column":7}},{"start":{},"end":{}}],"line":187},"11":{"loc":{"start":{"line":193,"column":86},"end":{"line":193,"column":120}},"type":"binary-expr","locations":[{"start":{"line":193,"column":86},"end":{"line":193,"column":110}},{"start":{"line":193,"column":114},"end":{"line":193,"column":120}}],"line":193},"12":{"loc":{"start":{"line":198,"column":4},"end":{"line":200,"column":5}},"type":"if","locations":[{"start":{"line":198,"column":4},"end":{"line":200,"column":5}},{"start":{},"end":{}}],"line":198},"13":{"loc":{"start":{"line":205,"column":4},"end":{"line":207,"column":5}},"type":"if","locations":[{"start":{"line":205,"column":4},"end":{"line":207,"column":5}},{"start":{},"end":{}}],"line":205},"14":{"loc":{"start":{"line":209,"column":4},"end":{"line":212,"column":5}},"type":"if","locations":[{"start":{"line":209,"column":4},"end":{"line":212,"column":5}},{"start":{},"end":{}}],"line":209},"15":{"loc":{"start":{"line":218,"column":4},"end":{"line":220,"column":5}},"type":"if","locations":[{"start":{"line":218,"column":4},"end":{"line":220,"column":5}},{"start":{},"end":{}}],"line":218},"16":{"loc":{"start":{"line":222,"column":4},"end":{"line":225,"column":5}},"type":"if","locations":[{"start":{"line":222,"column":4},"end":{"line":225,"column":5}},{"start":{},"end":{}}],"line":222},"17":{"loc":{"start":{"line":231,"column":4},"end":{"line":233,"column":5}},"type":"if","locations":[{"start":{"line":231,"column":4},"end":{"line":233,"column":5}},{"start":{},"end":{}}],"line":231},"18":{"loc":{"start":{"line":245,"column":18},"end":{"line":245,"column":55}},"type":"binary-expr","locations":[{"start":{"line":245,"column":18},"end":{"line":245,"column":49}},{"start":{"line":245,"column":53},"end":{"line":245,"column":55}}],"line":245},"19":{"loc":{"start":{"line":247,"column":4},"end":{"line":252,"column":5}},"type":"if","locations":[{"start":{"line":247,"column":4},"end":{"line":252,"column":5}},{"start":{"line":250,"column":11},"end":{"line":252,"column":5}}],"line":247},"20":{"loc":{"start":{"line":256,"column":4},"end":{"line":258,"column":5}},"type":"if","locations":[{"start":{"line":256,"column":4},"end":{"line":258,"column":5}},{"start":{},"end":{}}],"line":256},"21":{"loc":{"start":{"line":263,"column":4},"end":{"line":265,"column":5}},"type":"if","locations":[{"start":{"line":263,"column":4},"end":{"line":265,"column":5}},{"start":{},"end":{}}],"line":263},"22":{"loc":{"start":{"line":274,"column":19},"end":{"line":274,"column":96}},"type":"binary-expr","locations":[{"start":{"line":274,"column":19},"end":{"line":274,"column":36}},{"start":{"line":274,"column":40},"end":{"line":274,"column":96}}],"line":274},"23":{"loc":{"start":{"line":276,"column":4},"end":{"line":284,"column":5}},"type":"if","locations":[{"start":{"line":276,"column":4},"end":{"line":284,"column":5}},{"start":{},"end":{}}],"line":276},"24":{"loc":{"start":{"line":290,"column":4},"end":{"line":292,"column":5}},"type":"if","locations":[{"start":{"line":290,"column":4},"end":{"line":292,"column":5}},{"start":{},"end":{}}],"line":290},"25":{"loc":{"start":{"line":303,"column":24},"end":{"line":303,"column":114}},"type":"binary-expr","locations":[{"start":{"line":303,"column":24},"end":{"line":303,"column":42}},{"start":{"line":303,"column":46},"end":{"line":303,"column":114}}],"line":303}},"s":{"0":0,"1":0,"2":0,"3":0,"4":0,"5":0,"6":0,"7":0,"8":0,"9":0,"10":0,"11":0,"12":0,"13":0,"14":0,"15":0,"16":0,"17":0,"18":0,"19":0,"20":0,"21":0,"22":0,"23":0,"24":0,"25":0,"26":0,"27":0,"28":0,"29":0,"30":0,"31":0,"32":0,"33":0,"34":0,"35":0,"36":0,"37":0,"38":0,"39":0,"40":0,"41":0,"42":0,"43":0,"44":0,"45":0,"46":0,"47":0,"48":0,"49":0,"50":0,"51":0,"52":0,"53":0,"54":0,"55":0,"56":0,"57":0,"58":0,"59":0,"60":0,"61":0,"62":0,"63":0,"64":0,"65":0,"66":0,"67":0,"68":0,"69":0,"70":0,"71":0,"72":0,"73":0,"74":0,"75":0,"76":0,"77":0,"78":0,"79":0,"80":0,"81":0,"82":0,"83":0,"84":0,"85":0,"86":0,"87":0,"88":0,"89":0,"90":0,"91":0,"92":0,"93":0,"94":0,"95":0,"96":0,"97":0,"98":0,"99":0,"100":0,"101":0,"102":0,"103":0,"104":0,"105":0,"106":0,"107":0,"108":0,"109":0,"110":0,"111":0,"112":0,"113":0,"114":0,"115":0,"116":0,"117":0,"118":0,"119":0},"f":{"0":0,"1":0,"2":0,"3":0,"4":0,"5":0,"6":0,"7":0,"8":0,"9":0,"10":0,"11":0,"12":0,"13":0,"14":0,"15":0,"16":0,"17":0,"18":0,"19":0},"b":{"0":[0,0],"1":[0,0],"2":[0,0],"3":[0,0],"4":[0,0],"5":[0,0],"6":[0,0],"7":[0,0],"8":[0,0],"9":[0,0],"10":[0,0],"11":[0,0],"12":[0,0],"13":[0,0],"14":[0,0],"15":[0,0],"16":[0,0],"17":[0,0],"18":[0,0],"19":[0,0],"20":[0,0],"21":[0,0],"22":[0,0],"23":[0,0],"24":[0,0],"25":[0,0]}}
,"/workspaces/ravis-adventure/src/dialogue-system.js": {"path":"/workspaces/ravis-adventure/src/dialogue-system.js","statementMap":{"0":{"start":{"line":8,"column":4},"end":{"line":8,"column":34}},"1":{"start":{"line":9,"column":4},"end":{"line":9,"column":30}},"2":{"start":{"line":10,"column":4},"end":{"line":10,"column":34}},"3":{"start":{"line":11,"column":4},"end":{"line":11,"column":33}},"4":{"start":{"line":12,"column":4},"end":{"line":12,"column":34}},"5":{"start":{"line":13,"column":4},"end":{"line":19,"column":5}},"6":{"start":{"line":21,"column":4},"end":{"line":21,"column":34}},"7":{"start":{"line":22,"column":4},"end":{"line":22,"column":38}},"8":{"start":{"line":29,"column":4},"end":{"line":35,"column":6}},"9":{"start":{"line":37,"column":4},"end":{"line":43,"column":6}},"10":{"start":{"line":45,"column":4},"end":{"line":51,"column":6}},"11":{"start":{"line":58,"column":4},"end":{"line":94,"column":5}},"12":{"start":{"line":104,"column":4},"end":{"line":104,"column":37}},"13":{"start":{"line":107,"column":21},"end":{"line":107,"column":66}},"14":{"start":{"line":110,"column":19},"end":{"line":110,"column":57}},"15":{"start":{"line":113,"column":4},"end":{"line":113,"column":64}},"16":{"start":{"line":116,"column":25},"end":{"line":116,"column":61}},"17":{"start":{"line":117,"column":4},"end":{"line":119,"column":5}},"18":{"start":{"line":118,"column":6},"end":{"line":118,"column":36}},"19":{"start":{"line":122,"column":4},"end":{"line":122,"column":55}},"20":{"start":{"line":125,"column":4},"end":{"line":125,"column":58}},"21":{"start":{"line":127,"column":4},"end":{"line":132,"column":5}},"22":{"start":{"line":141,"column":26},"end":{"line":147,"column":5}},"23":{"start":{"line":142,"column":32},"end":{"line":142,"column":70}},"24":{"start":{"line":143,"column":31},"end":{"line":143,"column":68}},"25":{"start":{"line":144,"column":27},"end":{"line":144,"column":69}},"26":{"start":{"line":145,"column":28},"end":{"line":145,"column":72}},"27":{"start":{"line":146,"column":28},"end":{"line":146,"column":67}},"28":{"start":{"line":149,"column":4},"end":{"line":151,"column":5}},"29":{"start":{"line":150,"column":6},"end":{"line":150,"column":30}},"30":{"start":{"line":154,"column":4},"end":{"line":164,"column":5}},"31":{"start":{"line":155,"column":6},"end":{"line":155,"column":36}},"32":{"start":{"line":156,"column":11},"end":{"line":164,"column":5}},"33":{"start":{"line":157,"column":6},"end":{"line":157,"column":37}},"34":{"start":{"line":158,"column":11},"end":{"line":164,"column":5}},"35":{"start":{"line":159,"column":6},"end":{"line":159,"column":34}},"36":{"start":{"line":160,"column":11},"end":{"line":164,"column":5}},"37":{"start":{"line":161,"column":6},"end":{"line":161,"column":34}},"38":{"start":{"line":163,"column":6},"end":{"line":163,"column":34}},"39":{"start":{"line":167,"column":4},"end":{"line":169,"column":6}},"40":{"start":{"line":168,"column":6},"end":{"line":168,"column":93}},"41":{"start":{"line":178,"column":24},"end":{"line":187,"column":5}},"42":{"start":{"line":189,"column":4},"end":{"line":189,"column":52}},"43":{"start":{"line":197,"column":22},"end":{"line":197,"column":99}},"44":{"start":{"line":198,"column":24},"end":{"line":198,"column":68}},"45":{"start":{"line":199,"column":4},"end":{"line":199,"column":33}},"46":{"start":{"line":208,"column":27},"end":{"line":208,"column":35}},"47":{"start":{"line":211,"column":4},"end":{"line":220,"column":5}},"48":{"start":{"line":212,"column":33},"end":{"line":218,"column":7}},"49":{"start":{"line":219,"column":6},"end":{"line":219,"column":99}},"50":{"start":{"line":223,"column":4},"end":{"line":230,"column":5}},"51":{"start":{"line":224,"column":31},"end":{"line":228,"column":7}},"52":{"start":{"line":229,"column":6},"end":{"line":229,"column":95}},"53":{"start":{"line":233,"column":4},"end":{"line":241,"column":5}},"54":{"start":{"line":234,"column":33},"end":{"line":239,"column":7}},"55":{"start":{"line":240,"column":6},"end":{"line":240,"column":99}},"56":{"start":{"line":243,"column":4},"end":{"line":243,"column":27}},"57":{"start":{"line":251,"column":18},"end":{"line":251,"column":50}},"58":{"start":{"line":254,"column":4},"end":{"line":257,"column":5}},"59":{"start":{"line":255,"column":6},"end":{"line":255,"column":63}},"60":{"start":{"line":256,"column":6},"end":{"line":256,"column":106}},"61":{"start":{"line":259,"column":4},"end":{"line":262,"column":5}},"62":{"start":{"line":260,"column":6},"end":{"line":260,"column":63}},"63":{"start":{"line":261,"column":6},"end":{"line":261,"column":107}},"64":{"start":{"line":264,"column":4},"end":{"line":267,"column":5}},"65":{"start":{"line":265,"column":6},"end":{"line":265,"column":63}},"66":{"start":{"line":266,"column":6},"end":{"line":266,"column":104}},"67":{"start":{"line":270,"column":4},"end":{"line":278,"column":5}},"68":{"start":{"line":271,"column":23},"end":{"line":271,"column":60}},"69":{"start":{"line":272,"column":24},"end":{"line":272,"column":77}},"70":{"start":{"line":273,"column":23},"end":{"line":273,"column":56}},"71":{"start":{"line":274,"column":29},"end":{"line":274,"column":102}},"72":{"start":{"line":276,"column":6},"end":{"line":276,"column":63}},"73":{"start":{"line":277,"column":6},"end":{"line":277,"column":27}},"74":{"start":{"line":280,"column":4},"end":{"line":280,"column":15}},"75":{"start":{"line":290,"column":4},"end":{"line":296,"column":6}},"76":{"start":{"line":299,"column":4},"end":{"line":301,"column":5}},"77":{"start":{"line":300,"column":6},"end":{"line":300,"column":38}},"78":{"start":{"line":309,"column":4},"end":{"line":309,"column":49}},"79":{"start":{"line":318,"column":27},"end":{"line":332,"column":5}},"80":{"start":{"line":319,"column":40},"end":{"line":319,"column":158}},"81":{"start":{"line":321,"column":32},"end":{"line":321,"column":169}},"82":{"start":{"line":323,"column":35},"end":{"line":323,"column":171}},"83":{"start":{"line":325,"column":29},"end":{"line":325,"column":139}},"84":{"start":{"line":327,"column":29},"end":{"line":327,"column":109}},"85":{"start":{"line":329,"column":34},"end":{"line":329,"column":133}},"86":{"start":{"line":331,"column":33},"end":{"line":331,"column":146}},"87":{"start":{"line":334,"column":30},"end":{"line":334,"column":55}},"88":{"start":{"line":335,"column":4},"end":{"line":343,"column":5}},"89":{"start":{"line":336,"column":23},"end":{"line":336,"column":51}},"90":{"start":{"line":337,"column":6},"end":{"line":337,"column":61}},"91":{"start":{"line":338,"column":6},"end":{"line":342,"column":7}},"92":{"start":{"line":345,"column":4},"end":{"line":345,"column":54}},"93":{"start":{"line":352,"column":4},"end":{"line":356,"column":5}},"94":{"start":{"line":363,"column":4},"end":{"line":369,"column":5}},"95":{"start":{"line":370,"column":4},"end":{"line":370,"column":34}},"96":{"start":{"line":377,"column":26},"end":{"line":381,"column":5}},"97":{"start":{"line":383,"column":18},"end":{"line":383,"column":81}},"98":{"start":{"line":384,"column":4},"end":{"line":384,"column":54}},"99":{"start":{"line":386,"column":4},"end":{"line":390,"column":5}}},"fnMap":{"0":{"name":"(anonymous_0)","decl":{"start":{"line":7,"column":2},"end":{"line":7,"column":3}},"loc":{"start":{"line":7,"column":38},"end":{"line":23,"column":3}},"line":7},"1":{"name":"(anonymous_1)","decl":{"start":{"line":28,"column":2},"end":{"line":28,"column":3}},"loc":{"start":{"line":28,"column":28},"end":{"line":52,"column":3}},"line":28},"2":{"name":"(anonymous_2)","decl":{"start":{"line":57,"column":2},"end":{"line":57,"column":3}},"loc":{"start":{"line":57,"column":32},"end":{"line":95,"column":3}},"line":57},"3":{"name":"(anonymous_3)","decl":{"start":{"line":102,"column":2},"end":{"line":102,"column":3}},"loc":{"start":{"line":102,"column":42},"end":{"line":133,"column":3}},"line":102},"4":{"name":"(anonymous_4)","decl":{"start":{"line":140,"column":2},"end":{"line":140,"column":3}},"loc":{"start":{"line":140,"column":31},"end":{"line":170,"column":3}},"line":140},"5":{"name":"(anonymous_5)","decl":{"start":{"line":142,"column":26},"end":{"line":142,"column":27}},"loc":{"start":{"line":142,"column":32},"end":{"line":142,"column":70}},"line":142},"6":{"name":"(anonymous_6)","decl":{"start":{"line":143,"column":25},"end":{"line":143,"column":26}},"loc":{"start":{"line":143,"column":31},"end":{"line":143,"column":68}},"line":143},"7":{"name":"(anonymous_7)","decl":{"start":{"line":144,"column":21},"end":{"line":144,"column":22}},"loc":{"start":{"line":144,"column":27},"end":{"line":144,"column":69}},"line":144},"8":{"name":"(anonymous_8)","decl":{"start":{"line":145,"column":22},"end":{"line":145,"column":23}},"loc":{"start":{"line":145,"column":28},"end":{"line":145,"column":72}},"line":145},"9":{"name":"(anonymous_9)","decl":{"start":{"line":146,"column":22},"end":{"line":146,"column":23}},"loc":{"start":{"line":146,"column":28},"end":{"line":146,"column":67}},"line":146},"10":{"name":"(anonymous_10)","decl":{"start":{"line":167,"column":48},"end":{"line":167,"column":49}},"loc":{"start":{"line":167,"column":57},"end":{"line":169,"column":5}},"line":167},"11":{"name":"(anonymous_11)","decl":{"start":{"line":177,"column":2},"end":{"line":177,"column":3}},"loc":{"start":{"line":177,"column":43},"end":{"line":190,"column":3}},"line":177},"12":{"name":"(anonymous_12)","decl":{"start":{"line":196,"column":2},"end":{"line":196,"column":3}},"loc":{"start":{"line":196,"column":36},"end":{"line":200,"column":3}},"line":196},"13":{"name":"(anonymous_13)","decl":{"start":{"line":207,"column":2},"end":{"line":207,"column":3}},"loc":{"start":{"line":207,"column":47},"end":{"line":244,"column":3}},"line":207},"14":{"name":"(anonymous_14)","decl":{"start":{"line":250,"column":2},"end":{"line":250,"column":3}},"loc":{"start":{"line":250,"column":34},"end":{"line":281,"column":3}},"line":250},"15":{"name":"(anonymous_15)","decl":{"start":{"line":289,"column":2},"end":{"line":289,"column":3}},"loc":{"start":{"line":289,"column":49},"end":{"line":302,"column":3}},"line":289},"16":{"name":"(anonymous_16)","decl":{"start":{"line":308,"column":2},"end":{"line":308,"column":3}},"loc":{"start":{"line":308,"column":37},"end":{"line":310,"column":3}},"line":308},"17":{"name":"(anonymous_17)","decl":{"start":{"line":317,"column":2},"end":{"line":317,"column":3}},"loc":{"start":{"line":317,"column":48},"end":{"line":346,"column":3}},"line":317},"18":{"name":"(anonymous_18)","decl":{"start":{"line":319,"column":30},"end":{"line":319,"column":31}},"loc":{"start":{"line":319,"column":40},"end":{"line":319,"column":158}},"line":319},"19":{"name":"(anonymous_19)","decl":{"start":{"line":321,"column":22},"end":{"line":321,"column":23}},"loc":{"start":{"line":321,"column":32},"end":{"line":321,"column":169}},"line":321},"20":{"name":"(anonymous_20)","decl":{"start":{"line":323,"column":25},"end":{"line":323,"column":26}},"loc":{"start":{"line":323,"column":35},"end":{"line":323,"column":171}},"line":323},"21":{"name":"(anonymous_21)","decl":{"start":{"line":325,"column":19},"end":{"line":325,"column":20}},"loc":{"start":{"line":325,"column":29},"end":{"line":325,"column":139}},"line":325},"22":{"name":"(anonymous_22)","decl":{"start":{"line":327,"column":19},"end":{"line":327,"column":20}},"loc":{"start":{"line":327,"column":29},"end":{"line":327,"column":109}},"line":327},"23":{"name":"(anonymous_23)","decl":{"start":{"line":329,"column":24},"end":{"line":329,"column":25}},"loc":{"start":{"line":329,"column":34},"end":{"line":329,"column":133}},"line":329},"24":{"name":"(anonymous_24)","decl":{"start":{"line":331,"column":23},"end":{"line":331,"column":24}},"loc":{"start":{"line":331,"column":33},"end":{"line":331,"column":146}},"line":331},"25":{"name":"(anonymous_25)","decl":{"start":{"line":351,"column":2},"end":{"line":351,"column":3}},"loc":{"start":{"line":351,"column":24},"end":{"line":357,"column":3}},"line":351},"26":{"name":"(anonymous_26)","decl":{"start":{"line":362,"column":2},"end":{"line":362,"column":3}},"loc":{"start":{"line":362,"column":21},"end":{"line":371,"column":3}},"line":362},"27":{"name":"(anonymous_27)","decl":{"start":{"line":376,"column":2},"end":{"line":376,"column":3}},"loc":{"start":{"line":376,"column":25},"end":{"line":391,"column":3}},"line":376}},"branchMap":{"0":{"loc":{"start":{"line":102,"column":28},"end":{"line":102,"column":40}},"type":"default-arg","locations":[{"start":{"line":102,"column":38},"end":{"line":102,"column":40}}],"line":102},"1":{"loc":{"start":{"line":117,"column":4},"end":{"line":119,"column":5}},"type":"if","locations":[{"start":{"line":117,"column":4},"end":{"line":119,"column":5}},{"start":{},"end":{}}],"line":117},"2":{"loc":{"start":{"line":149,"column":4},"end":{"line":151,"column":5}},"type":"if","locations":[{"start":{"line":149,"column":4},"end":{"line":151,"column":5}},{"start":{},"end":{}}],"line":149},"3":{"loc":{"start":{"line":154,"column":4},"end":{"line":164,"column":5}},"type":"if","locations":[{"start":{"line":154,"column":4},"end":{"line":164,"column":5}},{"start":{"line":156,"column":11},"end":{"line":164,"column":5}}],"line":154},"4":{"loc":{"start":{"line":156,"column":11},"end":{"line":164,"column":5}},"type":"if","locations":[{"start":{"line":156,"column":11},"end":{"line":164,"column":5}},{"start":{"line":158,"column":11},"end":{"line":164,"column":5}}],"line":156},"5":{"loc":{"start":{"line":158,"column":11},"end":{"line":164,"column":5}},"type":"if","locations":[{"start":{"line":158,"column":11},"end":{"line":164,"column":5}},{"start":{"line":160,"column":11},"end":{"line":164,"column":5}}],"line":158},"6":{"loc":{"start":{"line":160,"column":11},"end":{"line":164,"column":5}},"type":"if","locations":[{"start":{"line":160,"column":11},"end":{"line":164,"column":5}},{"start":{"line":162,"column":11},"end":{"line":164,"column":5}}],"line":160},"7":{"loc":{"start":{"line":189,"column":11},"end":{"line":189,"column":52}},"type":"binary-expr","locations":[{"start":{"line":189,"column":11},"end":{"line":189,"column":31}},{"start":{"line":189,"column":35},"end":{"line":189,"column":52}}],"line":189},"8":{"loc":{"start":{"line":197,"column":22},"end":{"line":197,"column":99}},"type":"binary-expr","locations":[{"start":{"line":197,"column":22},"end":{"line":197,"column":54}},{"start":{"line":197,"column":58},"end":{"line":197,"column":99}}],"line":197},"9":{"loc":{"start":{"line":211,"column":4},"end":{"line":220,"column":5}},"type":"if","locations":[{"start":{"line":211,"column":4},"end":{"line":220,"column":5}},{"start":{},"end":{}}],"line":211},"10":{"loc":{"start":{"line":211,"column":8},"end":{"line":211,"column":67}},"type":"binary-expr","locations":[{"start":{"line":211,"column":8},"end":{"line":211,"column":44}},{"start":{"line":211,"column":48},"end":{"line":211,"column":67}}],"line":211},"11":{"loc":{"start":{"line":223,"column":4},"end":{"line":230,"column":5}},"type":"if","locations":[{"start":{"line":223,"column":4},"end":{"line":230,"column":5}},{"start":{},"end":{}}],"line":223},"12":{"loc":{"start":{"line":223,"column":8},"end":{"line":223,"column":71}},"type":"binary-expr","locations":[{"start":{"line":223,"column":8},"end":{"line":223,"column":48}},{"start":{"line":223,"column":52},"end":{"line":223,"column":71}}],"line":223},"13":{"loc":{"start":{"line":233,"column":4},"end":{"line":241,"column":5}},"type":"if","locations":[{"start":{"line":233,"column":4},"end":{"line":241,"column":5}},{"start":{},"end":{}}],"line":233},"14":{"loc":{"start":{"line":233,"column":8},"end":{"line":233,"column":74}},"type":"binary-expr","locations":[{"start":{"line":233,"column":8},"end":{"line":233,"column":50}},{"start":{"line":233,"column":54},"end":{"line":233,"column":74}}],"line":233},"15":{"loc":{"start":{"line":254,"column":4},"end":{"line":257,"column":5}},"type":"if","locations":[{"start":{"line":254,"column":4},"end":{"line":257,"column":5}},{"start":{},"end":{}}],"line":254},"16":{"loc":{"start":{"line":259,"column":4},"end":{"line":262,"column":5}},"type":"if","locations":[{"start":{"line":259,"column":4},"end":{"line":262,"column":5}},{"start":{},"end":{}}],"line":259},"17":{"loc":{"start":{"line":264,"column":4},"end":{"line":267,"column":5}},"type":"if","locations":[{"start":{"line":264,"column":4},"end":{"line":267,"column":5}},{"start":{},"end":{}}],"line":264},"18":{"loc":{"start":{"line":270,"column":4},"end":{"line":278,"column":5}},"type":"if","locations":[{"start":{"line":270,"column":4},"end":{"line":278,"column":5}},{"start":{},"end":{}}],"line":270},"19":{"loc":{"start":{"line":299,"column":4},"end":{"line":301,"column":5}},"type":"if","locations":[{"start":{"line":299,"column":4},"end":{"line":301,"column":5}},{"start":{},"end":{}}],"line":299},"20":{"loc":{"start":{"line":308,"column":25},"end":{"line":308,"column":35}},"type":"default-arg","locations":[{"start":{"line":308,"column":33},"end":{"line":308,"column":35}}],"line":308},"21":{"loc":{"start":{"line":317,"column":32},"end":{"line":317,"column":46}},"type":"default-arg","locations":[{"start":{"line":317,"column":44},"end":{"line":317,"column":46}}],"line":317},"22":{"loc":{"start":{"line":335,"column":4},"end":{"line":343,"column":5}},"type":"if","locations":[{"start":{"line":335,"column":4},"end":{"line":343,"column":5}},{"start":{},"end":{}}],"line":335}},"s":{"0":0,"1":0,"2":0,"3":0,"4":0,"5":0,"6":0,"7":0,"8":0,"9":0,"10":0,"11":0,"12":0,"13":0,"14":0,"15":0,"16":0,"17":0,"18":0,"19":0,"20":0,"21":0,"22":0,"23":0,"24":0,"25":0,"26":0,"27":0,"28":0,"29":0,"30":0,"31":0,"32":0,"33":0,"34":0,"35":0,"36":0,"37":0,"38":0,"39":0,"40":0,"41":0,"42":0,"43":0,"44":0,"45":0,"46":0,"47":0,"48":0,"49":0,"50":0,"51":0,"52":0,"53":0,"54":0,"55":0,"56":0,"57":0,"58":0,"59":0,"60":0,"61":0,"62":0,"63":0,"64":0,"65":0,"66":0,"67":0,"68":0,"69":0,"70":0,"71":0,"72":0,"73":0,"74":0,"75":0,"76":0,"77":0,"78":0,"79":0,"80":0,"81":0,"82":0,"83":0,"84":0,"85":0,"86":0,"87":0,"88":0,"89":0,"90":0,"91":0,"92":0,"93":0,"94":0,"95":0,"96":0,"97":0,"98":0,"99":0},"f":{"0":0,"1":0,"2":0,"3":0,"4":0,"5":0,"6":0,"7":0,"8":0,"9":0,"10":0,"11":0,"12":0,"13":0,"14":0,"15":0,"16":0,"17":0,"18":0,"19":0,"20":0,"21":0,"22":0,"23":0,"24":0,"25":0,"26":0,"27":0},"b":{"0":[0],"1":[0,0],"2":[0,0],"3":[0,0],"4":[0,0],"5":[0,0],"6":[0,0],"7":[0,0],"8":[0,0],"9":[0,0],"10":[0,0],"11":[0,0],"12":[0,0],"13":[0,0],"14":[0,0],"15":[0,0],"16":[0,0],"17":[0,0],"18":[0,0],"19":[0,0],"20":[0],"21":[0],"22":[0,0]}}
,"/workspaces/ravis-adventure/src/game-engine.js": {"path":"/workspaces/ravis-adventure/src/game-engine.js","statementMap":{"0":{"start":{"line":1,"column":21},"end":{"line":1,"column":38}},"1":{"start":{"line":2,"column":17},"end":{"line":2,"column":36}},"2":{"start":{"line":3,"column":11},"end":{"line":3,"column":33}},"3":{"start":{"line":4,"column":13},"end":{"line":4,"column":28}},"4":{"start":{"line":5,"column":14},"end":{"line":5,"column":30}},"5":{"start":{"line":6,"column":22},"end":{"line":6,"column":49}},"6":{"start":{"line":7,"column":13},"end":{"line":7,"column":40}},"7":{"start":{"line":8,"column":21},"end":{"line":8,"column":41}},"8":{"start":{"line":12,"column":4},"end":{"line":12,"column":11}},"9":{"start":{"line":13,"column":4},"end":{"line":32,"column":5}},"10":{"start":{"line":34,"column":4},"end":{"line":34,"column":63}},"11":{"start":{"line":35,"column":4},"end":{"line":35,"column":48}},"12":{"start":{"line":36,"column":4},"end":{"line":36,"column":30}},"13":{"start":{"line":37,"column":4},"end":{"line":37,"column":46}},"14":{"start":{"line":38,"column":4},"end":{"line":38,"column":18}},"15":{"start":{"line":39,"column":4},"end":{"line":39,"column":32}},"16":{"start":{"line":41,"column":4},"end":{"line":41,"column":26}},"17":{"start":{"line":42,"column":4},"end":{"line":42,"column":30}},"18":{"start":{"line":47,"column":4},"end":{"line":53,"column":6}},"19":{"start":{"line":55,"column":4},"end":{"line":61,"column":6}},"20":{"start":{"line":63,"column":4},"end":{"line":69,"column":6}},"21":{"start":{"line":71,"column":4},"end":{"line":77,"column":6}},"22":{"start":{"line":80,"column":4},"end":{"line":85,"column":6}},"23":{"start":{"line":87,"column":4},"end":{"line":92,"column":6}},"24":{"start":{"line":94,"column":4},"end":{"line":99,"column":6}},"25":{"start":{"line":103,"column":4},"end":{"line":103,"column":53}},"26":{"start":{"line":104,"column":4},"end":{"line":104,"column":47}},"27":{"start":{"line":105,"column":4},"end":{"line":105,"column":45}},"28":{"start":{"line":106,"column":4},"end":{"line":106,"column":47}},"29":{"start":{"line":109,"column":4},"end":{"line":113,"column":6}},"30":{"start":{"line":110,"column":6},"end":{"line":112,"column":7}},"31":{"start":{"line":111,"column":8},"end":{"line":111,"column":25}},"32":{"start":{"line":117,"column":4},"end":{"line":117,"column":70}},"33":{"start":{"line":118,"column":4},"end":{"line":118,"column":64}},"34":{"start":{"line":119,"column":4},"end":{"line":119,"column":66}},"35":{"start":{"line":122,"column":4},"end":{"line":141,"column":5}},"36":{"start":{"line":123,"column":6},"end":{"line":123,"column":36}},"37":{"start":{"line":124,"column":6},"end":{"line":124,"column":112}},"38":{"start":{"line":126,"column":6},"end":{"line":129,"column":8}},"39":{"start":{"line":131,"column":6},"end":{"line":136,"column":8}},"40":{"start":{"line":132,"column":8},"end":{"line":134,"column":9}},"41":{"start":{"line":133,"column":10},"end":{"line":133,"column":31}},"42":{"start":{"line":135,"column":8},"end":{"line":135,"column":28}},"43":{"start":{"line":140,"column":6},"end":{"line":140,"column":26}},"44":{"start":{"line":145,"column":4},"end":{"line":151,"column":5}},"45":{"start":{"line":146,"column":6},"end":{"line":146,"column":27}},"46":{"start":{"line":147,"column":6},"end":{"line":147,"column":26}},"47":{"start":{"line":149,"column":6},"end":{"line":149,"column":80}},"48":{"start":{"line":150,"column":6},"end":{"line":150,"column":26}},"49":{"start":{"line":155,"column":4},"end":{"line":157,"column":5}},"50":{"start":{"line":156,"column":6},"end":{"line":156,"column":21}},"51":{"start":{"line":159,"column":4},"end":{"line":163,"column":6}},"52":{"start":{"line":166,"column":4},"end":{"line":166,"column":21}},"53":{"start":{"line":167,"column":4},"end":{"line":167,"column":23}},"54":{"start":{"line":169,"column":4},"end":{"line":169,"column":20}},"55":{"start":{"line":171,"column":4},"end":{"line":181,"column":6}},"56":{"start":{"line":172,"column":22},"end":{"line":172,"column":34}},"57":{"start":{"line":173,"column":6},"end":{"line":176,"column":7}},"58":{"start":{"line":174,"column":8},"end":{"line":174,"column":19}},"59":{"start":{"line":175,"column":8},"end":{"line":175,"column":14}},"60":{"start":{"line":178,"column":6},"end":{"line":178,"column":35}},"61":{"start":{"line":179,"column":6},"end":{"line":179,"column":23}},"62":{"start":{"line":180,"column":6},"end":{"line":180,"column":22}},"63":{"start":{"line":183,"column":4},"end":{"line":185,"column":6}},"64":{"start":{"line":184,"column":6},"end":{"line":184,"column":17}},"65":{"start":{"line":188,"column":4},"end":{"line":190,"column":13}},"66":{"start":{"line":189,"column":6},"end":{"line":189,"column":23}},"67":{"start":{"line":194,"column":4},"end":{"line":194,"column":37}},"68":{"start":{"line":195,"column":4},"end":{"line":195,"column":35}},"69":{"start":{"line":199,"column":28},"end":{"line":199,"column":94}},"70":{"start":{"line":200,"column":24},"end":{"line":200,"column":71}},"71":{"start":{"line":202,"column":4},"end":{"line":216,"column":5}},"72":{"start":{"line":204,"column":6},"end":{"line":215,"column":7}},"73":{"start":{"line":205,"column":8},"end":{"line":214,"column":9}},"74":{"start":{"line":206,"column":10},"end":{"line":206,"column":46}},"75":{"start":{"line":207,"column":30},"end":{"line":207,"column":69}},"76":{"start":{"line":208,"column":10},"end":{"line":211,"column":11}},"77":{"start":{"line":209,"column":12},"end":{"line":209,"column":38}},"78":{"start":{"line":210,"column":12},"end":{"line":210,"column":55}},"79":{"start":{"line":212,"column":10},"end":{"line":212,"column":29}},"80":{"start":{"line":213,"column":10},"end":{"line":213,"column":16}},"81":{"start":{"line":218,"column":4},"end":{"line":218,"column":69}},"82":{"start":{"line":219,"column":4},"end":{"line":219,"column":44}},"83":{"start":{"line":224,"column":4},"end":{"line":224,"column":84}},"84":{"start":{"line":227,"column":4},"end":{"line":229,"column":5}},"85":{"start":{"line":228,"column":6},"end":{"line":228,"column":31}},"86":{"start":{"line":233,"column":21},"end":{"line":233,"column":87}},"87":{"start":{"line":234,"column":4},"end":{"line":236,"column":5}},"88":{"start":{"line":235,"column":6},"end":{"line":235,"column":12}},"89":{"start":{"line":238,"column":4},"end":{"line":238,"column":57}},"90":{"start":{"line":239,"column":4},"end":{"line":239,"column":50}},"91":{"start":{"line":242,"column":4},"end":{"line":250,"column":5}},"92":{"start":{"line":243,"column":6},"end":{"line":243,"column":51}},"93":{"start":{"line":244,"column":6},"end":{"line":249,"column":8}},"94":{"start":{"line":245,"column":21},"end":{"line":245,"column":59}},"95":{"start":{"line":246,"column":8},"end":{"line":248,"column":9}},"96":{"start":{"line":247,"column":10},"end":{"line":247,"column":55}},"97":{"start":{"line":253,"column":4},"end":{"line":258,"column":5}},"98":{"start":{"line":254,"column":6},"end":{"line":254,"column":45}},"99":{"start":{"line":255,"column":6},"end":{"line":257,"column":8}},"100":{"start":{"line":256,"column":8},"end":{"line":256,"column":67}},"101":{"start":{"line":260,"column":4},"end":{"line":260,"column":17}},"102":{"start":{"line":264,"column":4},"end":{"line":270,"column":5}},"103":{"start":{"line":265,"column":6},"end":{"line":265,"column":62}},"104":{"start":{"line":266,"column":6},"end":{"line":266,"column":80}},"105":{"start":{"line":269,"column":6},"end":{"line":269,"column":69}},"106":{"start":{"line":274,"column":4},"end":{"line":291,"column":5}},"107":{"start":{"line":275,"column":19},"end":{"line":275,"column":59}},"108":{"start":{"line":276,"column":25},"end":{"line":276,"column":41}},"109":{"start":{"line":279,"column":6},"end":{"line":279,"column":80}},"110":{"start":{"line":280,"column":6},"end":{"line":280,"column":74}},"111":{"start":{"line":283,"column":6},"end":{"line":283,"column":74}},"112":{"start":{"line":285,"column":6},"end":{"line":285,"column":61}},"113":{"start":{"line":286,"column":6},"end":{"line":286,"column":77}},"114":{"start":{"line":287,"column":6},"end":{"line":287,"column":79}},"115":{"start":{"line":290,"column":6},"end":{"line":290,"column":50}},"116":{"start":{"line":295,"column":4},"end":{"line":302,"column":5}},"117":{"start":{"line":296,"column":17},"end":{"line":296,"column":30}},"118":{"start":{"line":297,"column":6},"end":{"line":299,"column":7}},"119":{"start":{"line":298,"column":8},"end":{"line":298,"column":36}},"120":{"start":{"line":301,"column":6},"end":{"line":301,"column":59}},"121":{"start":{"line":306,"column":4},"end":{"line":306,"column":75}},"122":{"start":{"line":308,"column":4},"end":{"line":308,"column":24}},"123":{"start":{"line":310,"column":4},"end":{"line":312,"column":5}},"124":{"start":{"line":311,"column":6},"end":{"line":311,"column":42}},"125":{"start":{"line":314,"column":4},"end":{"line":316,"column":5}},"126":{"start":{"line":315,"column":6},"end":{"line":315,"column":21}},"127":{"start":{"line":319,"column":4},"end":{"line":319,"column":21}},"128":{"start":{"line":321,"column":4},"end":{"line":323,"column":12}},"129":{"start":{"line":322,"column":6},"end":{"line":322,"column":21}},"130":{"start":{"line":327,"column":0},"end":{"line":327,"column":27}}},"fnMap":{"0":{"name":"(anonymous_0)","decl":{"start":{"line":11,"column":2},"end":{"line":11,"column":3}},"loc":{"start":{"line":11,"column":16},"end":{"line":43,"column":3}},"line":11},"1":{"name":"(anonymous_1)","decl":{"start":{"line":45,"column":2},"end":{"line":45,"column":3}},"loc":{"start":{"line":45,"column":20},"end":{"line":100,"column":3}},"line":45},"2":{"name":"(anonymous_2)","decl":{"start":{"line":102,"column":2},"end":{"line":102,"column":3}},"loc":{"start":{"line":102,"column":24},"end":{"line":114,"column":3}},"line":102},"3":{"name":"(anonymous_3)","decl":{"start":{"line":109,"column":20},"end":{"line":109,"column":21}},"loc":{"start":{"line":109,"column":26},"end":{"line":113,"column":5}},"line":109},"4":{"name":"(anonymous_4)","decl":{"start":{"line":116,"column":2},"end":{"line":116,"column":3}},"loc":{"start":{"line":116,"column":16},"end":{"line":142,"column":3}},"line":116},"5":{"name":"(anonymous_5)","decl":{"start":{"line":131,"column":29},"end":{"line":131,"column":30}},"loc":{"start":{"line":131,"column":47},"end":{"line":136,"column":7}},"line":131},"6":{"name":"(anonymous_6)","decl":{"start":{"line":144,"column":2},"end":{"line":144,"column":3}},"loc":{"start":{"line":144,"column":19},"end":{"line":152,"column":3}},"line":144},"7":{"name":"(anonymous_7)","decl":{"start":{"line":154,"column":2},"end":{"line":154,"column":3}},"loc":{"start":{"line":154,"column":18},"end":{"line":191,"column":3}},"line":154},"8":{"name":"(anonymous_8)","decl":{"start":{"line":171,"column":23},"end":{"line":171,"column":24}},"loc":{"start":{"line":171,"column":34},"end":{"line":181,"column":5}},"line":171},"9":{"name":"(an
[...]
,"end":{"line":145,"column":6}},"18":{"start":{"line":140,"column":6},"end":{"line":144,"column":7}},"19":{"start":{"line":141,"column":8},"end":{"line":141,"column":32}},"20":{"start":{"line":142,"column":8},"end":{"line":142,"column":27}},"21":{"start":{"line":143,"column":8},"end":{"line":143,"column":39}},"22":{"start":{"line":148,"column":4},"end":{"line":150,"column":5}},"23":{"start":{"line":149,"column":6},"end":{"line":149,"column":44}},"24":{"start":{"line":152,"column":4},"end":{"line":152,"column":23}},"25":{"start":{"line":156,"column":4},"end":{"line":156,"column":75}},"26":{"start":{"line":157,"column":4},"end":{"line":157,"column":54}},"27":{"start":{"line":160,"column":21},"end":{"line":165,"column":5}},"28":{"start":{"line":167,"column":20},"end":{"line":167,"column":73}},"29":{"start":{"line":168,"column":4},"end":{"line":168,"column":60}},"30":{"start":{"line":171,"column":4},"end":{"line":171,"column":40}},"31":{"start":{"line":172,"column":4},"end":{"line":172,"column":74}},"32":{"start":{"line":176,"column":4},"end":{"line":176,"column":73}},"33":{"start":{"line":177,"column":4},"end":{"line":177,"column":55}},"34":{"start":{"line":180,"column":4},"end":{"line":180,"column":27}},"35":{"start":{"line":183,"column":4},"end":{"line":183,"column":163}},"36":{"start":{"line":185,"column":4},"end":{"line":185,"column":70}},"37":{"start":{"line":186,"column":4},"end":{"line":186,"column":41}},"38":{"start":{"line":190,"column":29},"end":{"line":192,"column":13}},"39":{"start":{"line":191,"column":22},"end":{"line":191,"column":77}},"40":{"start":{"line":195,"column":4},"end":{"line":198,"column":5}},"41":{"start":{"line":196,"column":6},"end":{"line":196,"column":50}},"42":{"start":{"line":197,"column":6},"end":{"line":197,"column":57}},"43":{"start":{"line":200,"column":4},"end":{"line":202,"column":5}},"44":{"start":{"line":201,"column":6},"end":{"line":201,"column":59}},"45":{"start":{"line":206,"column":18},"end":{"line":206,"column":43}},"46":{"start":{"line":207,"column":4},"end":{"line":209,"column":5}},"47":{"start":{"line":208,"column":6},"end":{"line":208,"column":18}},"48":{"start":{"line":211,"column":4},"end":{"line":211,"column":61}},"49":{"start":{"line":211,"column":43},"end":{"line":211,"column":60}},"50":{"start":{"line":215,"column":18},"end":{"line":215,"column":53}},"51":{"start":{"line":216,"column":4},"end":{"line":218,"column":5}},"52":{"start":{"line":217,"column":6},"end":{"line":217,"column":15}},"53":{"start":{"line":220,"column":4},"end":{"line":226,"column":9}},"54":{"start":{"line":221,"column":25},"end":{"line":221,"column":43}},"55":{"start":{"line":222,"column":23},"end":{"line":226,"column":7}},"56":{"start":{"line":230,"column":4},"end":{"line":238,"column":9}},"57":{"start":{"line":231,"column":23},"end":{"line":231,"column":47}},"58":{"start":{"line":232,"column":21},"end":{"line":238,"column":7}},"59":{"start":{"line":242,"column":4},"end":{"line":259,"column":5}},"60":{"start":{"line":243,"column":6},"end":{"line":243,"column":33}},"61":{"start":{"line":244,"column":20},"end":{"line":244,"column":45}},"62":{"start":{"line":246,"column":6},"end":{"line":246,"column":71}},"63":{"start":{"line":247,"column":6},"end":{"line":247,"column":54}},"64":{"start":{"line":250,"column":25},"end":{"line":250,"column":52}},"65":{"start":{"line":251,"column":6},"end":{"line":256,"column":7}},"66":{"start":{"line":252,"column":8},"end":{"line":252,"column":61}},"67":{"start":{"line":253,"column":8},"end":{"line":255,"column":10}},"68":{"start":{"line":254,"column":10},"end":{"line":254,"column":59}},"69":{"start":{"line":258,"column":6},"end":{"line":258,"column":17}},"70":{"start":{"line":260,"column":4},"end":{"line":260,"column":16}},"71":{"start":{"line":264,"column":4},"end":{"line":264,"column":55}},"72":{"start":{"line":266,"column":29},"end":{"line":266,"column":55}},"73":{"start":{"line":268,"column":4},"end":{"line":288,"column":6}},"74":{"start":{"line":269,"column":19},"end":{"line":269,"column":70}},"75":{"start":{"line":270,"column":21},"end":{"line":270,"column":90}},"76":{"start":{"line":272,"column":6},"end":{"line":272,"column":69}},"77":{"start":{"line":273,"column":6},"end":{"line":273,"column":56}},"78":{"start":{"line":275,"column":6},"end":{"line":287,"column":7}},"79":{"start":{"line":276,"column":26},"end":{"line":276,"column":52}},"80":{"start":{"line":277,"column":30},"end":{"line":277,"column":55}},"81":{"start":{"line":278,"column":34},"end":{"line":278,"column":84}},"82":{"start":{"line":278,"column":65},"end":{"line":278,"column":76}},"83":{"start":{"line":280,"column":8},"end":{"line":280,"column":94}},"84":{"start":{"line":283,"column":27},"end":{"line":283,"column":54}},"85":{"start":{"line":284,"column":8},"end":{"line":286,"column":9}},"86":{"start":{"line":285,"column":10},"end":{"line":285,"column":74}},"87":{"start":{"line":291,"column":26},"end":{"line":292,"column":48}},"88":{"start":{"line":292,"column":23},"end":{"line":292,"column":47}},"89":{"start":{"line":294,"column":4},"end":{"line":299,"column":5}},"90":{"start":{"line":295,"column":6},"end":{"line":295,"column":53}},"91":{"start":{"line":296,"column":6},"end":{"line":298,"column":8}},"92":{"start":{"line":297,"column":8},"end":{"line":297,"column":76}},"93":{"start":{"line":301,"column":4},"end":{"line":301,"column":17}},"94":{"start":{"line":306,"column":4},"end":{"line":306,"column":32}},"95":{"start":{"line":311,"column":18},"end":{"line":311,"column":20}},"96":{"start":{"line":313,"column":4},"end":{"line":321,"column":5}},"97":{"start":{"line":314,"column":6},"end":{"line":320,"column":7}},"98":{"start":{"line":316,"column":49},"end":{"line":319,"column":9}},"99":{"start":{"line":323,"column":4},"end":{"line":323,"column":42}},"100":{"start":{"line":324,"column":4},"end":{"line":324,"column":16}},"101":{"start":{"line":329,"column":4},"end":{"line":331,"column":5}},"102":{"start":{"line":330,"column":6},"end":{"line":330,"column":12}},"103":{"start":{"line":333,"column":4},"end":{"line":333,"column":56}},"104":{"start":{"line":335,"column":4},"end":{"line":353,"column":5}},"105":{"start":{"line":336,"column":6},"end":{"line":338,"column":7}},"106":{"start":{"line":337,"column":8},"end":{"line":337,"column":16}},"107":{"start":{"line":340,"column":20},"end":{"line":340,"column":45}},"108":{"start":{"line":341,"column":6},"end":{"line":352,"column":7}},"109":{"start":{"line":342,"column":8},"end":{"line":342,"column":44}},"110":{"start":{"line":344,"column":8},"end":{"line":351,"column":9}},"111":{"start":{"line":345,"column":10},"end":{"line":350,"column":12}},"112":{"start":{"line":346,"column":28},"end":{"line":346,"column":78}},"113":{"start":{"line":346,"column":53},"end":{"line":346,"column":77}},"114":{"start":{"line":347,"column":12},"end":{"line":349,"column":13}},"115":{"start":{"line":348,"column":14},"end":{"line":348,"column":56}},"116":{"start":{"line":357,"column":0},"end":{"line":357,"column":29}}},"fnMap":{"0":{"name":"(anonymous_0)","decl":{"start":{"line":4,"column":2},"end":{"line":4,"column":3}},"loc":{"start":{"line":4,"column":26},"end":{"line":9,"column":3}},"line":4},"1":{"name":"(anonymous_1)","decl":{"start":{"line":11,"column":2},"end":{"line":11,"column":3}},"loc":{"start":{"line":11,"column":22},"end":{"line":128,"column":3}},"line":11},"2":{"name":"(anonymous_2)","decl":{"start":{"line":23,"column":19},"end":{"line":23,"column":20}},"loc":{"start":{"line":23,"column":25},"end":{"line":23,"column":73}},"line":23},"3":{"name":"(anonymous_3)","decl":{"start":{"line":30,"column":19},"end":{"line":30,"column":20}},"loc":{"start":{"line":30,"column":25},"end":{"line":30,"column":67}},"line":30},"4":{"name":"(anonymous_4)","decl":{"start":{"line":37,"column":19},"end":{"line":37,"column":20}},"loc":{"start":{"line":37,"column":25},"end":{"line":37,"column":83}},"line":37},"5":{"name":"(anonymous_5)","decl":{"start":{"line":130,"column":2},"end":{"line":130,"column":3}},"loc":{"start":{"line":130,"column":19},"end":{"line":153,"column":3}},"line":130},"6":{"name":"(anonymous_6)","decl":{"start":{"line":139,"column":38},"end":{"line":139,"column":39}},"loc":{"start":{"line":139,"column":49},"end":{"line":145,"column":5}},"line":139},"7":{"name":"(anonymous_7)","decl":{"start":{"line":155,"column":2},"end":{"line":155,"column":3}},"loc":{"start":{"line":155,"column":29},"end":{"line":173,"column":3}},"line":155},"8":{"name":"(anonymous_8)","decl":{"start":{"line":175,"column":2},"end":{"line":175,"column":3}},"loc":{"start":{"line":175,"column":25},"end":{"line":187,"column":3}},"line":175},"9":{"name":"(anonymous_9)","decl":{"start":{"line":189,"column":2},"end":{"line":189,"column":3}},"loc":{"start":{"line":189,"column":21},"end":{"line":203,"column":3}},"line":189},"10":{"name":"(anonymous_10)","decl":{"start":{"line":191,"column":14},"end":{"line":191,"column":15}},"loc":{"start":{"line":191,"column":22},"end":{"line":191,"column":77}},"line":191},"11":{"name":"(anonymous_11)","decl":{"start":{"line":205,"column":2},"end":{"line":205,"column":3}},"loc":{"start":{"line":205,"column":27},"end":{"line":212,"column":3}},"line":205},"12":{"name":"(anonymous_12)","decl":{"start":{"line":211,"column":32},"end":{"line":211,"column":33}},"loc":{"start":{"line":211,"column":43},"end":{"line":211,"column":60}},"line":211},"13":{"name":"(anonymous_13)","decl":{"start":{"line":214,"column":2},"end":{"line":214,"column":3}},"loc":{"start":{"line":214,"column":25},"end":{"line":227,"column":3}},"line":214},"14":{"name":"(anonymous_14)","decl":{"start":{"line":221,"column":14},"end":{"line":221,"column":15}},"loc":{"start":{"line":221,"column":25},"end":{"line":221,"column":43}},"line":221},"15":{"name":"(anonymous_15)","decl":{"start":{"line":222,"column":11},"end":{"line":222,"column":12}},"loc":{"start":{"line":222,"column":23},"end":{"line":226,"column":7}},"line":222},"16":{"name":"(anonymous_16)","decl":{"start":{"line":229,"column":2},"end":{"line":229,"column":3}},"loc":{"start":{"line":229,"column":24},"end":{"line":239,"column":3}},"line":229},"17":{"name":"(anonymous_17)","decl":{"start":{"line":231,"column":14},"end":{"line":231,"column":15}},"loc":{"start":{"line":231,"column":23},"end":{"line":231,"column":47}},"line":231},"18":{"name":"(anonymous_18)","decl":{"start":{"line":232,"column":11},"end":{"line":232,"column":12}},"loc":{"start":{"line":232,"column":21},"end":{"line":238,"column":7}},"line":232},"19":{"name":"(anonymous_19)","decl":{"start":{"line":241,"column":2},"end":{"line":241,"column":3}},"loc":{"start":{"line":241,"column":23},"end":{"line":261,"column":3}},"line":241},"20":{"name":"(anonymous_20)","decl":{"start":{"line":253,"column":27},"end":{"line":253,"column":28}},"loc":{"start":{"line":253,"column":34},"end":{"line":255,"column":9}},"line":253},"21":{"name":"(anonymous_21)","decl":{"start":{"line":263,"column":2},"end":{"line":263,"column":3}},"loc":{"start":{"line":263,"column":17},"end":{"line":302,"column":3}},"line":263},"22":{"name":"(anonymous_22)","decl":{"start":{"line":268,"column":29},"end":{"line":268,"column":30}},"loc":{"start":{"line":268,"column":38},"end":{"line":288,"column":5}},"line":268},"23":{"name":"(anonymous_23)","decl":{"start":{"line":278,"column":60},"end":{"line":278,"column":61}},"loc":{"start":{"line":278,"column":65},"end":{"line":278,"column":76}},"line":278},"24":{"name":"(anonymous_24)","decl":{"start":{"line":292,"column":14},"end":{"line":292,"column":15}},"loc":{"start":{"line":292,"column":23},"end":{"line":292,"column":47}},"line":292},"25":{"name":"(anonymous_25)","decl":{"start":{"line":296,"column":28},"end":{"line":296,"column":29}},"loc":{"start":{"line":296,"column":37},"end":{"line":298,"column":7}},"line":296},"26":{"name":"(anonymous_26)","decl":{"start":{"line":305,"column":2},"end":{"line":305,"column":3}},"loc":{"start":{"line":305,"column":18},"end":{"line":307,"column":3}},"line":305},"27":{"name":"(anonymous_27)","decl":{"start":{"line":310,"column":2},"end":{"line":310,"column":3}},"loc":{"start":{"line":310,"column":18},"end":{"line":325,"column":3}},"line":310},"28":{"name":"(anonymous_28)","decl":{"start":{"line":316,"column":37},"end":{"line":316,"column":38}},"loc":{"start":{"line":316,"column":49},"end":{"line":319,"column":9}},"line":316},"29":{"name":"(anonymous_29)","decl":{"start":{"line":328,"column":2},"end":{"line":328,"column":3}},"loc":{"start":{"line":328,"column":27},"end":{"line":354,"column":3}},"line":328},"30":{"name":"(anonymous_30)","decl":{"start":{"line":345,"column":38},"end":{"line":345,"column":39}},"loc":{"start":{"line":345,"column":54},"end":{"line":350,"column":11}},"line":345},"31":{"name":"(anonymous_31)","decl":{"start":{"line":346,"column":48},"end":{"line":346,"column":49}},"loc":{"start":{"line":346,"column":53},"end":{"line":346,"column":77}},"line":346}},"branchMap":{"0":{"loc":{"start":{"line":132,"column":4},"end":{"line":134,"column":5}},"type":"if","locations":[{"start":{"line":132,"column":4},"end":{"line":134,"column":5}},{"start":{},"end":{}}],"line":132},"1":{"loc":{"start":{"line":140,"column":6},"end":{"line":144,"column":7}},"type":"if","locations":[{"start":{"line":140,"column":6},"end":{"line":144,"column":7}},{"start":{},"end":{}}],"line":140},"2":{"loc":{"start":{"line":140,"column":10},"end":{"line":140,"column":68}},"type":"binary-expr","locations":[{"start":{"line":140,"column":10},"end":{"line":140,"column":28}},{"start":{"line":140,"column":32},"end":{"line":140,"column":47}},{"start":{"line":140,"column":51},"end":{"line":140,"column":68}}],"line":140},"3":{"loc":{"start":{"line":148,"column":4},"end":{"line":150,"column":5}},"type":"if","locations":[{"start":{"line":148,"column":4},"end":{"line":150,"column":5}},{"start":{},"end":{}}],"line":148},"4":{"loc":{"start":{"line":191,"column":22},"end":{"line":191,"column":77}},"type":"binary-expr","locations":[{"start":{"line":191,"column":22},"end":{"line":191,"column":47}},{"start":{"line":191,"column":51},"end":{"line":191,"column":77}}],"line":191},"5":{"loc":{"start":{"line":195,"column":4},"end":{"line":198,"column":5}},"type":"if","locations":[{"start":{"line":195,"column":4},"end":{"line":198,"column":5}},{"start":{},"end":{}}],"line":195},"6":{"loc":{"start":{"line":200,"column":4},"end":{"line":202,"column":5}},"type":"if","locations":[{"start":{"line":200,"column":4},"end":{"line":202,"column":5}},{"start":{},"end":{}}],"line":200},"7":{"loc":{"start":{"line":207,"column":4},"end":{"line":209,"column":5}},"type":"if","locations":[{"start":{"line":207,"column":4},"end":{"line":209,"column":5}},{"start":{},"end":{}}],"line":207},"8":{"loc":{"start":{"line":216,"column":4},"end":{"line":218,"column":5}},"type":"if","locations":[{"start":{"line":216,"column":4},"end":{"line":218,"column":5}},{"start":{},"end":{}}],"line":216},"9":{"loc":{"start":{"line":242,"column":4},"end":{"line":259,"column":5}},"type":"if","locations":[{"start":{"line":242,"column":4},"end":{"line":259,"column":5}},{"start":{},"end":{}}],"line":242},"10":{"loc":{"start":{"line":242,"column":8},"end":{"line":242,"column":81}},"type":"binary-expr","locations":[{"start":{"line":242,"column":8},"end":{"line":242,"column":33}},{"start":{"line":242,"column":37},"end":{"line":242,"column":81}}],"line":242},"11":{"loc":{"start":{"line":251,"column":6},"end":{"line":256,"column":7}},"type":"if","locations":[{"start":{"line":251,"column":6},"end":{"line":256,"column":7}},{"start":{},"end":{}}],"line":251},"12":{"loc":{"start":{"line":269,"column":19},"end":{"line":269,"column":70}},"type":"cond-expr","locations":[{"start":{"line":269,"column":37},"end":{"line":269,"column":40}},{"start":{"line":269,"column":43},"end":{"line":269,"column":70}}],"line":269},"13":{"loc":{"start":{"line":269,"column":43},"end":{"line":269,"column":70}},"type":"cond-expr","locations":[{"start":{"line":269,"column":59},"end":{"line":269,"column":63}},{"start":{"line":269,"column":66},"end":{"line":269,"column":70}}],"line":269},"14":{"loc":{"start":{"line":270,"column":21},"end":{"line":270,"column":90}},"type":"cond-expr","locations":[{"start":{"line":270,"column":39},"end":{"line":270,"column":49}},{"start":{"line":270,"column":52},"end":{"line":270,"column":90}}],"line":270},"15":{"loc":{"start":{"line":270,"column":52},"end":{"line":270,"column":90}},"type":"cond-expr","locations":[{"start":{"line":270,"column":68},"end":{"line":270,"column":76}},{"start":{"line":270,"column":79},"end":{"line":270,"column":90}}],"line":270},"16":{"loc":{"start":{"line":275,"column":6},"end":{"line":287,"column":7}},"type":"if","locations":[{"start":{"line":275,"column":6},"end":{"line":287,"column":7}},{"start":{},"end":{}}],"line":275},"17":{"loc":{"start":{"line":284,"column":8},"end":{"line":286,"column":9}},"type":"if","locations":[{"start":{"line":284,"column":8},"end":{"line":286,"column":9}},{"start":{},"end":{}}],"line":284},"18":{"loc":{"start":{"line":294,"column":4},"end":{"line":299,"column":5}},"type":"if","locations":[{"start":{"line":294,"column":4},"end":{"line":299,"column":5}},{"start":{},"end":{}}],"line":294},"19":{"loc":{"start":{"line":329,"column":4},"end":{"line":331,"column":5}},"type":"if","locations":[{"start":{"line":329,"column":4},"end":{"line":331,"column":5}},{"start":{},"end":{}}],"line":329},"20":{"loc":{"start":{"line":333,"column":24},"end":{"line":333,"column":56}},"type":"binary-expr","locations":[{"start":{"line":333,"column":24},"end":{"line":333,"column":42}},{"start":{"line":333,"column":46},"end":{"line":333,"column":56}}],"line":333},"21":{"loc":{"start":{"line":336,"column":6},"end":{"line":338,"column":7}},"type":"if","locations":[{"start":{"line":336,"column":6},"end":{"line":338,"column":7}},{"start":{},"end":{}}],"line":336},"22":{"loc":{"start":{"line":341,"column":6},"end":{"line":352,"column":7}},"type":"if","locations":[{"start":{"line":341,"column":6},"end":{"line":352,"column":7}},{"start":{},"end":{}}],"line":341},"23":{"loc":{"start":{"line":341,"column":10},"end":{"line":341,"column":29}},"type":"binary-expr","locations":[{"start":{"line":341,"column":10},"end":{"line":341,"column":15}},{"start":{"line":341,"column":19},"end":{"line":341,"column":29}}],"line":341},"24":{"loc":{"start":{"line":344,"column":8},"end":{"line":351,"column":9}},"type":"if","locations":[{"start":{"line":344,"column":8},"end":{"line":351,"column":9}},{"start":{},"end":{}}],"line":344},"25":{"loc":{"start":{"line":347,"column":12},"end":{"line":349,"column":13}},"type":"if","locations":[{"start":{"line":347,"column":12},"end":{"line":349,"column":13}},{"start":{},"end":{}}],"line":347}},"s":{"0":0,"1":0,"2":0,"3":0,"4":0,"5":0,"6":0,"7":0,"8":0,"9":0,"10":0,"11":0,"12":0,"13":0,"14":0,"15":0,"16":0,"17":0,"18":0,"19":0,"20":0,"21":0,"22":0,"23":0,"24":0,"25":0,"26":0,"27":0,"28":0,"29":0,"30":0,"31":0,"32":0,"33":0,"34":0,"35":0,"36":0,"37":0,"38":0,"39":0,"40":0,"41":0,"42":0,"43":0,"44":0,"45":0,"46":0,"47":0,"48":0,"49":0,"50":0,"51":0,"52":0,"53":0,"54":0,"55":0,"56":0,"57":0,"58":0,"59":0,"60":0,"61":0,"62":0,"63":0,"64":0,"65":0,"66":0,"67":0,"68":0,"69":0,"70":0,"71":0,"72":0,"73":0,"74":0,"75":0,"76":0,"77":0,"78":0,"79":0,"80":0,"81":0,"82":0,"83":0,"84":0,"85":0,"86":0,"87":0,"88":0,"89":0,"90":0,"91":0,"92":0,"93":0,"94":0,"95":0,"96":0,"97":0,"98":0,"99":0,"100":0,"101":0,"102":0,"103":0,"104":0,"105":0,"106":0,"107":0,"108":0,"109":0,"110":0,"111":0,"112":0,"113":0,"114":0,"115":0,"116":0},"f":{"0":0,"1":0,"2":0,"3":0,"4":0,"5":0,"6":0,"7":0,"8":0,"9":0,"10":0,"11":0,"12":0,"13":0,"14":0,"15":0,"16":0,"17":0,"18":0,"19":0,"20":0,"21":0,"22":0,"23":0,"24":0,"25":0,"26":0,"27":0,"28":0,"29":0,"30":0,"31":0},"b":{"0":[0,0],"1":[0,0],"2":[0,0,0],"3":[0,0],"4":[0,0],"5":[0,0],"6":[0,0],"7":[0,0],"8":[0,0],"9":[0,0],"10":[0,0],"11":[0,0],"12":[0,0],"13":[0,0],"14":[0,0],"15":[0,0],"16":[0,0],"17":[0,0],"18":[0,0],"19":[0,0],"20":[0,0],"21":[0,0],"22":[0,0],"23":[0,0],"24":[0,0],"25":[0,0]}}
}
