{"/workspaces/ravis-adventure2/product-foundry-20250124/src/achievement-system.js": {"path":"/workspaces/ravis-adventure2/product-foundry-20250124/src/achievement-system.js","statementMap":{"0":{"start":{"line":8,"column":4},"end":{"line":8,"column":33}},"1":{"start":{"line":9,"column":4},"end":{"line":9,"column":34}},"2":{"start":{"line":10,"column":4},"end":{"line":10,"column":42}},"3":{"start":{"line":11,"column":4},"end":{"line":11,"column":38}},"4":{"start":{"line":12,"column":4},"end":{"line":12,"column":33}},"5":{"start":{"line":13,"column":4},"end":{"line":13,"column":32}},"6":{"start":{"line":15,"column":4},"end":{"line":15,"column":34}},"7":{"start":{"line":16,"column":4},"end":{"line":16,"column":31}},"8":{"start":{"line":21,"column":4},"end":{"line":31,"column":7}},"9":{"start":{"line":33,"column":4},"end":{"line":43,"column":7}},"10":{"start":{"line":45,"column":4},"end":{"line":55,"column":7}},"11":{"start":{"line":58,"column":4},"end":{"line":68,"column":7}},"12":{"start":{"line":70,"column":4},"end":{"line":80,"column":7}},"13":{"start":{"line":82,"column":4},"end":{"line":92,"column":7}},"14":{"start":{"line":95,"column":4},"end":{"line":105,"column":7}},"15":{"start":{"line":107,"column":4},"end":{"line":117,"column":7}},"16":{"start":{"line":119,"column":4},"end":{"line":129,"column":7}},"17":{"start":{"line":132,"column":4},"end":{"line":142,"column":7}},"18":{"start":{"line":144,"column":4},"end":{"line":154,"column":7}},"19":{"start":{"line":156,"column":4},"end":{"line":166,"column":7}},"20":{"start":{"line":169,"column":4},"end":{"line":179,"column":7}},"21":{"start":{"line":181,"column":4},"end":{"line":191,"column":7}},"22":{"start":{"line":193,"column":4},"end":{"line":205,"column":7}},"23":{"start":{"line":208,"column":4},"end":{"line":218,"column":7}},"24":{"start":{"line":220,"column":4},"end":{"line":230,"column":7}},"25":{"start":{"line":233,"column":4},"end":{"line":243,"column":7}},"26":{"start":{"line":245,"column":4},"end":{"line":255,"column":7}},"27":{"start":{"line":259,"column":4},"end":{"line":263,"column":7}},"28":{"start":{"line":264,"column":4},"end":{"line":264,"column":50}},"29":{"start":{"line":269,"column":4},"end":{"line":271,"column":7}},"30":{"start":{"line":270,"column":6},"end":{"line":270,"column":41}},"31":{"start":{"line":274,"column":4},"end":{"line":276,"column":7}},"32":{"start":{"line":275,"column":6},"end":{"line":275,"column":42}},"33":{"start":{"line":279,"column":4},"end":{"line":281,"column":7}},"34":{"start":{"line":280,"column":6},"end":{"line":280,"column":45}},"35":{"start":{"line":285,"column":4},"end":{"line":291,"column":7}},"36":{"start":{"line":286,"column":6},"end":{"line":286,"column":52}},"37":{"start":{"line":286,"column":45},"end":{"line":286,"column":52}},"38":{"start":{"line":288,"column":6},"end":{"line":290,"column":7}},"39":{"start":{"line":289,"column":8},"end":{"line":289,"column":35}},"40":{"start":{"line":295,"column":4},"end":{"line":307,"column":5}},"41":{"start":{"line":297,"column":6},"end":{"line":303,"column":9}},"42":{"start":{"line":298,"column":8},"end":{"line":298,"column":54}},"43":{"start":{"line":298,"column":47},"end":{"line":298,"column":54}},"44":{"start":{"line":300,"column":8},"end":{"line":302,"column":9}},"45":{"start":{"line":301,"column":10},"end":{"line":301,"column":37}},"46":{"start":{"line":306,"column":6},"end":{"line":306,"column":46}},"47":{"start":{"line":312,"column":4},"end":{"line":318,"column":7}},"48":{"start":{"line":313,"column":6},"end":{"line":313,"column":52}},"49":{"start":{"line":313,"column":45},"end":{"line":313,"column":52}},"50":{"start":{"line":315,"column":6},"end":{"line":317,"column":7}},"51":{"start":{"line":316,"column":8},"end":{"line":316,"column":35}},"52":{"start":{"line":322,"column":4},"end":{"line":324,"column":5}},"53":{"start":{"line":323,"column":6},"end":{"line":323,"column":63}},"54":{"start":{"line":326,"column":4},"end":{"line":328,"column":5}},"55":{"start":{"line":327,"column":6},"end":{"line":327,"column":82}},"56":{"start":{"line":327,"column":46},"end":{"line":327,"column":80}},"57":{"start":{"line":330,"column":4},"end":{"line":333,"column":5}},"58":{"start":{"line":331,"column":20},"end":{"line":331,"column":72}},"59":{"start":{"line":332,"column":6},"end":{"line":332,"column":42}},"60":{"start":{"line":335,"column":4},"end":{"line":337,"column":5}},"61":{"start":{"line":336,"column":6},"end":{"line":336,"column":76}},"62":{"start":{"line":339,"column":4},"end":{"line":342,"column":5}},"63":{"start":{"line":340,"column":31},"end":{"line":340,"column":101}},"64":{"start":{"line":341,"column":6},"end":{"line":341,"column":49}},"65":{"start":{"line":344,"column":4},"end":{"line":349,"column":5}},"66":{"start":{"line":345,"column":6},"end":{"line":348,"column":9}},"67":{"start":{"line":346,"column":25},"end":{"line":346,"column":79}},"68":{"start":{"line":347,"column":8},"end":{"line":347,"column":29}},"69":{"start":{"line":351,"column":4},"end":{"line":351,"column":17}},"70":{"start":{"line":356,"column":4},"end":{"line":359,"column":5}},"71":{"start":{"line":357,"column":29},"end":{"line":357,"column":74}},"72":{"start":{"line":358,"column":6},"end":{"line":358,"column":52}},"73":{"start":{"line":361,"column":4},"end":{"line":364,"column":5}},"74":{"start":{"line":362,"column":24},"end":{"line":362,"column":68}},"75":{"start":{"line":363,"column":6},"end":{"line":363,"column":46}},"76":{"start":{"line":366,"column":4},"end":{"line":369,"column":5}},"77":{"start":{"line":367,"column":27},"end":{"line":367,"column":75}},"78":{"start":{"line":368,"column":6},"end":{"line":368,"column":65}},"79":{"start":{"line":371,"column":4},"end":{"line":371,"column":17}},"80":{"start":{"line":376,"column":24},"end":{"line":376,"column":53}},"81":{"start":{"line":377,"column":28},"end":{"line":377,"column":71}},"82":{"start":{"line":378,"column":4},"end":{"line":378,"column":64}},"83":{"start":{"line":381,"column":4},"end":{"line":387,"column":5}},"84":{"start":{"line":382,"column":27},"end":{"line":382,"column":75}},"85":{"start":{"line":383,"column":6},"end":{"line":383,"column":68}},"86":{"start":{"line":385,"column":24},"end":{"line":385,"column":68}},"87":{"start":{"line":386,"column":6},"end":{"line":386,"column":76}},"88":{"start":{"line":391,"column":24},"end":{"line":391,"column":60}},"89":{"start":{"line":392,"column":4},"end":{"line":394,"column":5}},"90":{"start":{"line":393,"column":6},"end":{"line":393,"column":19}},"91":{"start":{"line":396,"column":4},"end":{"line":396,"column":40}},"92":{"start":{"line":397,"column":4},"end":{"line":397,"column":49}},"93":{"start":{"line":399,"column":4},"end":{"line":403,"column":7}},"94":{"start":{"line":406,"column":4},"end":{"line":410,"column":7}},"95":{"start":{"line":413,"column":4},"end":{"line":413,"column":53}},"96":{"start":{"line":415,"column":4},"end":{"line":415,"column":16}},"97":{"start":{"line":419,"column":4},"end":{"line":420,"column":30}},"98":{"start":{"line":421,"column":4},"end":{"line":421,"column":59}},"99":{"start":{"line":422,"column":4},"end":{"line":422,"column":46}},"100":{"start":{"line":423,"column":4},"end":{"line":423,"column":63}},"101":{"start":{"line":425,"column":4},"end":{"line":430,"column":5}},"102":{"start":{"line":426,"column":6},"end":{"line":429,"column":15}},"103":{"start":{"line":427,"column":8},"end":{"line":428,"column":40}},"104":{"start":{"line":432,"column":4},"end":{"line":437,"column":5}},"105":{"start":{"line":433,"column":6},"end":{"line":436,"column":15}},"106":{"start":{"line":434,"column":8},"end":{"line":435,"column":38}},"107":{"start":{"line":439,"column":4},"end":{"line":440,"column":3}},"108":{"start":{"line":444,"column":18},"end":{"line":444,"column":40}},"109":{"start":{"line":445,"column":21},"end":{"line":445,"column":51}},"110":{"start":{"line":446,"column":23},"end":{"line":446,"column":59}},"111":{"start":{"line":448,"column":4},"end":{"line":453,"column":6}},"112":{"start":{"line":457,"column":4},"end":{"line":463,"column":10}},"113":{"start":{"line":458,"column":37},"end":{"line":458,"column":70}},"114":{"start":{"line":459,"column":35},"end":{"line":463,"column":7}},"115":{"start":{"line":467,"column":4},"end":{"line":472,"column":51}},"116":{"start":{"line":468,"column":18},"end":{"line":471,"column":7}},"117":{"start":{"line":472,"column":22},"end":{"line":472,"column":49}},"118":{"start":{"line":476,"column":4},"end":{"line":478,"column":17}},"119":{"start":{"line":482,"column":21},"end":{"line":482,"column":50}},"120":{"start":{"line":483,"column":29},"end":{"line":483,"column":31}},"121":{"start":{"line":485,"column":4},"end":{"line":494,"column":7}},"122":{"start":{"line":486,"column":35},"end":{"line":486,"column":75}},"123":{"start":{"line":487,"column":33},"end":{"line":487,"column":84}},"124":{"start":{"line":487,"column":66},"end":{"line":487,"column":76}},"125":{"start":{"line":489,"column":6},"end":{"line":493,"column":8}},"126":{"start":{"line":496,"column":31},"end":{"line":496,"column":59}},"127":{"start":{"line":498,"column":4},"end":{"line":504,"column":6}},"128":{"start":{"line":508,"column":25},"end":{"line":508,"column":69}},"129":{"start":{"line":509,"column":21},"end":{"line":509,"column":65}},"130":{"start":{"line":511,"column":4},"end":{"line":516,"column":7}},"131":{"start":{"line":512,"column":6},"end":{"line":512,"column":41}},"132":{"start":{"line":513,"column":6},"end":{"line":515,"column":7}},"133":{"start":{"line":514,"column":8},"end":{"line":514,"column":39}},"134":{"start":{"line":518,"column":4},"end":{"line":524,"column":8}},"135":{"start":{"line":518,"column":52},"end":{"line":524,"column":5}},"136":{"start":{"line":528,"column":28},"end":{"line":528,"column":30}},"137":{"start":{"line":529,"column":21},"end":{"line":529,"column":50}},"138":{"start":{"line":531,"column":4},"end":{"line":541,"column":5}},"139":{"start":{"line":532,"column":6},"end":{"line":532,"column":86}},"140":{"start":{"line":533,"column":11},"end":{"line":541,"column":5}},"141":{"start":{"line":534,"column":6},"end":{"line":534,"column":95}},"142":{"start":{"line":535,"column":11},"end":{"line":541,"column":5}},"143":{"start":{"line":536,"column":6},"end":{"line":536,"column":82}},"144":{"start":{"line":537,"column":11},"end":{"line":541,"column":5}},"145":{"start":{"line":538,"column":6},"end":{"line":538,"column":103}},"146":{"start":{"line":540,"column":6},"end":{"line":540,"column":102}},"147":{"start":{"line":544,"column":29},"end":{"line":544,"column":72}},"148":{"start":{"line":545,"column":4},"end":{"line":549,"column":7}},"149":{"start":{"line":546,"column":6},"end":{"line":548,"column":7}},"150":{"start":{"line":547,"column":8},"end":{"line":547,"column":86}},"151":{"start":{"line":551,"column":4},"end":{"line":551,"column":39}},"152":{"start":{"line":556,"column":27},"end":{"line":556,"column":72}},"153":{"start":{"line":557,"column":4},"end":{"line":557,"column":65}},"154":{"start":{"line":560,"column":4},"end":{"line":560,"column":78}},"155":{"start":{"line":565,"column":26},"end":{"line":565,"column":49}},"156":{"start":{"line":566,"column":4},"end":{"line":566,"column":55}},"157":{"start":{"line":569,"column":4},"end":{"line":581,"column":7}},"158":{"start":{"line":570,"column":6},"end":{"line":570,"column":52}},"159":{"start":{"line":570,"column":45},"end":{"line":570,"column":52}},"160":{"start":{"line":572,"column":6},"end":{"line":575,"column":7}},"161":{"start":{"line":574,"column":8},"end":{"line":574,"column":35}},"162":{"start":{"line":577,"column":6},"end":{"line":580,"column":7}},"163":{"start":{"line":579,"column":8},"end":{"line":579,"column":35}},"164":{"start":{"line":585,"column":0},"end":{"line":585,"column":35}}},"fnMap":{"0":{"name":"(anonymous_0)","decl":{"start":{"line":7,"column":2},"end":{"line":7,"column":3}},"loc":{"start":{"line":7,"column":26},"end":{"line":17,"column":3}},"line":7},"1":{"name":"(anonymous_1)","decl":{"start":{"line":19,"column":2},"end":{"line":19,"column":3}},"loc":{"start":{"line":19,"column":27},"end":{"line":256,"column":3}},"line":19},"2":{"name":"(anonymous_2)","decl":{"start":{"line":258,"column":2},"end":{"line":258,"column":3}},"loc":{"start":{"line":258,"column":38},"end":{"line":265,"column":3}},"line":258},"3":{"name":"(anonymous_3)","decl":{"start":{"line":267,"column":2},"end":{"line":267,"column":3}},"loc":{"start":{"line":267,"column":24},"end":{"line":282,"column":3}},"line":267},"4":{"name":"(anonymous_4)","decl":{"start":{"line":269,"column":37},"end":{"line":269,"column":38}},"loc":{"start":{"line":269,"column":48},"end":{"line":271,"column":5}},"line":269},"5":{"name":"(anonymous_5)","decl":{"start":{"line":274,"column":38},"end":{"line":274,"column":39}},"loc":{"start":{"line":274,"column":49},"end":{"line":276,"column":5}},"line":274},"6":{"name":"(anonymous_6)","decl":{"start":{"line":279,"column":38},"end":{"line":279,"column":39}},"loc":{"start":{"line":279,"column":50},"end":{"line":281,"column":5}},"line":279},"7":{"name":"(anonymous_7)","decl":{"start":{"line":284,"column":2},"end":{"line":284,"column":3}},"loc":{"start":{"line":284,"column":32},"end":{"line":292,"column":3}},"line":284},"8":{"name":"(anonymous_8)","decl":{"start":{"line":285,"column":30},"end":{"line":285,"column":31}},"loc":{"start":{"line":285,"column":51},"end":{"line":291,"column":5}},"line":285},"9":{"name":"(anonymous_9)","decl":{"start":{"line":294,"column":2},"end":{"line":294,"column":3}},"loc":{"start":{"line":294,"column":33},"end":{"line":308,"column":3}},"line":294},"10":{"name":"(anonymous_10)","decl":{"start":{"line":297,"column":32},"end":{"line":297,"column":33}},"loc":{"start":{"line":297,"column":53},"end":{"line":303,"column":7}},"line":297},"11":{"name":"(anonymous_11)","decl":{"start":{"line":310,"column":2},"end":{"line":310,"column":3}},"loc":{"start":{"line":310,"column":36},"end":{"line":319,"column":3}},"line":310},"12":{"name":"(anonymous_12)","decl":{"start":{"line":312,"column":30},"end":{"line":312,"column":31}},"loc":{"start":{"line":312,"column":51},"end":{"line":318,"column":5}},"line":312},"13":{"name":"(anonymous_13)","decl":{"start":{"line":321,"column":2},"end":{"line":321,"column":3}},"loc":{"start":{"line":321,"column":45},"end":{"line":352,"column":3}},"line":321},"14":{"name":"(anonymous_14)","decl":{"start":{"line":327,"column":38},"end":{"line":327,"column":39}},"loc":{"start":{"line":327,"column":46},"end":{"line":327,"column":80}},"line":327},"15":{"name":"(anonymous_15)","decl":{"start":{"line":345,"column":55},"end":{"line":345,"column":56}},"loc":{"start":{"line":345,"column":67},"end":{"line":348,"column":7}},"line":345},"16":{"name":"(anonymous_16)","decl":{"start":{"line":354,"column":2},"end":{"line":354,"column":3}},"loc":{"start":{"line":354,"column":47},"end":{"line":372,"column":3}},"line":354},"17":{"name":"(anonymous_17)","decl":{"start":{"line":374,"column":2},"end":{"line":374,"column":3}},"loc":{"start":{"line":374,"column":31},"end":{"line":388,"column":3}},"line":374},"18":{"name":"(anonymous_18)","decl":{"start":{"line":390,"column":2},"end":{"line":390,"column":3}},"loc":{"start":{"line":390,"column":35},"end":{"line":416,"column":3}},"line":390},"19":{"name":"(anonymous_19)","decl":{"start":{"line":418,"column":2},"end":{"line":418,"column":3}},"loc":{"start":{"line":418,"column":46},"end":{"line":441,"column":3}},"line":418},"20":{"name":"(anonymous_20)","decl":{"start":{"line":426,"column":17},"end":{"line":426,"column":18}},"loc":{"start":{"line":426,"column":23},"end":{"line":429,"column":7}},"line":426},"21":{"name":"(anonymous_21)","decl":{"start":{"line":433,"column":17},"end":{"line":433,"column":18}},"loc":{"start":{"line":433,"column":23},"end":{"line":436,"column":7}},"line":433},"22":{"name":"(anonymous_22)","decl":{"start":{"line":443,"column":2},"end":{"line":443,"column":3}},"loc":{"start":{"line":443,"column":27},"end":{"line":454,"column":3}},"line":443},"23":{"name":"(anonymous_23)","decl":{"start":{"line":456,"column":2},"end":{"line":456,"column":3}},"loc":{"start":{"line":456,"column":38},"end":{"line":464,"column":3}},"line":456},"24":{"name":"(anonymous_24)","decl":{"start":{"line":458,"column":14},"end":{"line":458,"column":15}},"loc":{"start":{"line":458,"column":37},"end":{"line":458,"column":70}},"line":458},"25":{"name":"(anonymous_25)","decl":{"start":{"line":459,"column":11},"end":{"line":459,"column":12}},"loc":{"start":{"line":459,"column":35},"end":{"line":463,"column":7}},"line":459},"26":{"name":"(anonymous_26)","decl":{"start":{"line":466,"column":2},"end":{"line":466,"column":3}},"loc":{"start":{"line":466,"column":28},"end":{"line":473,"column":3}},"line":466},"27":{"name":"(anonymous_27)","decl":{"start":{"line":468,"column":11},"end":{"line":468,"column":12}},"loc":{"start":{"line":468,"column":18},"end":{"line":471,"column":7}},"line":468},"28":{"name":"(anonymous_28)","decl":{"start":{"line":472,"column":12},"end":{"line":472,"column":13}},"loc":{"start":{"line":472,"column":22},"end":{"line":472,"column":49}},"line":472},"29":{"name":"(anonymous_29)","decl":{"start":{"line":475,"column":2},"end":{"line":475,"column":3}},"loc":{"start":{"line":475,"column":35},"end":{"line":479,"column":3}},"line":475},"30":{"name":"(anonymous_30)","decl":{"start":{"line":481,"column":2},"end":{"line":481,"column":3}},"loc":{"start":{"line":481,"column":30},"end":{"line":505,"column":3}},"line":481},"31":{"name":"(anonymous_31)","decl":{"start":{"line":485,"column":28},"end":{"line":485,"column":29}},"loc":{"start":{"line":485,"column":40},"end":{"line":494,"column":5}},"line":485},"32":{"name":"(anonymous_32)","decl":{"start":{"line":487,"column":61},"end":{"line":487,"column":62}},"loc":{"start":{"line":487,"column":66},"end":{"line":487,"column":76}},"line":487},"33":{"name":"(anonymous_33)","decl":{"start":{"line":507,"column":2},"end":{"line":507,"column":3}},"loc":{"start":{"line":507,"column":26},"end":{"line":525,"column":3}},"line":507},"34":{"name":"(anonymous_34)","decl":{"start":{"line":511,"column":30},"end":{"line":511,"column":31}},"loc":{"start":{"line":511,"column":51},"end":{"line":516,"column":5}},"line":511},"35":{"name":"(anonymous_35)","decl":{"start":{"line":518,"column":41},"end":{"line":518,"column":42}},"loc":{"start":{"line":518,"column":52},"end":{"line":524,"column":5}},"line":518},"36":{"name":"(anonymous_36)","decl":{"start":{"line":527,"column":2},"end":{"line":527,"column":3}},"loc":{"start":{"line":527,"column":34},"end":{"line":552,"column":3}},"line":527},"37":{"name":"(anonymous_37)","decl":{"start":{"line":545,"column":45},"end":{"line":545,"column":46}},"loc":{"start":{"line":545,"column":67},"end":{"line":549,"column":5}},"line":545},"38":{"name":"(anonymous_38)","decl":{"start":{"line":555,"column":2},"end":{"line":555,"column":3}},"loc":{"start":{"line":555,"column":31},"end":{"line":561,"column":3}},"line":555},"39":{"name":"(anonymous_39)","decl":{"start":{"line":564,"column":2},"end":{"line":564,"column":3}},"loc":{"start":{"line":564,"column":43},"end":{"line":582,"column":3}},"line":564},"40":{"name":"(anonymous_40)","decl":{"start":{"line":569,"column":30},"end":{"line":569,"column":31}},"loc":{"start":{"line":569,"column":51},"end":{"line":581,"column":5}},"line":569}},"branchMap":{"0":{"loc":{"start":{"line":286,"column":6},"end":{"line":286,"column":52}},"type":"if","locations":[{"start":{"line":286,"column":6},"end":{"line":286,"column":52}},{"start":{},"end":{}}],"line":286},"1":{"loc":{"start":{"line":288,"column":6},"end":{"line":290,"column":7}},"type":"if","locations":[{"start":{"line":288,"column":6},"end":{"line":290,"column":7}},{"start":{},"end":{}}],"line":288},"2":{"loc":{"start":{"line":295,"column":4},"end":{"line":307,"column":5}},"type":"if","locations":[{"start":{"line":295,"column":4},"end":{"line":307,"column":5}},{"start":{},"end":{}}],"line":295},"3":{"loc":{"start":{"line":298,"column":8},"end":{"line":298,"column":54}},"type":"if","locations":[{"start":{"line":298,"column":8},"end":{"line":298,"column":54}},{"start":{},"end":{}}],"line":298},"4":{"loc":{"start":{"line":300,"column":8},"end":{"line":302,"column":9}},"type":"if","locations":[{"start":{"line":300,"column":8},"end":{"line":302,"column":9}},{"start":{},"end":{}}],"line":300},"5":{"loc":{"start":{"line":313,"column":6},"end":{"line":313,"column":52}},"type":"if","locations":[{"start":{"line":313,"column":6},"end":{"line":313,"column":52}},{"start":{},"end":{}}],"line":313},"6":{"loc":{"start":{"line":315,"column":6},"end":{"line":317,"column":7}},"type":"if","locations":[{"start":{"line":315,"column":6},"end":{"line":317,"column":7}},{"start":{},"end":{}}],"line":315},"7":{"loc":{"start":{"line":321,"column":31},"end":{"line":321,"column":43}},"type":"default-arg","locations":[{"start":{"line":321,"column":41},"end":{"line":321,"column":43}}],"line":321},"8":{"loc":{"start":{"line":322,"column":4},"end":{"line":324,"column":5}},"type":"if","locations":[{"start":{"line":322,"column":4},"end":{"line":324,"column":5}},{"start":{},"end":{}}],"line":322},"9":{"loc":{"start":{"line":326,"column":4},"end":{"line":328,"column":5}},"type":"if","locations":[{"start":{"line":326,"column":4},"end":{"line":328,"column":5}},{"start":{},"end":{}}],"line":326},"10":{"loc":{"start":{"line":330,"column":4},"end":{"line":333,"column":5}},"type":"if","locations":[{"start":{"line":330,"column":4},"end":{"line":333,"column":5}},{"start":{},"end":{}}],"line":330},"11":{"loc":{"start":{"line":331,"column":20},"end":{"line":331,"column":72}},"type":"binary-expr","locations":[{"start":{"line":331,"column":20},"end":{"line":331,"column":67}},{"start":{"line":331,"column":71},"end":{"line":331,"column":72}}],"line":331},"12":{"loc":{"start":{"line":335,"column":4},"end":{"line":337,"column":5}},"type":"if","locations":[{"start":{"line":335,"column":4},"end":{"line":337,"column":5}},{"start":{},"end":{}}],"line":335},"13":{"loc":{"start":{"line":336,"column":13},"end":{"line":336,"column":75}},"type":"binary-expr","locations":[{"start":{"line":336,"column":13},"end":{"line":336,"column":27}},{"start":{"line":336,"column":31},"end":{"line":336,"column":75}}],"line":336},"14":{"loc":{"start":{"line":339,"column":4},"end":{"line":342,"column":5}},"type":"if","locations":[{"start":{"line":339,"column":4},"end":{"line":342,"column":5}},{"start":{},"end":{}}],"line":339},"15":{"loc":{"start":{"line":340,"column":31},"end":{"line":340,"column":101}},"type":"binary-expr","locations":[{"start":{"line":340,"column":31},"end":{"line":340,"column":96}},{"start":{"line":340,"column":100},"end":{"line":340,"column":101}}],"line":340},"16":{"loc":{"start":{"line":344,"column":4},"end":{"line":349,"column":5}},"type":"if","locations":[{"start":{"line":344,"column":4},"end":{"line":349,"column":5}},{"start":{},"end":{}}],"line":344},"17":{"loc":{"start":{"line":346,"column":25},"end":{"line":346,"column":79}},"type":"binary-expr","locations":[{"start":{"line":346,"column":25},"end":{"line":346,"column":74}},{"start":{"line":346,"column":78},"end":{"line":346,"column":79}}],"line":346},"18":{"loc":{"start":{"line":356,"column":4},"end":{"line":359,"column":5}},"type":"if","locations":[{"start":{"line":356,"column":4},"end":{"line":359,"column":5}},{"start":{},"end":{}}],"line":356},"19":{"loc":{"start":{"line":357,"column":29},"end":{"line":357,"column":74}},"type":"binary-expr","locations":[{"start":{"line":357,"column":29},"end":{"line":357,"column":69}},{"start":{"line":357,"column":73},"end":{"line":357,"column":74}}],"line":357},"20":{"loc":{"start":{"line":361,"column":4},"end":{"line":364,"column":5}},"type":"if","locations":[{"start":{"line":361,"column":4},"end":{"line":364,"column":5}},{"start":{},"end":{}}],"line":361},"21":{"loc":{"start":{"line":362,"column":24},"end":{"line":362,"column":68}},"type":"binary-expr","locations":[{"start":{"line":362,"column":24},"end":{"line":362,"column":63}},{"start":{"line":362,"column":67},"end":{"line":362,"column":68}}],"line":362},"22":{"loc":{"start":{"line":366,"column":4},"end":{"line":369,"column":5}},"type":"if","locations":[{"start":{"line":366,"column":4},"end":{"line":369,"column":5}},{"start":{},"end":{}}],"line":366},"23":{"loc":{"start":{"line":367,"column":27},"end":{"line":367,"column":75}},"type":"binary-expr","locations":[{"start":{"line":367,"column":27},"end":{"line":367,"column":70}},{"start":{"line":367,"column":74},"end":{"line":367,"column":75}}],"line":367},"24":{"loc":{"start":{"line":377,"column":28},"end":{"line":377,"column":71}},"type":"binary-expr","locations":[{"start":{"line":377,"column":28},"end":{"line":377,"column":66}},{"start":{"line":377,"column":70},"end":{"line":377,"column":71}}],"line":377},"25":{"loc":{"start":{"line":381,"column":4},"end":{"line":387,"column":5}},"type":"if","locations":[{"start":{"line":381,"column":4},"end":{"line":387,"column":5}},{"start":{"line":384,"column":11},"end":{"line":387,"column":5}}],"line":381},"26":{"loc":{"start":{"line":382,"column":27},"end":{"line":382,"column":75}},"type":"binary-expr","locations":[{"start":{"line":382,"column":27},"end":{"line":382,"column":70}},{"start":{"line":382,"column":74},"end":{"line":382,"column":75}}],"line":382},"27":{"loc":{"start":{"line":385,"column":24},"end":{"line":385,"column":68}},"type":"binary-expr","locations":[{"start":{"line":385,"column":24},"end":{"line":385,"column":63}},{"start":{"line":385,"column":67},"end":{"line":385,"column":68}}],"line":385},"28":{"loc":{"start":{"line":392,"column":4},"end":{"line":394,"column":5}},"type":"if","locations":[{"start":{"line":392,"column":4},"end":{"line":394,"column":5}},{"start":{},"end":{}}],"line":392},"29":{"loc":{"start":{"line":392,"column":8},"end":{"line":392,"column":68}},"type":"binary-expr","locations":[{"start":{"line":392,"column":8},"end":{"line":392,"column":20}},{"start":{"line":392,"column":24},"end":{"line":392,"column":68}}],"line":392},"30":{"loc":{"start":{"line":425,"column":4},"end":{"line":430,"column":5}},"type":"if","locations":[{"start":{"line":425,"column":4},"end":{"line":430,"column":5}},{"start":{},"end":{}}],"line":425},"31":{"loc":{"start":{"line":432,"column":4},"end":{"line":437,"column":5}},"type":"if","locations":[{"start":{"line":432,"column":4},"end":{"line":437,"column":5}},{"start":{},"end":{}}],"line":432},"32":{"loc":{"start":{"line":475,"column":24},"end":{"line":475,"column":33}},"type":"default-arg","locations":[{"start":{"line":475,"column":32},"end":{"line":475,"column":33}}],"line":475},"33":{"loc":{"start":{"line":513,"column":6},"end":{"line":515,"column":7}},"type":"if","locations":[{"start":{"line":513,"column":6},"end":{"line":515,"column":7}},{"start":{},"end":{}}],"line":513},"34":{"loc":{"start":{"line":522,"column":18},"end":{"line":523,"column":71}},"type":"cond-expr","locations":[{"start":{"line":523,"column":8},"end":{"line":523,"column":67}},{"start":{"line":523,"column":70},"end":{"line":523,"column":71}}],"line":522},"35":{"loc":{"start":{"line":531,"column":4},"end":{"line":541,"column":5}},"type":"if","locations":[{"start":{"line":531,"column":4},"end":{"line":541,"column":5}},{"start":{"line":533,"column":11},"end":{"line":541,"column":5}}],"line":531},"36":{"loc":{"start":{"line":533,"column":11},"end":{"line":541,"column":5}},"type":"if","locations":[{"start":{"line":533,"column":11},"end":{"line":541,"column":5}},{"start":{"line":535,"column":11},"end":{"line":541,"column":5}}],"line":533},"37":{"loc":{"start":{"line":535,"column":11},"end":{"line":541,"column":5}},"type":"if","locations":[{"start":{"line":535,"column":11},"end":{"line":541,"column":5}},{"start":{"line":537,"column":11},"end":{"line":541,"column":5}}],"line":535},"38":{"loc":{"start":{"line":537,"column":11},"end":{"line":541,"column":5}},"type":"if","locations":[{"start":{"line":537,"column":11},"end":{"line":541,"column":5}},{"start":{"line":539,"column":11},"end":{"line":541,"column":5}}],"line":537},"39":{"loc":{"start":{"line":546,"column":6},"end":{"line":548,"column":7}},"type":"if","locations":[{"start":{"line":546,"column":6},"end":{"line":548,"column":7}},{"start":{},"end":{}}],"line":546},"40":{"loc":{"start":{"line":556,"column":27},"end":{"line":556,"column":72}},"type":"binary-expr","locations":[{"start":{"line":556,"column":27},"end":{"line":556,"column":67}},{"start":{"line":556,"column":71},"end":{"line":556,"column":72}}],"line":556},"41":{"loc":{"start":{"line":570,"column":6},"end":{"line":570,"column":52}},"type":"if","locations":[{"start":{"line":570,"column":6},"end":{"line":570,"column":52}},{"start":{},"end":{}}],"line":570},"42":{"loc":{"start":{"line":572,"column":6},"end":{"line":575,"column":7}},"type":"if","locations":[{"start":{"line":572,"column":6},"end":{"line":575,"column":7}},{"start":{},"end":{}}],"line":572},"43":{"loc":{"start":{"line":572,"column":10},"end":{"line":573,"column":63}},"type":"binary-expr","locations":[{"start":{"line":572,"column":10},"end":{"line":572,"column":51}},{"start":{"line":573,"column":10},"end":{"line":573,"column":63}}],"line":572},"44":{"loc":{"start":{"line":577,"column":6},"end":{"line":580,"column":7}},"type":"if","locations":[{"start":{"line":577,"column":6},"end":{"line":580,"column":7}},{"start":{},"end":{}}],"line":577},"45":{"loc":{"start":{"line":577,"column":10},"end":{"line":578,"column":64}},"type":"binary-expr","locations":[{"start":{"line":577,"column":10},"end":{"line":577,"column":52}},{"start":{"line":578,"column":10},"end":{"line":578,"column":64}}],"line":577}},"s":{"0":0,"1":0,"2":0,"3":0,"4":0,"5":0,"6":0,"7":0,"8":0,"9":0,"10":0,"11":0,"12":0,"13":0,"14":0,"15":0,"16":0,"17":0,"18":0,"19":0,"20":0,"21":0,"22":0,"23":0,"24":0,"25":0,"26":0,"27":0,"28":0,"29":0,"30":0,"31":0,"32":0,"33":0,"34":0,"35":0,"36":0,"37":0,"38":0,"39":0,"40":0,"41":0,"42":0,"43":0,"44":0,"45":0,"46":0,"47":0,"48":0,"49":0,"50":0,"51":0,"52":0,"53":0,"54":0,"55":0,"56":0,"57":0,"58":0,"59":0,"60":0,"61":0,"62":0,"63":0,"64":0,"65":0,"66":0,"67":0,"68":0,"69":0,"70":0,"71":0,"72":0,"73":0,"74":0,"75":0,"76":0,"77":0,"78":0,"79":0,"80":0,"81":0,"82":0,"83":0,"84":0,"85":0,"86":0,"87":0,"88":0,"89":0,"90":0,"91":0,"92":0,"93":0,"94":0,"95":0,"96":0,"97":0,"98":0,"99":0,"100":0,"101":0,"102":0,"103":0,"104":0,"105":0,"106":0,"107":0,"108":0,"109":0,"110":0,"111":0,"112":0,"113":0,"114":0,"115":0,"116":0,"117":0,"118":0,"119":0,"120":0,"121":0,"122":0,"123":0,"124":0,"125":0,"126":0,"127":0,"128":0,"129":0,"130":0,"131":0,"132":0,"133":0,"134":0,"135":0,"136":0,"137":0,"138":0,"139":0,"140":0,"141":0,"142":0,"143":0,"144":0,"145":0,"146":0,"147":0,"148":0,"149":0,"150":0,"151":0,"152":0,"153":0,"154":0,"155":0,"156":0,"157":0,"158":0,"159":0,"160":0,"161":0,"162":0,"163":0,"164":0},"f":{"0":0,"1":0,"2":0,"3":0,"4":0,"5":0,"6":0,"7":0,"8":0,"9":0,"10":0,"11":0,"12":0,"13":0,"14":0,"15":0,"16":0,"17":0,"18":0,"19":0,"20":0,"21":0,"22":0,"23":0,"24":0,"25":0,"26":0,"27":0,"28":0,"29":0,"30":0,"31":0,"32":0,"33":0,"34":0,"35":0,"36":0,"37":0,"38":0,"39":0,"40":0},"b":{"0":[0,0],"1":[0,0],"2":[0,0],"3":[0,0],"4":[0,0],"5":[0,0],"6":[0,0],"7":[0],"8":[0,0],"9":[0,0],"10":[0,0],"11":[0,0],"12":[0,0],"13":[0,0],"14":[0,0],"15":[0,0],"16":[0,0],"17":[0,0],"18":[0,0],"19":[0,0],"20":[0,0],"21":[0,0],"22":[0,0],"23":[0,0],"24":[0,0],"25":[0,0],"26":[0,0],"27":[0,0],"28":[0,0],"29":[0,0],"30":[0,0],"31":[0,0],"32":[0],"33":[0,0],"34":[0,0],"35":[0,0],"36":[0,0],"37":[0,0],"38":[0,0],"39":[0,0],"40":[0,0],"41":[0,0],"42":[0,0],"43":[0,0],"44":[0,0],"45":[0,0]}}
,"/workspaces/ravis-adventure2/product-foundry-20250124/src/command-parser-sync.js": {"path":"/workspaces/ravis-adventure2/product-foundry-20250124/src/command-parser-sync.js","statementMap":{"0":{"start":{"line":1,"column":14},"end":{"line":1,"column":30}},"1":{"start":{"line":5,"column":4},"end":{"line":5,"column":32}},"2":{"start":{"line":6,"column":4},"end":{"line":6,"column":29}},"3":{"start":{"line":7,"column":4},"end":{"line":7,"column":28}},"4":{"start":{"line":8,"column":4},"end":{"line":8,"column":161}},"5":{"start":{"line":9,"column":4},"end":{"line":9,"column":24}},"6":{"start":{"line":10,"column":4},"end":{"line":10,"column":23}},"7":{"start":{"line":15,"column":4},"end":{"line":15,"column":80}},"8":{"start":{"line":16,"column":4},"end":{"line":16,"column":85}},"9":{"start":{"line":17,"column":4},"end":{"line":17,"column":86}},"10":{"start":{"line":18,"column":4},"end":{"line":18,"column":82}},"11":{"start":{"line":19,"column":4},"end":{"line":19,"column":78}},"12":{"start":{"line":20,"column":4},"end":{"line":20,"column":92}},"13":{"start":{"line":23,"column":4},"end":{"line":23,"column":94}},"14":{"start":{"line":24,"column":4},"end":{"line":24,"column":79}},"15":{"start":{"line":27,"column":4},"end":{"line":27,"column":96}},"16":{"start":{"line":28,"column":4},"end":{"line":28,"column":79}},"17":{"start":{"line":29,"column":4},"end":{"line":29,"column":81}},"18":{"start":{"line":32,"column":4},"end":{"line":32,"column":69}},"19":{"start":{"line":33,"column":4},"end":{"line":33,"column":81}},"20":{"start":{"line":34,"column":4},"end":{"line":34,"column":98}},"21":{"start":{"line":37,"column":4},"end":{"line":37,"column":80}},"22":{"start":{"line":38,"column":4},"end":{"line":38,"column":79}},"23":{"start":{"line":43,"column":4},"end":{"line":43,"column":30}},"24":{"start":{"line":44,"column":4},"end":{"line":44,"column":35}},"25":{"start":{"line":45,"column":4},"end":{"line":45,"column":30}},"26":{"start":{"line":46,"column":4},"end":{"line":46,"column":34}},"27":{"start":{"line":47,"column":4},"end":{"line":47,"column":34}},"28":{"start":{"line":48,"column":4},"end":{"line":48,"column":33}},"29":{"start":{"line":49,"column":4},"end":{"line":49,"column":33}},"30":{"start":{"line":52,"column":4},"end":{"line":52,"column":37}},"31":{"start":{"line":53,"column":4},"end":{"line":53,"column":38}},"32":{"start":{"line":54,"column":4},"end":{"line":54,"column":38}},"33":{"start":{"line":55,"column":4},"end":{"line":55,"column":36}},"34":{"start":{"line":56,"column":4},"end":{"line":56,"column":36}},"35":{"start":{"line":57,"column":4},"end":{"line":57,"column":32}},"36":{"start":{"line":58,"column":4},"end":{"line":58,"column":35}},"37":{"start":{"line":62,"column":4},"end":{"line":65,"column":6}},"38":{"start":{"line":69,"column":4},"end":{"line":72,"column":5}},"39":{"start":{"line":70,"column":6},"end":{"line":70,"column":66}},"40":{"start":{"line":71,"column":6},"end":{"line":71,"column":17}},"41":{"start":{"line":73,"column":4},"end":{"line":73,"column":16}},"42":{"start":{"line":77,"column":4},"end":{"line":77,"column":51}},"43":{"start":{"line":81,"column":4},"end":{"line":81,"column":32}},"44":{"start":{"line":85,"column":4},"end":{"line":85,"column":61}},"45":{"start":{"line":89,"column":4},"end":{"line":89,"column":34}},"46":{"start":{"line":94,"column":4},"end":{"line":101,"column":5}},"47":{"start":{"line":95,"column":6},"end":{"line":100,"column":7}},"48":{"start":{"line":103,"column":4},"end":{"line":110,"column":5}},"49":{"start":{"line":104,"column":6},"end":{"line":109,"column":7}},"50":{"start":{"line":112,"column":20},"end":{"line":112,"column":32}},"51":{"start":{"line":115,"column":4},"end":{"line":122,"column":5}},"52":{"start":{"line":116,"column":6},"end":{"line":121,"column":7}},"53":{"start":{"line":125,"column":25},"end":{"line":125,"column":46}},"54":{"start":{"line":126,"column":4},"end":{"line":131,"column":5}},"55":{"start":{"line":127,"column":6},"end":{"line":130,"column":7}},"56":{"start":{"line":128,"column":8},"end":{"line":128,"column":63}},"57":{"start":{"line":129,"column":8},"end":{"line":129,"column":13}},"58":{"start":{"line":133,"column":18},"end":{"line":133,"column":45}},"59":{"start":{"line":134,"column":20},"end":{"line":134,"column":28}},"60":{"start":{"line":135,"column":17},"end":{"line":135,"column":31}},"61":{"start":{"line":137,"column":20},"end":{"line":137,"column":46}},"62":{"start":{"line":139,"column":4},"end":{"line":144,"column":5}},"63":{"start":{"line":149,"column":19},"end":{"line":149,"column":43}},"64":{"start":{"line":151,"column":4},"end":{"line":156,"column":5}},"65":{"start":{"line":152,"column":6},"end":{"line":155,"column":7}},"66":{"start":{"line":158,"column":4},"end":{"line":169,"column":5}},"67":{"start":{"line":159,"column":21},"end":{"line":159,"column":89}},"68":{"start":{"line":160,"column":6},"end":{"line":163,"column":7}},"69":{"start":{"line":165,"column":6},"end":{"line":168,"column":7}},"70":{"start":{"line":173,"column":21},"end":{"line":173,"column":65}},"71":{"start":{"line":175,"column":4},"end":{"line":177,"column":5}},"72":{"start":{"line":176,"column":6},"end":{"line":176,"column":86}},"73":{"start":{"line":179,"column":4},"end":{"line":179,"column":21}},"74":{"start":{"line":180,"column":4},"end":{"line":180,"column":71}},"75":{"start":{"line":181,"column":4},"end":{"line":181,"column":90}},"76":{"start":{"line":182,"column":4},"end":{"line":182,"column":21}},"77":{"start":{"line":184,"column":4},"end":{"line":184,"column":30}},"78":{"start":{"line":188,"column":18},"end":{"line":188,"column":48}},"79":{"start":{"line":189,"column":23},"end":{"line":195,"column":5}},"80":{"start":{"line":197,"column":4},"end":{"line":199,"column":5}},"81":{"start":{"line":198,"column":6},"end":{"line":198,"column":94}},"82":{"start":{"line":201,"column":4},"end":{"line":201,"column":23}},"83":{"start":{"line":202,"column":4},"end":{"line":202,"column":32}},"84":{"start":{"line":206,"column":18},"end":{"line":206,"column":48}},"85":{"start":{"line":208,"column":4},"end":{"line":210,"column":5}},"86":{"start":{"line":209,"column":6},"end":{"line":209,"column":58}},"87":{"start":{"line":212,"column":26},"end":{"line":218,"column":5}},"88":{"start":{"line":215,"column":8},"end":{"line":215,"column":46}},"89":{"start":{"line":220,"column":4},"end":{"line":220,"column":35}},"90":{"start":{"line":224,"column":18},"end":{"line":224,"column":50}},"91":{"start":{"line":226,"column":22},"end":{"line":232,"column":5}},"92":{"start":{"line":234,"column":4},"end":{"line":234,"column":31}},"93":{"start":{"line":238,"column":20},"end":{"line":238,"column":46}},"94":{"start":{"line":239,"column":4},"end":{"line":239,"column":83}},"95":{"start":{"line":243,"column":21},"end":{"line":243,"column":57}},"96":{"start":{"line":246,"column":25},"end":{"line":251,"column":5}},"97":{"start":{"line":253,"column":24},"end":{"line":253,"column":98}},"98":{"start":{"line":255,"column":4},"end":{"line":255,"column":51}},"99":{"start":{"line":259,"column":4},"end":{"line":261,"column":5}},"100":{"start":{"line":260,"column":6},"end":{"line":260,"column":85}},"101":{"start":{"line":263,"column":22},"end":{"line":263,"column":36}},"102":{"start":{"line":266,"column":23},"end":{"line":271,"column":5}},"103":{"start":{"line":273,"column":28},"end":{"line":273,"column":64}},"104":{"start":{"line":274,"column":26},"end":{"line":274,"column":59}},"105":{"start":{"line":276,"column":4},"end":{"line":286,"column":5}},"106":{"start":{"line":277,"column":6},"end":{"line":277,"column":69}},"107":{"start":{"line":279,"column":6},"end":{"line":281,"column":7}},"108":{"start":{"line":280,"column":8},"end":{"line":280,"column":61}},"109":{"start":{"line":283,"column":6},"end":{"line":283,"column":80}},"110":{"start":{"line":285,"column":6},"end":{"line":285,"column":123}},"111":{"start":{"line":290,"column":4},"end":{"line":292,"column":5}},"112":{"start":{"line":291,"column":6},"end":{"line":291,"column":58}},"113":{"start":{"line":293,"column":4},"end":{"line":293,"column":59}},"114":{"start":{"line":297,"column":4},"end":{"line":299,"column":5}},"115":{"start":{"line":298,"column":6},"end":{"line":298,"column":81}},"116":{"start":{"line":301,"column":4},"end":{"line":304,"column":5}},"117":{"start":{"line":302,"column":23},"end":{"line":302,"column":45}},"118":{"start":{"line":303,"column":6},"end":{"line":303,"column":63}},"119":{"start":{"line":306,"column":4},"end":{"line":306,"column":55}},"120":{"start":{"line":310,"column":4},"end":{"line":312,"column":5}},"121":{"start":{"line":311,"column":6},"end":{"line":311,"column":81}},"122":{"start":{"line":314,"column":4},"end":{"line":317,"column":5}},"123":{"start":{"line":315,"column":22},"end":{"line":315,"column":44}},"124":{"start":{"line":316,"column":6},"end":{"line":316,"column":67}},"125":{"start":{"line":319,"column":4},"end":{"line":319,"column":56}},"126":{"start":{"line":323,"column":4},"end":{"line":325,"column":5}},"127":{"start":{"line":324,"column":6},"end":{"line":324,"column":51}},"128":{"start":{"line":327,"column":17},"end":{"line":327,"column":31}},"129":{"start":{"line":330,"column":27},"end":{"line":334,"column":5}},"130":{"start":{"line":336,"column":28},"end":{"line":336,"column":64}},"131":{"start":{"line":337,"column":18},"end":{"line":337,"column":55}},"132":{"start":{"line":339,"column":4},"end":{"line":344,"column":5}},"133":{"start":{"line":340,"column":6},"end":{"line":340,"column":42}},"134":{"start":{"line":341,"column":6},"end":{"line":341,"column":51}},"135":{"start":{"line":343,"column":6},"end":{"line":343,"column":60}},"136":{"start":{"line":348,"column":4},"end":{"line":350,"column":5}},"137":{"start":{"line":349,"column":6},"end":{"line":349,"column":50}},"138":{"start":{"line":352,"column":17},"end":{"line":352,"column":31}},"139":{"start":{"line":353,"column":18},"end":{"line":353,"column":48}},"140":{"start":{"line":355,"column":4},"end":{"line":357,"column":5}},"141":{"start":{"line":356,"column":6},"end":{"line":356,"column":69}},"142":{"start":{"line":360,"column":24},"end":{"line":364,"column":5}},"143":{"start":{"line":366,"column":19},"end":{"line":366,"column":96}},"144":{"start":{"line":368,"column":4},"end":{"line":376,"column":5}},"145":{"start":{"line":369,"column":6},"end":{"line":375,"column":8}},"146":{"start":{"line":378,"column":4},"end":{"line":378,"column":36}},"147":{"start":{"line":382,"column":4},"end":{"line":384,"column":5}},"148":{"start":{"line":383,"column":6},"end":{"line":383,"column":30}},"149":{"start":{"line":386,"column":17},"end":{"line":386,"column":31}},"150":{"start":{"line":389,"column":25},"end":{"line":393,"column":5}},"151":{"start":{"line":395,"column":24},"end":{"line":395,"column":114}},"152":{"start":{"line":397,"column":4},"end":{"line":397,"column":42}},"153":{"start":{"line":401,"column":4},"end":{"line":412,"column":17}},"154":{"start":{"line":416,"column":18},"end":{"line":416,"column":48}},"155":{"start":{"line":417,"column":4},"end":{"line":417,"column":77}},"156":{"start":{"line":421,"column":0},"end":{"line":421,"column":34}}},"fnMap":{"0":{"name":"(anonymous_0)","decl":{"start":{"line":4,"column":2},"end":{"line":4,"column":3}},"loc":{"start":{"line":4,"column":26},"end":{"line":11,"column":3}},"line":4},"1":{"name":"(anonymous_1)","decl":{"start":{"line":13,"column":2},"end":{"line":13,"column":3}},"loc":{"start":{"line":13,"column":18},"end":{"line":39,"column":3}},"line":13},"2":{"name":"(anonymous_2)","decl":{"start":{"line":41,"column":2},"end":{"line":41,"column":3}},"loc":{"start":{"line":41,"column":17},"end":{"line":59,"column":3}},"line":41},"3":{"name":"(anonymous_3)","decl":{"start":{"line":61,"column":2},"end":{"line":61,"column":3}},"loc":{"start":{"line":61,"column":41},"end":{"line":66,"column":3}},"line":61},"4":{"name":"(anonymous_4)","decl":{"start":{"line":68,"column":2},"end":{"line":68,"column":3}},"loc":{"start":{"line":68,"column":27},"end":{"line":74,"column":3}},"line":68},"5":{"name":"(anonymous_5)","decl":{"start":{"line":76,"column":2},"end":{"line":76,"column":3}},"loc":{"start":{"line":76,"column":21},"end":{"line":78,"column":3}},"line":76},"6":{"name":"(anonymous_6)","decl":{"start":{"line":80,"column":2},"end":{"line":80,"column":3}},"loc":{"start":{"line":80,"column":18},"end":{"line":82,"column":3}},"line":80},"7":{"name":"(anonymous_7)","decl":{"start":{"line":84,"column":2},"end":{"line":84,"column":3}},"loc":{"start":{"line":84,"column":26},"end":{"line":86,"column":3}},"line":84},"8":{"name":"(anonymous_8)","decl":{"start":{"line":88,"column":2},"end":{"line":88,"column":3}},"loc":{"start":{"line":88,"column":21},"end":{"line":90,"column":3}},"line":88},"9":{"name":"(anonymous_9)","decl":{"start":{"line":92,"column":2},"end":{"line":92,"column":3}},"loc":{"start":{"line":92,"column":22},"end":{"line":145,"column":3}},"line":92},"10":{"name":"(anonymous_10)","decl":{"start":{"line":148,"column":2},"end":{"line":148,"column":3}},"loc":{"start":{"line":148,"column":24},"end":{"line":170,"column":3}},"line":148},"11":{"name":"(anonymous_11)","decl":{"start":{"line":172,"column":2},"end":{"line":172,"column":3}},"loc":{"start":{"line":172,"column":13},"end":{"line":185,"column":3}},"line":172},"12":{"name":"(anonymous_12)","decl":{"start":{"line":187,"column":2},"end":{"line":187,"column":3}},"loc":{"start":{"line":187,"column":15},"end":{"line":203,"column":3}},"line":187},"13":{"name":"(anonymous_13)","decl":{"start":{"line":205,"column":2},"end":{"line":205,"column":3}},"loc":{"start":{"line":205,"column":18},"end":{"line":221,"column":3}},"line":205},"14":{"name":"(anonymous_14)","decl":{"start":{"line":214,"column":29},"end":{"line":214,"column":30}},"loc":{"start":{"line":215,"column":8},"end":{"line":215,"column":46}},"line":215},"15":{"name":"(anonymous_15)","decl":{"start":{"line":223,"column":2},"end":{"line":223,"column":3}},"loc":{"start":{"line":223,"column":14},"end":{"line":235,"column":3}},"line":223},"16":{"name":"(anonymous_16)","decl":{"start":{"line":237,"column":2},"end":{"line":237,"column":3}},"loc":{"start":{"line":237,"column":13},"end":{"line":240,"column":3}},"line":237},"17":{"name":"(anonymous_17)","decl":{"start":{"line":242,"column":2},"end":{"line":242,"column":3}},"loc":{"start":{"line":242,"column":15},"end":{"line":256,"column":3}},"line":242},"18":{"name":"(anonymous_18)","decl":{"start":{"line":258,"column":2},"end":{"line":258,"column":3}},"loc":{"start":{"line":258,"column":19},"end":{"line":287,"column":3}},"line":258},"19":{"name":"(anonymous_19)","decl":{"start":{"line":289,"column":2},"end":{"line":289,"column":3}},"loc":{"start":{"line":289,"column":20},"end":{"line":294,"column":3}},"line":289},"20":{"name":"(anonymous_20)","decl":{"start":{"line":296,"column":2},"end":{"line":296,"column":3}},"loc":{"start":{"line":296,"column":32},"end":{"line":307,"column":3}},"line":296},"21":{"name":"(anonymous_21)","decl":{"start":{"line":309,"column":2},"end":{"line":309,"column":3}},"loc":{"start":{"line":309,"column":33},"end":{"line":320,"column":3}},"line":309},"22":{"name":"(anonymous_22)","decl":{"start":{"line":322,"column":2},"end":{"line":322,"column":3}},"loc":{"start":{"line":322,"column":17},"end":{"line":345,"column":3}},"line":322},"23":{"name":"(anonymous_23)","decl":{"start":{"line":347,"column":2},"end":{"line":347,"column":3}},"loc":{"start":{"line":347,"column":16},"end":{"line":379,"column":3}},"line":347},"24":{"name":"(anonymous_24)","decl":{"start":{"line":381,"column":2},"end":{"line":381,"column":3}},"loc":{"start":{"line":381,"column":20},"end":{"line":398,"column":3}},"line":381},"25":{"name":"(anonymous_25)","decl":{"start":{"line":400,"column":2},"end":{"line":400,"column":3}},"loc":{"start":{"line":400,"column":14},"end":{"line":413,"column":3}},"line":400},"26":{"name":"(anonymous_26)","decl":{"start":{"line":415,"column":2},"end":{"line":415,"column":3}},"loc":{"start":{"line":415,"column":13},"end":{"line":418,"column":3}},"line":415}},"branchMap":{"0":{"loc":{"start":{"line":69,"column":4},"end":{"line":72,"column":5}},"type":"if","locations":[{"start":{"line":69,"column":4},"end":{"line":72,"column":5}},{"start":{},"end":{}}],"line":69},"1":{"loc":{"start":{"line":94,"column":4},"end":{"line":101,"column":5}},"type":"if","locations":[{"start":{"line":94,"column":4},"end":{"line":101,"column":5}},{"start":{},"end":{}}],"line":94},"2":{"loc":{"start":{"line":94,"column":8},"end":{"line":94,"column":45}},"type":"binary-expr","locations":[{"start":{"line":94,"column":8},"end":{"line":94,"column":22}},{"start":{"line":94,"column":26},"end":{"line":94,"column":45}}],"line":94},"3":{"loc":{"start":{"line":103,"column":4},"end":{"line":110,"column":5}},"type":"if","locations":[{"start":{"line":103,"column":4},"end":{"line":110,"column":5}},{"start":{},"end":{}}],"line":103},"4":{"loc":{"start":{"line":115,"column":4},"end":{"line":122,"column":5}},"type":"if","locations":[{"start":{"line":115,"column":4},"end":{"line":122,"column":5}},{"start":{},"end":{}}],"line":115},"5":{"loc":{"start":{"line":127,"column":6},"end":{"line":130,"column":7}},"type":"if","locations":[{"start":{"line":127,"column":6},"end":{"line":130,"column":7}},{"start":{},"end":{}}],"line":127},"6":{"loc":{"start":{"line":127,"column":10},"end":{"line":127,"column":76}},"type":"binary-expr","locations":[{"start":{"line":127,"column":10},"end":{"line":127,"column":48}},{"start":{"line":127,"column":52},"end":{"line":127,"column":76}}],"line":127},"7":{"loc":{"start":{"line":143,"column":13},"end":{"line":143,"column":98}},"type":"cond-expr","locations":[{"start":{"line":143,"column":23},"end":{"line":143,"column":27}},{"start":{"line":143,"column":30},"end":{"line":143,"column":98}}],"line":143},"8":{"loc":{"start":{"line":151,"column":4},"end":{"line":156,"column":5}},"type":"if","locations":[{"start":{"line":151,"column":4},"end":{"line":156,"column":5}},{"start":{},"end":{}}],"line":151},"9":{"loc":{"start":{"line":191,"column":29},"end":{"line":191,"column":71}},"type":"binary-expr","locations":[{"start":{"line":191,"column":29},"end":{"line":191,"column":45}},{"start":{"line":191,"column":49},"end":{"line":191,"column":71}}],"line":191},"10":{"loc":{"start":{"line":197,"column":4},"end":{"line":199,"column":5}},"type":"if","locations":[{"start":{"line":197,"column":4},"end":{"line":199,"column":5}},{"start":{},"end":{}}],"line":197},"11":{"loc":{"start":{"line":208,"column":4},"end":{"line":210,"column":5}},"type":"if","locations":[{"start":{"line":208,"column":4},"end":{"line":210,"column":5}},{"start":{},"end":{}}],"line":208},"12":{"loc":{"start":{"line":239,"column":11},"end":{"line":239,"column":83}},"type":"cond-expr","locations":[{"start":{"line":239,"column":21},"end":{"line":239,"column":47}},{"start":{"line":239,"column":50},"end":{"line":239,"column":83}}],"line":239},"13":{"loc":{"start":{"line":253,"column":24},"end":{"line":253,"column":98}},"type":"binary-expr","locations":[{"start":{"line":253,"column":24},"end":{"line":253,"column":46}},{"start":{"line":253,"column":50},"end":{"line":253,"column":98}}],"line":253},"14":{"loc":{"start":{"line":259,"column":4},"end":{"line":261,"column":5}},"type":"if","locations":[{"start":{"line":259,"column":4},"end":{"line":261,"column":5}},{"start":{},"end":{}}],"line":259},"15":{"loc":{"start":{"line":274,"column":26},"end":{"line":274,"column":59}},"type":"binary-expr","locations":[{"start":{"line":274,"column":26},"end":{"line":274,"column":53}},{"start":{"line":274,"column":57},"end":{"line":274,"column":59}}],"line":274},"16":{"loc":{"start":{"line":276,"column":4},"end":{"line":286,"column":5}},"type":"if","locations":[{"start":{"line":276,"column":4},"end":{"line":286,"column":5}},{"start":{"line":284,"column":11},"end":{"line":286,"column":5}}],"line":276},"17":{"loc":{"start":{"line":279,"column":6},"end":{"line":281,"column":7}},"type":"if","locations":[{"start":{"line":279,"column":6},"end":{"line":281,"column":7}},{"start":{},"end":{}}],"line":279},"18":{"loc":{"start":{"line":285,"column":86},"end":{"line":285,"column":120}},"type":"binary-expr","locations":[{"start":{"line":285,"column":86},"end":{"line":285,"column":110}},{"start":{"line":285,"column":114},"end":{"line":285,"column":120}}],"line":285},"19":{"loc":{"start":{"line":290,"column":4},"end":{"line":292,"column":5}},"type":"if","locations":[{"start":{"line":290,"column":4},"end":{"line":292,"column":5}},{"start":{},"end":{}}],"line":290},"20":{"loc":{"start":{"line":297,"column":4},"end":{"line":299,"column":5}},"type":"if","locations":[{"start":{"line":297,"column":4},"end":{"line":299,"column":5}},{"start":{},"end":{}}],"line":297},"21":{"loc":{"start":{"line":301,"column":4},"end":{"line":304,"column":5}},"type":"if","locations":[{"start":{"line":301,"column":4},"end":{"line":304,"column":5}},{"start":{},"end":{}}],"line":301},"22":{"loc":{"start":{"line":310,"column":4},"end":{"line":312,"column":5}},"type":"if","locations":[{"start":{"line":310,"column":4},"end":{"line":312,"column":5}},{"start":{},"end":{}}],"line":310},"23":{"loc":{"start":{"line":314,"column":4},"end":{"line":317,"column":5}},"type":"if","locations":[{"start":{"line":314,"column":4},"end":{"line":317,"column":5}},{"start":{},"end":{}}],"line":314},"24":{"loc":{"start":{"line":323,"column":4},"end":{"line":325,"column":5}},"type":"if","locations":[{"start":{"line":323,"column":4},"end":{"line":325,"column":5}},{"start":{},"end":{}}],"line":323},"25":{"loc":{"start":{"line":337,"column":18},"end":{"line":337,"column":55}},"type":"binary-expr","locations":[{"start":{"line":337,"column":18},"end":{"line":337,"column":49}},{"start":{"line":337,"column":53},"end":{"line":337,"column":55}}],"line":337},"26":{"loc":{"start":{"line":339,"column":4},"end":{"line":344,"column":5}},"type":"if","locations":[{"start":{"line":339,"column":4},"end":{"line":344,"column":5}},{"start":{"line":342,"column":11},"end":{"line":344,"column":5}}],"line":339},"27":{"loc":{"start":{"line":348,"column":4},"end":{"line":350,"column":5}},"type":"if","locations":[{"start":{"line":348,"column":4},"end":{"line":350,"column":5}},{"start":{},"end":{}}],"line":348},"28":{"loc":{"start":{"line":355,"column":4},"end":{"line":357,"column":5}},"type":"if","locations":[{"start":{"line":355,"column":4},"end":{"line":357,"column":5}},{"start":{},"end":{}}],"line":355},"29":{"loc":{"start":{"line":366,"column":19},"end":{"line":366,"column":96}},"type":"binary-expr","locations":[{"start":{"line":366,"column":19},"end":{"line":366,"column":36}},{"start":{"line":366,"column":40},"end":{"line":366,"column":96}}],"line":366},"30":{"loc":{"start":{"line":368,"column":4},"end":{"line":376,"column":5}},"type":"if","locations":[{"start":{"line":368,"column":4},"end":{"line":376,"column":5}},{"start":{},"end":{}}],"line":368},"31":{"loc":{"start":{"line":382,"column":4},"end":{"line":384,"column":5}},"type":"if","locations":[{"start":{"line":382,"column":4},"end":{"line":384,"column":5}},{"start":{},"end":{}}],"line":382},"32":{"loc":{"start":{"line":395,"column":24},"end":{"line":395,"column":114}},"type":"binary-expr","locations":[{"start":{"line":395,"column":24},"end":{"line":395,"column":42}},{"start":{"line":395,"column":46},"end":{"line":395,"column":114}}],"line":395}},"s":{"0":3,"1":75,"2":75,"3":75,"4":75,"5":75,"6":75,"7":75,"8":75,"9":75,"10":75,"11":75,"12":75,"13":75,"14":75,"15":75,"16":75,"17":75,"18":75,"19":75,"20":75,"21":75,"22":75,"23":75,"24":75,"25":75,"26":75,"27":75,"28":75,"29":75,"30":75,"31":75,"32":75,"33":75,"34":75,"35":75,"36":75,"37":1200,"38":1053,"39":1052,"40":1052,"41":1,"42":2,"43":1,"44":1053,"45":3,"46":1043,"47":2,"48":1041,"49":1,"50":1040,"51":1040,"52":4,"53":1036,"54":1036,"55":14449,"56":7,"57":7,"58":1036,"59":1036,"60":1036,"61":1036,"62":1036,"63":8,"64":8,"65":1,"66":7,"67":7,"68":7,"69":0,"70":2,"71":2,"72":32,"73":2,"74":2,"75":2,"76":2,"77":2,"78":0,"79":0,"80":0,"81":0,"82":0,"83":0,"84":2,"85":2,"86":0,"87":2,"88":4,"89":2,"90":0,"91":0,"92":0,"93":0,"94":0,"95":3,"96":3,"97":3,"98":3,"99":0,"100":0,"101":0,"102":0,"103":0,"104":0,"105":0,"106":0,"107":0,"108":0,"109":0,"110":0,"111":0,"112":0,"113":0,"114":0,"115":0,"116":0,"117":0,"118":0,"119":0,"120":0,"121":0,"122":0,"123":0,"124":0,"125":0,"126":0,"127":0,"128":0,"129":0,"130":0,"131":0,"132":0,"133":0,"134":0,"135":0,"136":0,"137":0,"138":0,"139":0,"140":0,"141":0,"142":0,"143":0,"144":0,"145":0,"146":0,"147":0,"148":0,"149":0,"150":0,"151":0,"152":0,"153":0,"154":0,"155":0,"156":3},"f":{"0":75,"1":75,"2":75,"3":1200,"4":1053,"5":2,"6":1,"7":1053,"8":3,"9":1043,"10":8,"11":2,"12":0,"13":2,"14":4,"15":0,"16":0,"17":3,"18":0,"19":0,"20":0,"21":0,"22":0,"23":0,"24":0,"25":0,"26":0},"b":{"0":[1052,1],"1":[2,1041],"2":[1043,1042],"3":[1,1040],"4":[4,1036],"5":[7,14442],"6":[14449,14449],"7":[1031,5],"8":[1,7],"9":[0,0],"10":[0,0],"11":[0,2],"12":[0,0],"13":[3,3],"14":[0,0],"15":[0,0],"16":[0,0],"17":[0,0],"18":[0,0],"19":[0,0],"20":[0,0],"21":[0,0],"22":[0,0],"23":[0,0],"24":[0,0],"25":[0,0],"26":[0,0],"27":[0,0],"28":[0,0],"29":[0,0],"30":[0,0],"31":[0,0],"32":[0,0]},"_coverageSchema":"1a1c01bbd47fc00a2c39e90264f33305004495a9","hash":"c4b30f72c94715da3e8f398b457b0bd7c112e8e0"}
,"/workspaces/ravis-adventure2/product-foundry-20250124/src/command-parser.js": {"path":"/workspaces/ravis-adventure2/product-foundry-20250124/src/command-parser.js","statementMap":{"0":{"start":{"line":1,"column":14},"end":{"line":1,"column":30}},"1":{"start":{"line":5,"column":4},"end":{"line":5,"column":32}},"2":{"start":{"line":6,"column":4},"end":{"line":6,"column":29}},"3":{"start":{"line":7,"column":4},"end":{"line":7,"column":24}},"4":{"start":{"line":12,"column":4},"end":{"line":12,"column":80}},"5":{"start":{"line":13,"column":4},"end":{"line":13,"column":85}},"6":{"start":{"line":14,"column":4},"end":{"line":14,"column":86}},"7":{"start":{"line":15,"column":4},"end":{"line":15,"column":82}},"8":{"start":{"line":16,"column":4},"end":{"line":16,"column":78}},"9":{"start":{"line":17,"column":4},"end":{"line":17,"column":92}},"10":{"start":{"line":20,"column":4},"end":{"line":20,"column":94}},"11":{"start":{"line":21,"column":4},"end":{"line":21,"column":79}},"12":{"start":{"line":24,"column":4},"end":{"line":24,"column":96}},"13":{"start":{"line":25,"column":4},"end":{"line":25,"column":79}},"14":{"start":{"line":26,"column":4},"end":{"line":26,"column":81}},"15":{"start":{"line":29,"column":4},"end":{"line":29,"column":69}},"16":{"start":{"line":30,"column":4},"end":{"line":30,"column":81}},"17":{"start":{"line":31,"column":4},"end":{"line":31,"column":98}},"18":{"start":{"line":34,"column":4},"end":{"line":34,"column":80}},"19":{"start":{"line":35,"column":4},"end":{"line":35,"column":79}},"20":{"start":{"line":39,"column":4},"end":{"line":42,"column":6}},"21":{"start":{"line":46,"column":18},"end":{"line":46,"column":57}},"22":{"start":{"line":47,"column":20},"end":{"line":47,"column":28}},"23":{"start":{"line":48,"column":17},"end":{"line":48,"column":31}},"24":{"start":{"line":50,"column":4},"end":{"line":77,"column":5}},"25":{"start":{"line":51,"column":6},"end":{"line":62,"column":7}},"26":{"start":{"line":52,"column":23},"end":{"line":52,"column":83}},"27":{"start":{"line":53,"column":8},"end":{"line":56,"column":9}},"28":{"start":{"line":58,"column":8},"end":{"line":61,"column":9}},"29":{"start":{"line":65,"column":6},"end":{"line":71,"column":7}},"30":{"start":{"line":66,"column":25},"end":{"line":66,"column":92}},"31":{"start":{"line":67,"column":8},"end":{"line":70,"column":9}},"32":{"start":{"line":73,"column":6},"end":{"line":76,"column":7}},"33":{"start":{"line":81,"column":21},"end":{"line":81,"column":65}},"34":{"start":{"line":83,"column":4},"end":{"line":85,"column":5}},"35":{"start":{"line":84,"column":6},"end":{"line":84,"column":86}},"36":{"start":{"line":87,"column":4},"end":{"line":87,"column":21}},"37":{"start":{"line":88,"column":4},"end":{"line":88,"column":71}},"38":{"start":{"line":89,"column":4},"end":{"line":89,"column":90}},"39":{"start":{"line":90,"column":4},"end":{"line":90,"column":21}},"40":{"start":{"line":92,"column":4},"end":{"line":92,"column":30}},"41":{"start":{"line":96,"column":18},"end":{"line":96,"column":48}},"42":{"start":{"line":97,"column":23},"end":{"line":103,"column":5}},"43":{"start":{"line":105,"column":4},"end":{"line":107,"column":5}},"44":{"start":{"line":106,"column":6},"end":{"line":106,"column":94}},"45":{"start":{"line":109,"column":4},"end":{"line":109,"column":23}},"46":{"start":{"line":110,"column":4},"end":{"line":110,"column":32}},"47":{"start":{"line":114,"column":18},"end":{"line":114,"column":48}},"48":{"start":{"line":116,"column":4},"end":{"line":118,"column":5}},"49":{"start":{"line":117,"column":6},"end":{"line":117,"column":58}},"50":{"start":{"line":120,"column":26},"end":{"line":126,"column":5}},"51":{"start":{"line":123,"column":8},"end":{"line":123,"column":46}},"52":{"start":{"line":128,"column":4},"end":{"line":128,"column":35}},"53":{"start":{"line":132,"column":18},"end":{"line":132,"column":50}},"54":{"start":{"line":134,"column":22},"end":{"line":140,"column":5}},"55":{"start":{"line":142,"column":4},"end":{"line":142,"column":31}},"56":{"start":{"line":146,"column":20},"end":{"line":146,"column":52}},"57":{"start":{"line":147,"column":4},"end":{"line":147,"column":61}},"58":{"start":{"line":151,"column":21},"end":{"line":151,"column":57}},"59":{"start":{"line":154,"column":25},"end":{"line":159,"column":5}},"60":{"start":{"line":161,"column":24},"end":{"line":161,"column":98}},"61":{"start":{"line":163,"column":4},"end":{"line":163,"column":51}},"62":{"start":{"line":167,"column":4},"end":{"line":169,"column":5}},"63":{"start":{"line":168,"column":6},"end":{"line":168,"column":85}},"64":{"start":{"line":171,"column":22},"end":{"line":171,"column":36}},"65":{"start":{"line":174,"column":23},"end":{"line":179,"column":5}},"66":{"start":{"line":181,"column":28},"end":{"line":181,"column":64}},"67":{"start":{"line":182,"column":26},"end":{"line":182,"column":59}},"68":{"start":{"line":184,"column":4},"end":{"line":194,"column":5}},"69":{"start":{"line":185,"column":6},"end":{"line":185,"column":69}},"70":{"start":{"line":187,"column":6},"end":{"line":189,"column":7}},"71":{"start":{"line":188,"column":8},"end":{"line":188,"column":67}},"72":{"start":{"line":191,"column":6},"end":{"line":191,"column":86}},"73":{"start":{"line":193,"column":6},"end":{"line":193,"column":123}},"74":{"start":{"line":198,"column":4},"end":{"line":200,"column":5}},"75":{"start":{"line":199,"column":6},"end":{"line":199,"column":64}},"76":{"start":{"line":201,"column":4},"end":{"line":201,"column":59}},"77":{"start":{"line":205,"column":4},"end":{"line":207,"column":5}},"78":{"start":{"line":206,"column":6},"end":{"line":206,"column":81}},"79":{"start":{"line":209,"column":4},"end":{"line":212,"column":5}},"80":{"start":{"line":210,"column":23},"end":{"line":210,"column":45}},"81":{"start":{"line":211,"column":6},"end":{"line":211,"column":69}},"82":{"start":{"line":214,"column":4},"end":{"line":214,"column":55}},"83":{"start":{"line":218,"column":4},"end":{"line":220,"column":5}},"84":{"start":{"line":219,"column":6},"end":{"line":219,"column":81}},"85":{"start":{"line":222,"column":4},"end":{"line":225,"column":5}},"86":{"start":{"line":223,"column":22},"end":{"line":223,"column":44}},"87":{"start":{"line":224,"column":6},"end":{"line":224,"column":73}},"88":{"start":{"line":227,"column":4},"end":{"line":227,"column":56}},"89":{"start":{"line":231,"column":4},"end":{"line":233,"column":5}},"90":{"start":{"line":232,"column":6},"end":{"line":232,"column":51}},"91":{"start":{"line":235,"column":17},"end":{"line":235,"column":31}},"92":{"start":{"line":238,"column":27},"end":{"line":242,"column":5}},"93":{"start":{"line":244,"column":28},"end":{"line":244,"column":64}},"94":{"start":{"line":245,"column":18},"end":{"line":245,"column":55}},"95":{"start":{"line":247,"column":4},"end":{"line":252,"column":5}},"96":{"start":{"line":248,"column":6},"end":{"line":248,"column":42}},"97":{"start":{"line":249,"column":6},"end":{"line":249,"column":51}},"98":{"start":{"line":251,"column":6},"end":{"line":251,"column":60}},"99":{"start":{"line":256,"column":4},"end":{"line":258,"column":5}},"100":{"start":{"line":257,"column":6},"end":{"line":257,"column":50}},"101":{"start":{"line":260,"column":17},"end":{"line":260,"column":31}},"102":{"start":{"line":261,"column":18},"end":{"line":261,"column":48}},"103":{"start":{"line":263,"column":4},"end":{"line":265,"column":5}},"104":{"start":{"line":264,"column":6},"end":{"line":264,"column":69}},"105":{"start":{"line":268,"column":24},"end":{"line":272,"column":5}},"106":{"start":{"line":274,"column":19},"end":{"line":274,"column":96}},"107":{"start":{"line":276,"column":4},"end":{"line":284,"column":5}},"108":{"start":{"line":277,"column":6},"end":{"line":283,"column":8}},"109":{"start":{"line":286,"column":4},"end":{"line":286,"column":36}},"110":{"start":{"line":290,"column":4},"end":{"line":292,"column":5}},"111":{"start":{"line":291,"column":6},"end":{"line":291,"column":36}},"112":{"start":{"line":294,"column":17},"end":{"line":294,"column":31}},"113":{"start":{"line":297,"column":25},"end":{"line":301,"column":5}},"114":{"start":{"line":303,"column":24},"end":{"line":303,"column":114}},"115":{"start":{"line":305,"column":4},"end":{"line":305,"column":42}},"116":{"start":{"line":309,"column":4},"end":{"line":320,"column":17}},"117":{"start":{"line":324,"column":18},"end":{"line":324,"column":48}},"118":{"start":{"line":325,"column":4},"end":{"line":325,"column":77}},"119":{"start":{"line":329,"column":0},"end":{"line":329,"column":30}}},"fnMap":{"0":{"name":"(anonymous_0)","decl":{"start":{"line":4,"column":2},"end":{"line":4,"column":3}},"loc":{"start":{"line":4,"column":26},"end":{"line":8,"column":3}},"line":4},"1":{"name":"(anonymous_1)","decl":{"start":{"line":10,"column":2},"end":{"line":10,"column":3}},"loc":{"start":{"line":10,"column":18},"end":{"line":36,"column":3}},"line":10},"2":{"name":"(anonymous_2)","decl":{"start":{"line":38,"column":2},"end":{"line":38,"column":3}},"loc":{"start":{"line":38,"column":41},"end":{"line":43,"column":3}},"line":38},"3":{"name":"(anonymous_3)","decl":{"start":{"line":45,"column":2},"end":{"line":45,"column":3}},"loc":{"start":{"line":45,"column":21},"end":{"line":78,"column":3}},"line":45},"4":{"name":"(anonymous_4)","decl":{"start":{"line":80,"column":2},"end":{"line":80,"column":3}},"loc":{"start":{"line":80,"column":19},"end":{"line":93,"column":3}},"line":80},"5":{"name":"(anonymous_5)","decl":{"start":{"line":95,"column":2},"end":{"line":95,"column":3}},"loc":{"start":{"line":95,"column":21},"end":{"line":111,"column":3}},"line":95},"6":{"name":"(anonymous_6)","decl":{"start":{"line":113,"column":2},"end":{"line":113,"column":3}},"loc":{"start":{"line":113,"column":24},"end":{"line":129,"column":3}},"line":113},"7":{"name":"(anonymous_7)","decl":{"start":{"line":122,"column":29},"end":{"line":122,"column":30}},"loc":{"start":{"line":123,"column":8},"end":{"line":123,"column":46}},"line":123},"8":{"name":"(anonymous_8)","decl":{"start":{"line":131,"column":2},"end":{"line":131,"column":3}},"loc":{"start":{"line":131,"column":20},"end":{"line":143,"column":3}},"line":131},"9":{"name":"(anonymous_9)","decl":{"start":{"line":145,"column":2},"end":{"line":145,"column":3}},"loc":{"start":{"line":145,"column":19},"end":{"line":148,"column":3}},"line":145},"10":{"name":"(anonymous_10)","decl":{"start":{"line":150,"column":2},"end":{"line":150,"column":3}},"loc":{"start":{"line":150,"column":21},"end":{"line":164,"column":3}},"line":150},"11":{"name":"(anonymous_11)","decl":{"start":{"line":166,"column":2},"end":{"line":166,"column":3}},"loc":{"start":{"line":166,"column":25},"end":{"line":195,"column":3}},"line":166},"12":{"name":"(anonymous_12)","decl":{"start":{"line":197,"column":2},"end":{"line":197,"column":3}},"loc":{"start":{"line":197,"column":26},"end":{"line":202,"column":3}},"line":197},"13":{"name":"(anonymous_13)","decl":{"start":{"line":204,"column":2},"end":{"line":204,"column":3}},"loc":{"start":{"line":204,"column":38},"end":{"line":215,"column":3}},"line":204},"14":{"name":"(anonymous_14)","decl":{"start":{"line":217,"column":2},"end":{"line":217,"column":3}},"loc":{"start":{"line":217,"column":39},"end":{"line":228,"column":3}},"line":217},"15":{"name":"(anonymous_15)","decl":{"start":{"line":230,"column":2},"end":{"line":230,"column":3}},"loc":{"start":{"line":230,"column":23},"end":{"line":253,"column":3}},"line":230},"16":{"name":"(anonymous_16)","decl":{"start":{"line":255,"column":2},"end":{"line":255,"column":3}},"loc":{"start":{"line":255,"column":22},"end":{"line":287,"column":3}},"line":255},"17":{"name":"(anonymous_17)","decl":{"start":{"line":289,"column":2},"end":{"line":289,"column":3}},"loc":{"start":{"line":289,"column":26},"end":{"line":306,"column":3}},"line":289},"18":{"name":"(anonymous_18)","decl":{"start":{"line":308,"column":2},"end":{"line":308,"column":3}},"loc":{"start":{"line":308,"column":20},"end":{"line":321,"column":3}},"line":308},"19":{"name":"(anonymous_19)","decl":{"start":{"line":323,"column":2},"end":{"line":323,"column":3}},"loc":{"start":{"line":323,"column":19},"end":{"line":326,"column":3}},"line":323}},"branchMap":{"0":{"loc":{"start":{"line":50,"column":4},"end":{"line":77,"column":5}},"type":"if","locations":[{"start":{"line":50,"column":4},"end":{"line":77,"column":5}},{"start":{"line":63,"column":11},"end":{"line":77,"column":5}}],"line":50},"1":{"loc":{"start":{"line":65,"column":6},"end":{"line":71,"column":7}},"type":"if","locations":[{"start":{"line":65,"column":6},"end":{"line":71,"column":7}},{"start":{},"end":{}}],"line":65},"2":{"loc":{"start":{"line":99,"column":29},"end":{"line":99,"column":71}},"type":"binary-expr","locations":[{"start":{"line":99,"column":29},"end":{"line":99,"column":45}},{"start":{"line":99,"column":49},"end":{"line":99,"column":71}}],"line":99},"3":{"loc":{"start":{"line":105,"column":4},"end":{"line":107,"column":5}},"type":"if","locations":[{"start":{"line":105,"column":4},"end":{"line":107,"column":5}},{"start":{},"end":{}}],"line":105},"4":{"loc":{"start":{"line":116,"column":4},"end":{"line":118,"column":5}},"type":"if","locations":[{"start":{"line":116,"column":4},"end":{"line":118,"column":5}},{"start":{},"end":{}}],"line":116},"5":{"loc":{"start":{"line":147,"column":11},"end":{"line":147,"column":61}},"type":"cond-expr","locations":[{"start":{"line":147,"column":21},"end":{"line":147,"column":25}},{"start":{"line":147,"column":28},"end":{"line":147,"column":61}}],"line":147},"6":{"loc":{"start":{"line":161,"column":24},"end":{"line":161,"column":98}},"type":"binary-expr","locations":[{"start":{"line":161,"column":24},"end":{"line":161,"column":46}},{"start":{"line":161,"column":50},"end":{"line":161,"column":98}}],"line":161},"7":{"loc":{"start":{"line":167,"column":4},"end":{"line":169,"column":5}},"type":"if","locations":[{"start":{"line":167,"column":4},"end":{"line":169,"column":5}},{"start":{},"end":{}}],"line":167},"8":{"loc":{"start":{"line":182,"column":26},"end":{"line":182,"column":59}},"type":"binary-expr","locations":[{"start":{"line":182,"column":26},"end":{"line":182,"column":53}},{"start":{"line":182,"column":57},"end":{"line":182,"column":59}}],"line":182},"9":{"loc":{"start":{"line":184,"column":4},"end":{"line":194,"column":5}},"type":"if","locations":[{"start":{"line":184,"column":4},"end":{"line":194,"column":5}},{"start":{"line":192,"column":11},"end":{"line":194,"column":5}}],"line":184},"10":{"loc":{"start":{"line":187,"column":6},"end":{"line":189,"column":7}},"type":"if","locations":[{"start":{"line":187,"column":6},"end":{"line":189,"column":7}},{"start":{},"end":{}}],"line":187},"11":{"loc":{"start":{"line":193,"column":86},"end":{"line":193,"column":120}},"type":"binary-expr","locations":[{"start":{"line":193,"column":86},"end":{"line":193,"column":110}},{"start":{"line":193,"column":114},"end":{"line":193,"column":120}}],"line":193},"12":{"loc":{"start":{"line":198,"column":4},"end":{"line":200,"column":5}},"type":"if","locations":[{"start":{"line":198,"column":4},"end":{"line":200,"column":5}},{"start":{},"end":{}}],"line":198},"13":{"loc":{"start":{"line":205,"column":4},"end":{"line":207,"column":5}},"type":"if","locations":[{"start":{"line":205,"column":4},"end":{"line":207,"column":5}},{"start":{},"end":{}}],"line":205},"14":{"loc":{"start":{"line":209,"column":4},"end":{"line":212,"column":5}},"type":"if","locations":[{"start":{"line":209,"column":4},"end":{"line":212,"column":5}},{"start":{},"end":{}}],"line":209},"15":{"loc":{"start":{"line":218,"column":4},"end":{"line":220,"column":5}},"type":"if","locations":[{"start":{"line":218,"column":4},"end":{"line":220,"column":5}},{"start":{},"end":{}}],"line":218},"16":{"loc":{"start":{"line":222,"column":4},"end":{"line":225,"column":5}},"type":"if","locations":[{"start":{"line":222,"column":4},"end":{"line":225,"column":5}},{"start":{},"end":{}}],"line":222},"17":{"loc":{"start":{"line":231,"column":4},"end":{"line":233,"column":5}},"type":"if","locations":[{"start":{"line":231,"column":4},"end":{"line":233,"column":5}},{"start":{},"end":{}}],"line":231},"18":{"loc":{"start":{"line":245,"column":18},"end":{"line":245,"column":55}},"type":"binary-expr","locations":[{"start":{"line":245,"column":18},"end":{"line":245,"column":49}},{"start":{"line":245,"column":53},"end":{"line":245,"column":55}}],"line":245},"19":{"loc":{"start":{"line":247,"column":4},"end":{"line":252,"column":5}},"type":"if","locations":[{"start":{"line":247,"column":4},"end":{"line":252,"column":5}},{"start":{"line":250,"column":11},"end":{"line":252,"column":5}}],"line":247},"20":{"loc":{"start":{"line":256,"column":4},"end":{"line":258,"column":5}},"type":"if","locations":[{"start":{"line":256,"column":4},"end":{"line":258,"column":5}},{"start":{},"end":{}}],"line":256},"21":{"loc":{"start":{"line":263,"column":4},"end":{"line":265,"column":5}},"type":"if","locations":[{"start":{"line":263,"column":4},"end":{"line":265,"column":5}},{"start":{},"end":{}}],"line":263},"22":{"loc":{"start":{"line":274,"column":19},"end":{"line":274,"column":96}},"type":"binary-expr","locations":[{"start":{"line":274,"column":19},"end":{"line":274,"column":36}},{"start":{"line":274,"column":40},"end":{"line":274,"column":96}}],"line":274},"23":{"loc":{"start":{"line":276,"column":4},"end":{"line":284,"column":5}},"type":"if","locations":[{"start":{"line":276,"column":4},"end":{"line":284,"column":5}},{"start":{},"end":{}}],"line":276},"24":{"loc":{"start":{"line":290,"column":4},"end":{"line":292,"column":5}},"type":"if","locations":[{"start":{"line":290,"column":4},"end":{"line":292,"column":5}},{"start":{},"end":{}}],"line":290},"25":{"loc":{"start":{"line":303,"column":24},"end":{"line":303,"column":114}},"type":"binary-expr","locations":[{"start":{"line":303,"column":24},"end":{"line":303,"column":42}},{"start":{"line":303,"column":46},"end":{"line":303,"column":114}}],"line":303}},"s":{"0":0,"1":0,"2":0,"3":0,"4":0,"5":0,"6":0,"7":0,"8":0,"9":0,"10":0,"11":0,"12":0,"13":0,"14":0,"15":0,"16":0,"17":0,"18":0,"19":0,"20":0,"21":0,"22":0,"23":0,"24":0,"25":0,"26":0,"27":0,"28":0,"29":0,"30":0,"31":0,"32":0,"33":0,"34":0,"35":0,"36":0,"37":0,"38":0,"39":0,"40":0,"41":0,"42":0,"43":0,"44":0,"45":0,"46":0,"47":0,"48":0,"49":0,"50":0,"51":0,"52":0,"53":0,"54":0,"55":0,"56":0,"57":0,"58":0,"59":0,"60":0,"61":0,"62":0,"63":0,"64":0,"65":0,"66":0,"67":0,"68":0,"69":0,"70":0,"71":0,"72":0,"73":0,"74":0,"75":0,"76":0,"77":0,"78":0,"79":0,"80":0,"81":0,"82":0,"83":0,"84":0,"85":0,"86":0,"87":0,"88":0,"89":0,"90":0,"91":0,"92":0,"93":0,"94":0,"95":0,"96":0,"97":0,"98":0,"99":0,"100":0,"101":0,"102":0,"103":0,"104":0,"105":0,"106":0,"107":0,"108":0,"109":0,"110":0,"111":0,"112":0,"113":0,"114":0,"115":0,"116":0,"117":0,"118":0,"119":0},"f":{"0":0,"1":0,"2":0,"3":0,"4":0,"5":0,"6":0,"7":0,"8":0,"9":0,"10":0,"11":0,"12":0,"13":0,"14":0,"15":0,"16":0,"17":0,"18":0,"19":0},"b":{"0":[0,0],"1":[0,0],"2":[0,0],"3":[0,0],"4":[0,0],"5":[0,0],"6":[0,0],"7":[0,0],"8":[0,0],"9":[0,0],"10":[0,0],"11":[0,0],"12":[0,0],"13":[0,0],"14":[0,0],"15":[0,0],"16":[0,0],"17":[0,0],"18":[0,0],"19":[0,0],"20":[0,0],"21":[0,0],"22":[0,0],"23":[0,0],"24":[0,0],"25":[0,0]}}
,"/workspaces/ravis-adventure2/product-foundry-20250124/src/dialogue-system.js": {"path":"/workspaces/ravis-adventure2/product-foundry-20250124/src/dialogue-system.js","statementMap":{"0":{"start":{"line":8,"column":4},"end":{"line":8,"column":34}},"1":{"start":{"line":9,"column":4},"end":{"line":9,"column":30}},"2":{"start":{"line":10,"column":4},"end":{"line":10,"column":34}},"3":{"start":{"line":11,"column":4},"end":{"line":11,"column":33}},"4":{"start":{"line":12,"column":4},"end":{"line":12,"column":34}},"5":{"start":{"line":13,"column":4},"end":{"line":19,"column":5}},"6":{"start":{"line":21,"column":4},"end":{"line":21,"column":34}},"7":{"start":{"line":22,"column":4},"end":{"line":22,"column":38}},"8":{"start":{"line":29,"column":4},"end":{"line":35,"column":6}},"9":{"start":{"line":37,"column":4},"end":{"line":43,"column":6}},"10":{"start":{"line":45,"column":4},"end":{"line":51,"column":6}},"11":{"start":{"line":58,"column":4},"end":{"line":94,"column":5}},"12":{"start":{"line":104,"column":4},"end":{"line":104,"column":37}},"13":{"start":{"line":107,"column":21},"end":{"line":107,"column":66}},"14":{"start":{"line":110,"column":19},"end":{"line":110,"column":57}},"15":{"start":{"line":113,"column":4},"end":{"line":113,"column":64}},"16":{"start":{"line":116,"column":25},"end":{"line":116,"column":61}},"17":{"start":{"line":117,"column":4},"end":{"line":119,"column":5}},"18":{"start":{"line":118,"column":6},"end":{"line":118,"column":36}},"19":{"start":{"line":122,"column":4},"end":{"line":122,"column":55}},"20":{"start":{"line":125,"column":4},"end":{"line":125,"column":58}},"21":{"start":{"line":127,"column":4},"end":{"line":132,"column":5}},"22":{"start":{"line":141,"column":26},"end":{"line":147,"column":5}},"23":{"start":{"line":142,"column":32},"end":{"line":142,"column":70}},"24":{"start":{"line":143,"column":31},"end":{"line":143,"column":68}},"25":{"start":{"line":144,"column":27},"end":{"line":144,"column":69}},"26":{"start":{"line":145,"column":28},"end":{"line":145,"column":72}},"27":{"start":{"line":146,"column":28},"end":{"line":146,"column":67}},"28":{"start":{"line":149,"column":4},"end":{"line":151,"column":5}},"29":{"start":{"line":150,"column":6},"end":{"line":150,"column":30}},"30":{"start":{"line":154,"column":4},"end":{"line":164,"column":5}},"31":{"start":{"line":155,"column":6},"end":{"line":155,"column":36}},"32":{"start":{"line":156,"column":11},"end":{"line":164,"column":5}},"33":{"start":{"line":157,"column":6},"end":{"line":157,"column":37}},"34":{"start":{"line":158,"column":11},"end":{"line":164,"column":5}},"35":{"start":{"line":159,"column":6},"end":{"line":159,"column":34}},"36":{"start":{"line":160,"column":11},"end":{"line":164,"column":5}},"37":{"start":{"line":161,"column":6},"end":{"line":161,"column":34}},"38":{"start":{"line":163,"column":6},"end":{"line":163,"column":34}},"39":{"start":{"line":167,"column":4},"end":{"line":169,"column":6}},"40":{"start":{"line":168,"column":6},"end":{"line":168,"column":93}},"41":{"start":{"line":178,"column":24},"end":{"line":187,"column":5}},"42":{"start":{"line":189,"column":4},"end":{"line":189,"column":52}},"43":{"start":{"line":197,"column":22},"end":{"line":197,"column":99}},"44":{"start":{"line":198,"column":24},"end":{"line":198,"column":68}},"45":{"start":{"line":199,"column":4},"end":{"line":199,"column":33}},"46":{"start":{"line":208,"column":27},"end":{"line":208,"column":35}},"47":{"start":{"line":211,"column":4},"end":{"line":220,"column":5}},"48":{"start":{"line":212,"column":33},"end":{"line":218,"column":7}},"49":{"start":{"line":219,"column":6},"end":{"line":219,"column":99}},"50":{"start":{"line":223,"column":4},"end":{"line":230,"column":5}},"51":{"start":{"line":224,"column":31},"end":{"line":228,"column":7}},"52":{"start":{"line":229,"column":6},"end":{"line":229,"column":95}},"53":{"start":{"line":233,"column":4},"end":{"line":241,"column":5}},"54":{"start":{"line":234,"column":33
[...]
,"/workspaces/ravis-adventure2/product-foundry-20250124/src/swarm/activity-monitor.js": {"path":"/workspaces/ravis-adventure2/product-foundry-20250124/src/swarm/activity-monitor.js","statementMap":{"0":{"start":{"line":6,"column":18},"end":{"line":6,"column":42}},"1":{"start":{"line":7,"column":14},"end":{"line":7,"column":30}},"2":{"start":{"line":11,"column":4},"end":{"line":11,"column":20}},"3":{"start":{"line":12,"column":4},"end":{"line":12,"column":38}},"4":{"start":{"line":13,"column":4},"end":{"line":13,"column":36}},"5":{"start":{"line":14,"column":4},"end":{"line":14,"column":32}},"6":{"start":{"line":15,"column":4},"end":{"line":15,"column":29}},"7":{"start":{"line":16,"column":4},"end":{"line":16,"column":34}},"8":{"start":{"line":18,"column":4},"end":{"line":18,"column":38}},"9":{"start":{"line":26,"column":4},"end":{"line":31,"column":6}},"10":{"start":{"line":34,"column":4},"end":{"line":39,"column":6}},"11":{"start":{"line":42,"column":4},"end":{"line":47,"column":6}},"12":{"start":{"line":50,"column":4},"end":{"line":55,"column":6}},"13":{"start":{"line":58,"column":4},"end":{"line":63,"column":6}},"14":{"start":{"line":66,"column":4},"end":{"line":71,"column":6}},"15":{"start":{"line":74,"column":4},"end":{"line":79,"column":6}},"16":{"start":{"line":86,"column":4},"end":{"line":86,"column":33}},"17":{"start":{"line":86,"column":27},"end":{"line":86,"column":33}},"18":{"start":{"line":88,"column":4},"end":{"line":88,"column":28}},"19":{"start":{"line":89,"column":4},"end":{"line":89,"column":77}},"20":{"start":{"line":92,"column":4},"end":{"line":94,"column":12}},"21":{"start":{"line":93,"column":6},"end":{"line":93,"column":26}},"22":{"start":{"line":97,"column":4},"end":{"line":97,"column":32}},"23":{"start":{"line":104,"column":4},"end":{"line":104,"column":34}},"24":{"start":{"line":104,"column":28},"end":{"line":104,"column":34}},"25":{"start":{"line":106,"column":4},"end":{"line":106,"column":29}},"26":{"start":{"line":107,"column":4},"end":{"line":110,"column":5}},"27":{"start":{"line":108,"column":6},"end":{"line":108,"column":44}},"28":{"start":{"line":109,"column":6},"end":{"line":109,"column":36}},"29":{"start":{"line":112,"column":4},"end":{"line":112,"column":73}},"30":{"start":{"line":120,"column":15},"end":{"line":120,"column":35}},"31":{"start":{"line":121,"column":22},"end":{"line":121,"column":24}},"32":{"start":{"line":123,"column":4},"end":{"line":125,"column":6}},"33":{"start":{"line":124,"column":6},"end":{"line":124,"column":36}},"34":{"start":{"line":127,"column":4},"end":{"line":131,"column":6}},"35":{"start":{"line":128,"column":6},"end":{"line":130,"column":7}},"36":{"start":{"line":129,"column":8},"end":{"line":129,"column":44}},"37":{"start":{"line":133,"column":4},"end":{"line":138,"column":6}},"38":{"start":{"line":135,"column":6},"end":{"line":137,"column":7}},"39":{"start":{"line":136,"column":8},"end":{"line":136,"column":81}},"40":{"start":{"line":145,"column":18},"end":{"line":145,"column":41}},"41":{"start":{"line":146,"column":31},"end":{"line":146,"column":33}},"42":{"start":{"line":148,"column":4},"end":{"line":163,"column":5}},"43":{"start":{"line":149,"column":6},"end":{"line":162,"column":7}},"44":{"start":{"line":150,"column":8},"end":{"line":161,"column":9}},"45":{"start":{"line":151,"column":10},"end":{"line":160,"column":11}},"46":{"start":{"line":152,"column":12},"end":{"line":159,"column":14}},"47":{"start":{"line":166,"column":4},"end":{"line":166,"column":54}},"48":{"start":{"line":177,"column":4},"end":{"line":192,"column":5}},"49":{"start":{"line":179,"column":6},"end":{"line":184,"column":14}},"50":{"start":{"line":180,"column":8},"end":{"line":183,"column":10}},"51":{"start":{"line":186,"column":6},"end":{"line":191,"column":15}},"52":{"start":{"line":187,"column":8},"end":{"line":190,"column":10}},"53":{"start":{"line":199,"column":20},"end":{"line":199,"column":60}},"54":{"start":{"line":200,"column":4},"end":{"line":200,"column":24}},"55":{"start":{"line":200,"column":18},"end":{"line":200,"column":24}},"56":{"start":{"line":202,"column":21},"end":{"line":210,"column":5}},"57":{"start":{"line":212,"column":4},"end":{"line":212,"column":46}},"58":{"start":{"line":219,"column":4},"end":{"line":219,"column":39}},"59":{"start":{"line":219,"column":33},"end":{"line":219,"column":39}},"60":{"start":{"line":222,"column":4},"end":{"line":231,"column":6}},"61":{"start":{"line":223,"column":28},"end":{"line":223,"column":71}},"62":{"start":{"line":224,"column":24},"end":{"line":224,"column":54}},"63":{"start":{"line":225,"column":24},"end":{"line":225,"column":54}},"64":{"start":{"line":227,"column":6},"end":{"line":229,"column":7}},"65":{"start":{"line":228,"column":8},"end":{"line":228,"column":36}},"66":{"start":{"line":230,"column":6},"end":{"line":230,"column":38}},"67":{"start":{"line":234,"column":4},"end":{"line":236,"column":5}},"68":{"start":{"line":235,"column":6},"end":{"line":235,"column":40}},"69":{"start":{"line":244,"column":4},"end":{"line":244,"column":42}},"70":{"start":{"line":247,"column":4},"end":{"line":249,"column":5}},"71":{"start":{"line":248,"column":6},"end":{"line":248,"column":37}},"72":{"start":{"line":252,"column":4},"end":{"line":252,"column":43}},"73":{"start":{"line":255,"column":4},"end":{"line":255,"column":45}},"74":{"start":{"line":258,"column":4},"end":{"line":260,"column":5}},"75":{"start":{"line":259,"column":6},"end":{"line":259,"column":99}},"76":{"start":{"line":267,"column":22},"end":{"line":275,"column":5}},"77":{"start":{"line":278,"column":4},"end":{"line":280,"column":5}},"78":{"start":{"line":279,"column":6},"end":{"line":279,"column":47}},"79":{"start":{"line":287,"column":20},"end":{"line":287,"column":64}},"80":{"start":{"line":288,"column":4},"end":{"line":288,"column":47}},"81":{"start":{"line":288,"column":41},"end":{"line":288,"column":47}},"82":{"start":{"line":290,"column":23},"end":{"line":290,"column":51}},"83":{"start":{"line":291,"column":4},"end":{"line":297,"column":5}},"84":{"start":{"line":293,"column":20},"end":{"line":293,"column":68}},"85":{"start":{"line":294,"column":6},"end":{"line":296,"column":15}},"86":{"start":{"line":295,"column":8},"end":{"line":295,"column":82}},"87":{"start":{"line":304,"column":19},"end":{"line":309,"column":5}},"88":{"start":{"line":310,"column":4},"end":{"line":310,"column":35}},"89":{"start":{"line":316,"column":21},"end":{"line":321,"column":5}},"90":{"start":{"line":323,"column":4},"end":{"line":323,"column":45}},"91":{"start":{"line":327,"column":21},"end":{"line":332,"column":5}},"92":{"start":{"line":334,"column":4},"end":{"line":334,"column":45}},"93":{"start":{"line":338,"column":21},"end":{"line":343,"column":5}},"94":{"start":{"line":345,"column":4},"end":{"line":345,"column":45}},"95":{"start":{"line":349,"column":21},"end":{"line":354,"column":5}},"96":{"start":{"line":356,"column":4},"end":{"line":356,"column":45}},"97":{"start":{"line":360,"column":21},"end":{"line":365,"column":5}},"98":{"start":{"line":367,"column":4},"end":{"line":367,"column":45}},"99":{"start":{"line":371,"column":21},"end":{"line":376,"column":5}},"100":{"start":{"line":378,"column":4},"end":{"line":378,"column":45}},"101":{"start":{"line":382,"column":21},"end":{"line":387,"column":5}},"102":{"start":{"line":389,"column":4},"end":{"line":389,"column":45}},"103":{"start":{"line":396,"column":4},"end":{"line":396,"column":64}},"104":{"start":{"line":403,"column":18},"end":{"line":408,"column":5}},"105":{"start":{"line":411,"column":4},"end":{"line":413,"column":5}},"106":{"start":{"line":412,"column":6},"end":{"line":412,"column":94}},"107":{"start":{"line":415,"column":4},"end":{"line":415,"column":16}},"108":{"start":{"line":422,"column":4},"end":{"line":422,"column":32}},"109":{"start":{"line":426,"column":0},"end":{"line":426,"column":37}}},"fnMap":{"0":{"name":"(anonymous_0)","decl":{"start":{"line":10,"column":2},"end":{"line":10,"column":3}},"loc":{"start":{"line":10,"column":20},"end":{"line":19,"column":3}},"line":10},"1":{"name":"(anonymous_1)","decl":{"start":{"line":24,"column":2},"end":{"line":24,"column":3}},"loc":{"start":{"line":24,"column":32},"end":{"line":80,"column":3}},"line":24},"2":{"name":"(anonymous_2)","decl":{"start":{"line":85,"column":2},"end":{"line":85,"column":3}},"loc":{"start":{"line":85,"column":20},"end":{"line":98,"column":3}},"line":85},"3":{"name":"(anonymous_3)","decl":{"start":{"line":92,"column":42},"end":{"line":92,"column":43}},"loc":{"start":{"line":92,"column":48},"end":{"line":94,"column":5}},"line":92},"4":{"name":"(anonymous_4)","decl":{"start":{"line":103,"column":2},"end":{"line":103,"column":3}},"loc":{"start":{"line":103,"column":19},"end":{"line":113,"column":3}},"line":103},"5":{"name":"(anonymous_5)","decl":{"start":{"line":118,"column":2},"end":{"line":118,"column":3}},"loc":{"start":{"line":118,"column":18},"end":{"line":139,"column":3}},"line":118},"6":{"name":"(anonymous_6)","decl":{"start":{"line":123,"column":25},"end":{"line":123,"column":26}},"loc":{"start":{"line":123,"column":35},"end":{"line":125,"column":5}},"line":123},"7":{"name":"(anonymous_7)","decl":{"start":{"line":127,"column":19},"end":{"line":127,"column":20}},"loc":{"start":{"line":127,"column":29},"end":{"line":131,"column":5}},"line":127},"8":{"name":"(anonymous_8)","decl":{"start":{"line":133,"column":19},"end":{"line":133,"column":20}},"loc":{"start":{"line":133,"column":28},"end":{"line":138,"column":5}},"line":133},"9":{"name":"(anonymous_9)","decl":{"start":{"line":144,"column":2},"end":{"line":144,"column":3}},"loc":{"start":{"line":144,"column":34},"end":{"line":167,"column":3}},"line":144},"10":{"name":"(anonymous_10)","decl":{"start":{"line":172,"column":2},"end":{"line":172,"column":3}},"loc":{"start":{"line":172,"column":26},"end":{"line":193,"column":3}},"line":172},"11":{"name":"(anonymous_11)","decl":{"start":{"line":179,"column":17},"end":{"line":179,"column":18}},"loc":{"start":{"line":179,"column":23},"end":{"line":184,"column":7}},"line":179},"12":{"name":"(anonymous_12)","decl":{"start":{"line":186,"column":17},"end":{"line":186,"column":18}},"loc":{"start":{"line":186,"column":23},"end":{"line":191,"column":7}},"line":186},"13":{"name":"(anonymous_13)","decl":{"start":{"line":198,"column":2},"end":{"line":198,"column":3}},"loc":{"start":{"line":198,"column":44},"end":{"line":213,"column":3}},"line":198},"14":{"name":"(anonymous_14)","decl":{"start":{"line":218,"column":2},"end":{"line":218,"column":3}},"loc":{"start":{"line":218,"column":40},"end":{"line":237,"column":3}},"line":218},"15":{"name":"(anonymous_15)","decl":{"start":{"line":222,"column":20},"end":{"line":222,"column":21}},"loc":{"start":{"line":222,"column":30},"end":{"line":231,"column":5}},"line":222},"16":{"name":"(anonymous_16)","decl":{"start":{"line":242,"column":2},"end":{"line":242,"column":3}},"loc":{"start":{"line":242,"column":32},"end":{"line":261,"column":3}},"line":242},"17":{"name":"(anonymous_17)","decl":{"start":{"line":266,"column":2},"end":{"line":266,"column":3}},"loc":{"start":{"line":266,"column":37},"end":{"line":281,"column":3}},"line":266},"18":{"name":"(anonymous_18)","decl":{"start":{"line":286,"column":2},"end":{"line":286,"column":3}},"loc":{"start":{"line":286,"column":39},"end":{"line":298,"column":3}},"line":286},"19":{"name":"(anonymous_19)","decl":{"start":{"line":294,"column":17},"end":{"line":294,"column":18}},"loc":{"start":{"line":294,"column":23},"end":{"line":296,"column":7}},"line":294},"20":{"name":"(anonymous_20)","decl":{"start":{"line":303,"column":2},"end":{"line":303,"column":3}},"loc":{"start":{"line":303,"column":37},"end":{"line":311,"column":3}},"line":303},"21":{"name":"(anonymous_21)","decl":{"start":{"line":315,"column":2},"end":{"line":315,"column":3}},"loc":{"start":{"line":315,"column":34},"end":{"line":324,"column":3}},"line":315},"22":{"name":"(anonymous_22)","decl":{"start":{"line":326,"column":2},"end":{"line":326,"column":3}},"loc":{"start":{"line":326,"column":35},"end":{"line":335,"column":3}},"line":326},"23":{"name":"(anonymous_23)","decl":{"start":{"line":337,"column":2},"end":{"line":337,"column":3}},"loc":{"start":{"line":337,"column":40},"end":{"line":346,"column":3}},"line":337},"24":{"name":"(anonymous_24)","decl":{"start":{"line":348,"column":2},"end":{"line":348,"column":3}},"loc":{"start":{"line":348,"column":36},"end":{"line":357,"column":3}},"line":348},"25":{"name":"(anonymous_25)","decl":{"start":{"line":359,"column":2},"end":{"line":359,"column":3}},"loc":{"start":{"line":359,"column":37},"end":{"line":368,"column":3}},"line":359},"26":{"name":"(anonymous_26)","decl":{"start":{"line":370,"column":2},"end":{"line":370,"column":3}},"loc":{"start":{"line":370,"column":42},"end":{"line":379,"column":3}},"line":370},"27":{"name":"(anonymous_27)","decl":{"start":{"line":381,"column":2},"end":{"line":381,"column":3}},"loc":{"start":{"line":381,"column":35},"end":{"line":390,"column":3}},"line":381},"28":{"name":"(anonymous_28)","decl":{"start":{"line":395,"column":2},"end":{"line":395,"column":3}},"loc":{"start":{"line":395,"column":32},"end":{"line":397,"column":3}},"line":395},"29":{"name":"(anonymous_29)","decl":{"start":{"line":402,"column":2},"end":{"line":402,"column":3}},"loc":{"start":{"line":402,"column":21},"end":{"line":416,"column":3}},"line":402},"30":{"name":"(anonymous_30)","decl":{"start":{"line":421,"column":2},"end":{"line":421,"column":3}},"loc":{"start":{"line":421,"column":16},"end":{"line":423,"column":3}},"line":421}},"branchMap":{"0":{"loc":{"start":{"line":86,"column":4},"end":{"line":86,"column":33}},"type":"if","locations":[{"start":{"line":86,"column":4},"end":{"line":86,"column":33}},{"start":{},"end":{}}],"line":86},"1":{"loc":{"start":{"line":104,"column":4},"end":{"line":104,"column":34}},"type":"if","locations":[{"start":{"line":104,"column":4},"end":{"line":104,"column":34}},{"start":{},"end":{}}],"line":104},"2":{"loc":{"start":{"line":107,"column":4},"end":{"line":110,"column":5}},"type":"if","locations":[{"start":{"line":107,"column":4},"end":{"line":110,"column":5}},{"start":{},"end":{}}],"line":107},"3":{"loc":{"start":{"line":128,"column":6},"end":{"line":130,"column":7}},"type":"if","locations":[{"start":{"line":128,"column":6},"end":{"line":130,"column":7}},{"start":{},"end":{}}],"line":128},"4":{"loc":{"start":{"line":135,"column":6},"end":{"line":137,"column":7}},"type":"if","locations":[{"start":{"line":135,"column":6},"end":{"line":137,"column":7}},{"start":{},"end":{}}],"line":135},"5":{"loc":{"start":{"line":151,"column":10},"end":{"line":160,"column":11}},"type":"if","locations":[{"start":{"line":151,"column":10},"end":{"line":160,"column":11}},{"start":{},"end":{}}],"line":151},"6":{"loc":{"start":{"line":177,"column":4},"end":{"line":192,"column":5}},"type":"if","locations":[{"start":{"line":177,"column":4},"end":{"line":192,"column":5}},{"start":{},"end":{}}],"line":177},"7":{"loc":{"start":{"line":200,"column":4},"end":{"line":200,"column":24}},"type":"if","locations":[{"start":{"line":200,"column":4},"end":{"line":200,"column":24}},{"start":{},"end":{}}],"line":200},"8":{"loc":{"start":{"line":219,"column":4},"end":{"line":219,"column":39}},"type":"if","locations":[{"start":{"line":219,"column":4},"end":{"line":219,"column":39}},{"start":{},"end":{}}],"line":219},"9":{"loc":{"start":{"line":224,"column":24},"end":{"line":224,"column":54}},"type":"binary-expr","locations":[{"start":{"line":224,"column":24},"end":{"line":224,"column":49}},{"start":{"line":224,"column":53},"end":{"line":224,"column":54}}],"line":224},"10":{"loc":{"start":{"line":225,"column":24},"end":{"line":225,"column":54}},"type":"binary-expr","locations":[{"start":{"line":225,"column":24},"end":{"line":225,"column":49}},{"start":{"line":225,"column":53},"end":{"line":225,"column":54}}],"line":225},"11":{"loc":{"start":{"line":227,"column":6},"end":{"line":229,"column":7}},"type":"if","locations":[{"start":{"line":227,"column":6},"end":{"line":229,"column":7}},{"start":{},"end":{}}],"line":227},"12":{"loc":{"start":{"line":247,"column":4},"end":{"line":249,"column":5}},"type":"if","locations":[{"start":{"line":247,"column":4},"end":{"line":249,"column":5}},{"start":{},"end":{}}],"line":247},"13":{"loc":{"start":{"line":258,"column":4},"end":{"line":260,"column":5}},"type":"if","locations":[{"start":{"line":258,"column":4},"end":{"line":260,"column":5}},{"start":{},"end":{}}],"line":258},"14":{"loc":{"start":{"line":273,"column":12},"end":{"line":273,"column":31}},"type":"binary-expr","locations":[{"start":{"line":273,"column":12},"end":{"line":273,"column":25}},{"start":{"line":273,"column":29},"end":{"line":273,"column":31}}],"line":273},"15":{"loc":{"start":{"line":278,"column":4},"end":{"line":280,"column":5}},"type":"if","locations":[{"start":{"line":278,"column":4},"end":{"line":280,"column":5}},{"start":{},"end":{}}],"line":278},"16":{"loc":{"start":{"line":278,"column":8},"end":{"line":278,"column":51}},"type":"binary-expr","locations":[{"start":{"line":278,"column":8},"end":{"line":278,"column":17}},{"start":{"line":278,"column":21},"end":{"line":278,"column":51}}],"line":278},"17":{"loc":{"start":{"line":288,"column":4},"end":{"line":288,"column":47}},"type":"if","locations":[{"start":{"line":288,"column":4},"end":{"line":288,"column":47}},{"start":{},"end":{}}],"line":288},"18":{"loc":{"start":{"line":288,"column":8},"end":{"line":288,"column":39}},"type":"binary-expr","locations":[{"start":{"line":288,"column":8},"end":{"line":288,"column":16}},{"start":{"line":288,"column":20},"end":{"line":288,"column":39}}],"line":288},"19":{"loc":{"start":{"line":291,"column":4},"end":{"line":297,"column":5}},"type":"if","locations":[{"start":{"line":291,"column":4},"end":{"line":297,"column":5}},{"start":{},"end":{}}],"line":291},"20":{"loc":{"start":{"line":310,"column":11},"end":{"line":310,"column":35}},"type":"binary-expr","locations":[{"start":{"line":310,"column":11},"end":{"line":310,"column":27}},{"start":{"line":310,"column":31},"end":{"line":310,"column":35}}],"line":310},"21":{"loc":{"start":{"line":350,"column":62},"end":{"line":350,"column":92}},"type":"binary-expr","locations":[{"start":{"line":350,"column":62},"end":{"line":350,"column":79}},{"start":{"line":350,"column":83},"end":{"line":350,"column":92}}],"line":350},"22":{"loc":{"start":{"line":412,"column":47},"end":{"line":412,"column":89}},"type":"binary-expr","locations":[{"start":{"line":412,"column":47},"end":{"line":412,"column":84}},{"start":{"line":412,"column":88},"end":{"line":412,"column":89}}],"line":412}},"s":{"0":0,"1":0,"2":0,"3":0,"4":0,"5":0,"6":0,"7":0,"8":0,"9":0,"10":0,"11":0,"12":0,"13":0,"14":0,"15":0,"16":0,"17":0,"18":0,"19":0,"20":0,"21":0,"22":0,"23":0,"24":0,"25":0,"26":0,"27":0,"28":0,"29":0,"30":0,"31":0,"32":0,"33":0,"34":0,"35":0,"36":0,"37":0,"38":0,"39":0,"40":0,"41":0,"42":0,"43":0,"44":0,"45":0,"46":0,"47":0,"48":0,"49":0,"50":0,"51":0,"52":0,"53":0,"54":0,"55":0,"56":0,"57":0,"58":0,"59":0,"60":0,"61":0,"62":0,"63":0,"64":0,"65":0,"66":0,"67":0,"68":0,"69":0,"70":0,"71":0,"72":0,"73":0,"74":0,"75":0,"76":0,"77":0,"78":0,"79":0,"80":0,"81":0,"82":0,"83":0,"84":0,"85":0,"86":0,"87":0,"88":0,"89":0,"90":0,"91":0,"92":0,"93":0,"94":0,"95":0,"96":0,"97":0,"98":0,"99":0,"100":0,"101":0,"102":0,"103":0,"104":0,"105":0,"106":0,"107":0,"108":0,"109":0},"f":{"0":0,"1":0,"2":0,"3":0,"4":0,"5":0,"6":0,"7":0,"8":0,"9":0,"10":0,"11":0,"12":0,"13":0,"14":0,"15":0,"16":0,"17":0,"18":0,"19":0,"20":0,"21":0,"22":0,"23":0,"24":0,"25":0,"26":0,"27":0,"28":0,"29":0,"30":0},"b":{"0":[0,0],"1":[0,0],"2":[0,0],"3":[0,0],"4":[0,0],"5":[0,0],"6":[0,0],"7":[0,0],"8":[0,0],"9":[0,0],"10":[0,0],"11":[0,0],"12":[0,0],"13":[0,0],"14":[0,0],"15":[0,0],"16":[0,0],"17":[0,0],"18":[0,0],"19":[0,0],"20":[0,0],"21":[0,0],"22":[0,0]}}
}
