TN:
SF:src/achievement-system.js
FN:7,(anonymous_0)
FN:19,(anonymous_1)
FN:258,(anonymous_2)
FN:267,(anonymous_3)
FN:269,(anonymous_4)
FN:274,(anonymous_5)
FN:279,(anonymous_6)
FN:284,(anonymous_7)
FN:285,(anonymous_8)
FN:294,(anonymous_9)
FN:297,(anonymous_10)
FN:310,(anonymous_11)
FN:312,(anonymous_12)
FN:321,(anonymous_13)
FN:327,(anonymous_14)
FN:345,(anonymous_15)
FN:354,(anonymous_16)
FN:374,(anonymous_17)
FN:390,(anonymous_18)
FN:418,(anonymous_19)
FN:426,(anonymous_20)
FN:433,(anonymous_21)
FN:443,(anonymous_22)
FN:456,(anonymous_23)
FN:458,(anonymous_24)
FN:459,(anonymous_25)
FN:466,(anonymous_26)
FN:468,(anonymous_27)
FN:472,(anonymous_28)
FN:475,(anonymous_29)
FN:481,(anonymous_30)
FN:485,(anonymous_31)
FN:487,(anonymous_32)
FN:507,(anonymous_33)
FN:511,(anonymous_34)
FN:518,(anonymous_35)
FN:527,(anonymous_36)
FN:545,(anonymous_37)
FN:555,(anonymous_38)
FN:564,(anonymous_39)
FN:569,(anonymous_40)
FNF:41
FNH:0
FNDA:0,(anonymous_0)
FNDA:0,(anonymous_1)
FNDA:0,(anonymous_2)
FNDA:0,(anonymous_3)
FNDA:0,(anonymous_4)
FNDA:0,(anonymous_5)
FNDA:0,(anonymous_6)
FNDA:0,(anonymous_7)
FNDA:0,(anonymous_8)
FNDA:0,(anonymous_9)
FNDA:0,(anonymous_10)
FNDA:0,(anonymous_11)
FNDA:0,(anonymous_12)
FNDA:0,(anonymous_13)
FNDA:0,(anonymous_14)
FNDA:0,(anonymous_15)
FNDA:0,(anonymous_16)
FNDA:0,(anonymous_17)
FNDA:0,(anonymous_18)
FNDA:0,(anonymous_19)
FNDA:0,(anonymous_20)
FNDA:0,(anonymous_21)
FNDA:0,(anonymous_22)
FNDA:0,(anonymous_23)
FNDA:0,(anonymous_24)
FNDA:0,(anonymous_25)
FNDA:0,(anonymous_26)
FNDA:0,(anonymous_27)
FNDA:0,(anonymous_28)
FNDA:0,(anonymous_29)
FNDA:0,(anonymous_30)
FNDA:0,(anonymous_31)
FNDA:0,(anonymous_32)
FNDA:0,(anonymous_33)
FNDA:0,(anonymous_34)
FNDA:0,(anonymous_35)
FNDA:0,(anonymous_36)
FNDA:0,(anonymous_37)
FNDA:0,(anonymous_38)
FNDA:0,(anonymous_39)
FNDA:0,(anonymous_40)
DA:8,0
DA:9,0
DA:10,0
DA:11,0
DA:12,0
DA:13,0
DA:15,0
DA:16,0
DA:21,0
DA:33,0
DA:45,0
DA:58,0
DA:70,0
DA:82,0
DA:95,0
DA:107,0
DA:119,0
DA:132,0
DA:144,0
DA:156,0
DA:169,0
DA:181,0
DA:193,0
DA:208,0
DA:220,0
DA:233,0
DA:245,0
DA:259,0
DA:264,0
DA:269,0
DA:270,0
DA:274,0
DA:275,0
DA:279,0
DA:280,0
DA:285,0
DA:286,0
DA:288,0
DA:289,0
DA:295,0
DA:297,0
DA:298,0
DA:300,0
DA:301,0
DA:306,0
DA:312,0
DA:313,0
DA:315,0
DA:316,0
DA:322,0
DA:323,0
DA:326,0
DA:327,0
DA:330,0
DA:331,0
DA:332,0
DA:335,0
DA:336,0
DA:339,0
DA:340,0
DA:341,0
DA:344,0
DA:345,0
DA:346,0
DA:347,0
DA:351,0
DA:356,0
DA:357,0
DA:358,0
DA:361,0
DA:362,0
DA:363,0
DA:366,0
DA:367,0
DA:368,0
DA:371,0
DA:376,0
DA:377,0
DA:378,0
DA:381,0
DA:382,0
DA:383,0
DA:385,0
DA:386,0
DA:391,0
DA:392,0
DA:393,0
DA:396,0
DA:397,0
DA:399,0
DA:406,0
DA:413,0
DA:415,0
DA:419,0
DA:421,0
DA:422,0
DA:423,0
DA:425,0
DA:426,0
DA:427,0
DA:432,0
DA:433,0
DA:434,0
DA:439,0
DA:444,0
DA:445,0
DA:446,0
DA:448,0
DA:457,0
DA:458,0
DA:459,0
DA:467,0
DA:468,0
DA:472,0
DA:476,0
DA:482,0
DA:483,0
DA:485,0
DA:486,0
DA:487,0
DA:489,0
DA:496,0
DA:498,0
DA:508,0
DA:509,0
DA:511,0
DA:512,0
DA:513,0
DA:514,0
DA:518,0
DA:528,0
DA:529,0
DA:531,0
DA:532,0
DA:533,0
DA:534,0
DA:535,0
DA:536,0
DA:537,0
DA:538,0
DA:540,0
DA:544,0
DA:545,0
DA:546,0
DA:547,0
DA:551,0
DA:556,0
DA:557,0
DA:560,0
DA:565,0
DA:566,0
DA:569,0
DA:570,0
DA:572,0
DA:574,0
DA:577,0
DA:579,0
DA:585,0
LF:158
LH:0
BRDA:286,0,0,0
BRDA:286,0,1,0
BRDA:288,1,0,0
BRDA:288,1,1,0
BRDA:295,2,0,0
BRDA:295,2,1,0
BRDA:298,3,0,0
BRDA:298,3,1,0
BRDA:300,4,0,0
BRDA:300,4,1,0
BRDA:313,5,0,0
BRDA:313,5,1,0
BRDA:315,6,0,0
BRDA:315,6,1,0
BRDA:321,7,0,0
BRDA:322,8,0,0
BRDA:322,8,1,0
BRDA:326,9,0,0
BRDA:326,9,1,0
BRDA:330,10,0,0
BRDA:330,10,1,0
BRDA:331,11,0,0
BRDA:331,11,1,0
BRDA:335,12,0,0
BRDA:335,12,1,0
BRDA:336,13,0,0
BRDA:336,13,1,0
BRDA:339,14,0,0
BRDA:339,14,1,0
BRDA:340,15,0,0
BRDA:340,15,1,0
BRDA:344,16,0,0
BRDA:344,16,1,0
BRDA:346,17,0,0
BRDA:346,17,1,0
BRDA:356,18,0,0
BRDA:356,18,1,0
BRDA:357,19,0,0
BRDA:357,19,1,0
BRDA:361,20,0,0
BRDA:361,20,1,0
BRDA:362,21,0,0
BRDA:362,21,1,0
BRDA:366,22,0,0
BRDA:366,22,1,0
BRDA:367,23,0,0
BRDA:367,23,1,0
BRDA:377,24,0,0
BRDA:377,24,1,0
BRDA:381,25,0,0
BRDA:381,25,1,0
BRDA:382,26,0,0
BRDA:382,26,1,0
BRDA:385,27,0,0
BRDA:385,27,1,0
BRDA:392,28,0,0
BRDA:392,28,1,0
BRDA:392,29,0,0
BRDA:392,29,1,0
BRDA:425,30,0,0
BRDA:425,30,1,0
BRDA:432,31,0,0
BRDA:432,31,1,0
BRDA:475,32,0,0
BRDA:513,33,0,0
BRDA:513,33,1,0
BRDA:522,34,0,0
BRDA:522,34,1,0
BRDA:531,35,0,0
BRDA:531,35,1,0
BRDA:533,36,0,0
BRDA:533,36,1,0
BRDA:535,37,0,0
BRDA:535,37,1,0
BRDA:537,38,0,0
BRDA:537,38,1,0
BRDA:546,39,0,0
BRDA:546,39,1,0
BRDA:556,40,0,0
BRDA:556,40,1,0
BRDA:570,41,0,0
BRDA:570,41,1,0
BRDA:572,42,0,0
BRDA:572,42,1,0
BRDA:572,43,0,0
BRDA:572,43,1,0
BRDA:577,44,0,0
BRDA:577,44,1,0
BRDA:577,45,0,0
BRDA:577,45,1,0
BRF:90
BRH:0
end_of_record
TN:
SF:src/command-parser.js
FN:4,(anonymous_0)
FN:10,(anonymous_1)
FN:38,(anonymous_2)
FN:45,(anonymous_3)
FN:80,(anonymous_4)
FN:95,(anonymous_5)
FN:113,(anonymous_6)
FN:122,(anonymous_7)
FN:131,(anonymous_8)
FN:145,(anonymous_9)
FN:150,(anonymous_10)
FN:166,(anonymous_11)
FN:197,(anonymous_12)
FN:204,(anonymous_13)
FN:217,(anonymous_14)
FN:230,(anonymous_15)
FN:255,(anonymous_16)
FN:289,(anonymous_17)
FN:308,(anonymous_18)
FN:323,(anonymous_19)
FNF:20
FNH:0
FNDA:0,(anonymous_0)
FNDA:0,(anonymous_1)
FNDA:0,(anonymous_2)
FNDA:0,(anonymous_3)
FNDA:0,(anonymous_4)
FNDA:0,(anonymous_5)
FNDA:0,(anonymous_6)
FNDA:0,(anonymous_7)
FNDA:0,(anonymous_8)
FNDA:0,(anonymous_9)
FNDA:0,(anonymous_10)
FNDA:0,(anonymous_11)
FNDA:0,(anonymous_12)
FNDA:0,(anonymous_13)
FNDA:0,(anonymous_14)
FNDA:0,(anonymous_15)
FNDA:0,(anonymous_16)
FNDA:0,(anonymous_17)
FNDA:0,(anonymous_18)
FNDA:0,(anonymous_19)
DA:1,0
DA:5,0
DA:6,0
DA:7,0
DA:12,0
DA:13,0
DA:14,0
DA:15,0
DA:16,0
DA:17,0
DA:20,0
DA:21,0
DA:24,0
DA:25,0
DA:26,0
DA:29,0
DA:30,0
DA:31,0
DA:34,0
DA:35,0
DA:39,0
DA:46,0
DA:47,0
DA:48,0
DA:50,0
DA:51,0
DA:52,0
DA:53,0
DA:58,0
DA:65,0
DA:66,0
DA:67,0
DA:73,0
DA:81,0
DA:83,0
DA:84,0
DA:87,0
DA:88,0
DA:89,0
DA:90,0
DA:92,0
DA:96,0
DA:97,0
DA:105,0
DA:106,0
DA:109,0
DA:110,0
DA:114,0
DA:116,0
DA:117,0
DA:120,0
DA:123,0
DA:128,0
DA:132,0
DA:134,0
DA:142,0
DA:146,0
DA:147,0
DA:151,0
DA:154,0
DA:161,0
DA:163,0
DA:167,0
DA:168,0
DA:171,0
DA:174,0
DA:181,0
DA:182,0
DA:184,0
DA:185,0
DA:187,0
DA:188,0
DA:191,0
DA:193,0
DA:198,0
DA:199,0
DA:201,0
DA:205,0
DA:206,0
DA:209,0
DA:210,0
DA:211,0
DA:214,0
DA:218,0
DA:219,0
DA:222,0
DA:223,0
DA:224,0
DA:227,0
DA:231,0
DA:232,0
DA:235,0
DA:238,0
DA:244,0
DA:245,0
DA:247,0
DA:248,0
DA:249,0
DA:251,0
DA:256,0
DA:257,0
DA:260,0
DA:261,0
DA:263,0
DA:264,0
DA:268,0
DA:274,0
DA:276,0
DA:277,0
DA:286,0
DA:290,0
DA:291,0
DA:294,0
DA:297,0
DA:303,0
DA:305,0
DA:309,0
DA:324,0
DA:325,0
DA:329,0
LF:120
LH:0
BRDA:50,0,0,0
BRDA:50,0,1,0
BRDA:65,1,0,0
BRDA:65,1,1,0
BRDA:99,2,0,0
BRDA:99,2,1,0
BRDA:105,3,0,0
BRDA:105,3,1,0
BRDA:116,4,0,0
BRDA:116,4,1,0
BRDA:147,5,0,0
BRDA:147,5,1,0
BRDA:161,6,0,0
BRDA:161,6,1,0
BRDA:167,7,0,0
BRDA:167,7,1,0
BRDA:182,8,0,0
BRDA:182,8,1,0
BRDA:184,9,0,0
BRDA:184,9,1,0
BRDA:187,10,0,0
BRDA:187,10,1,0
BRDA:193,11,0,0
BRDA:193,11,1,0
BRDA:198,12,0,0
BRDA:198,12,1,0
BRDA:205,13,0,0
BRDA:205,13,1,0
BRDA:209,14,0,0
BRDA:209,14,1,0
BRDA:218,15,0,0
BRDA:218,15,1,0
BRDA:222,16,0,0
BRDA:222,16,1,0
BRDA:231,17,0,0
BRDA:231,17,1,0
BRDA:245,18,0,0
BRDA:245,18,1,0
BRDA:247,19,0,0
BRDA:247,19,1,0
BRDA:256,20,0,0
BRDA:256,20,1,0
BRDA:263,21,0,0
BRDA:263,21,1,0
BRDA:274,22,0,0
BRDA:274,22,1,0
BRDA:276,23,0,0
BRDA:276,23,1,0
BRDA:290,24,0,0
BRDA:290,24,1,0
BRDA:303,25,0,0
BRDA:303,25,1,0
BRF:52
BRH:0
end_of_record
TN:
SF:src/dialogue-system.js
FN:7,(anonymous_0)
FN:28,(anonymous_1)
FN:57,(anonymous_2)
FN:102,(anonymous_3)
FN:140,(anonymous_4)
FN:142,(anonymous_5)
FN:143,(anonymous_6)
FN:144,(anonymous_7)
FN:145,(anonymous_8)
FN:146,(anonymous_9)
FN:167,(anonymous_10)
FN:177,(anonymous_11)
FN:196,(anonymous_12)
FN:207,(anonymous_13)
FN:250,(anonymous_14)
FN:289,(anonymous_15)
FN:308,(anonymous_16)
FN:317,(anonymous_17)
FN:319,(anonymous_18)
FN:321,(anonymous_19)
FN:323,(anonymous_20)
FN:325,(anonymous_21)
FN:327,(anonymous_22)
FN:329,(anonymous_23)
FN:331,(anonymous_24)
FN:351,(anonymous_25)
FN:362,(anonymous_26)
FN:376,(anonymous_27)
FNF:28
FNH:0
FNDA:0,(anonymous_0)
FNDA:0,(anonymous_1)
FNDA:0,(anonymous_2)
FNDA:0,(anonymous_3)
FNDA:0,(anonymous_4)
FNDA:0,(anonymous_5)
FNDA:0,(anonymous_6)
FNDA:0,(anonymous_7)
FNDA:0,(anonymous_8)
FNDA:0,(anonymous_9)
FNDA:0,(anonymous_10)
FNDA:0,(anonymous_11)
FNDA:0,(anonymous_12)
FNDA:0,(anonymous_13)
FNDA:0,(anonymous_14)
FNDA:0,(anonymous_15)
FNDA:0,(anonymous_16)
FNDA:0,(anonymous_17)
FNDA:0,(anonymous_18)
FNDA:0,(anonymous_19)
FNDA:0,(anonymous_20)
FNDA:0,(anonymous_21)
FNDA:0,(anonymous_22)
FNDA:0,(anonymous_23)
FNDA:0,(anonymous_24)
FNDA:0,(anonymous_25)
FNDA:0,(anonymous_26)
FNDA:0,(anonymous_27)
DA:8,0
DA:9,0
DA:10,0
DA:11,0
DA:12,0
DA:13,0
DA:21,0
DA:22,0
DA:29,0
DA:37,0
DA:45,0
DA:58,0
DA:104,0
DA:107,0
DA:110,0
DA:113,0
DA:116,0
DA:117,0
DA:118,0
DA:122,0
DA:125,0
DA:127,0
DA:141,0
DA:142,0
DA:143,0
DA:144,0
DA:145,0
DA:146,0
DA:149,0
DA:150,0
DA:154,0
DA:155,0
DA:156,0
DA:157,0
DA:158,0
DA:159,0
DA:160,0
DA:161,0
DA:163,0
DA:167,0
DA:168,0
DA:178,0
DA:189,0
DA:197,0
DA:198,0
DA:199,0
DA:208,0
DA:211,0
DA:212,0
DA:219,0
DA:223,0
DA:224,0
DA:229,0
DA:233,0
DA:234,0
DA:240,0
DA:243,0
DA:251,0
DA:254,0
DA:255,0
DA:256,0
DA:259,0
DA:260,0
DA:261,0
DA:264,0
DA:265,0
DA:266,0
DA:270,0
DA:271,0
DA:272,0
DA:273,0
DA:274,0
DA:276,0
DA:277,0
DA:280,0
DA:290,0
DA:299,0
DA:300,0
DA:309,0
DA:318,0
DA:319,0
DA:321,0
DA:323,0
DA:325,0
DA:327,0
DA:329,0
DA:331,0
DA:334,0
DA:335,0
DA:336,0
DA:337,0
DA:338,0
DA:345,0
DA:352,0
DA:363,0
DA:370,0
DA:377,0
DA:383,0
DA:384,0
DA:386,0
LF:100
LH:0
BRDA:102,0,0,0
BRDA:117,1,0,0
BRDA:117,1,1,0
BRDA:149,2,0,0
BRDA:149,2,1,0
BRDA:154,3,0,0
BRDA:154,3,1,0
BRDA:156,4,0,0
BRDA:156,4,1,0
BRDA:158,5,0,0
BRDA:158,5,1,0
BRDA:160,6,0,0
BRDA:160,6,1,0
BRDA:189,7,0,0
BRDA:189,7,1,0
BRDA:197,8,0,0
BRDA:197,8,1,0
BRDA:211,9,0,0
BRDA:211,9,1,0
BRDA:211,10,0,0
BRDA:211,10,1,0
BRDA:223,11,0,0
BRDA:223,11,1,0
BRDA:223,12,0,0
BRDA:223,12,1,0
BRDA:233,13,0,0
BRDA:233,13,1,0
BRDA:233,14,0,0
BRDA:233,14,1,0
BRDA:254,15,0,0
BRDA:254,15,1,0
BRDA:259,16,0,0
BRDA:259,16,1,0
BRDA:264,17,0,0
BRDA:264,17,1,0
BRDA:270,18,0,0
BRDA:270,18,1,0
BRDA:299,19,0,0
BRDA:299,19,1,0
BRDA:308,20,0,0
BRDA:317,21,0,0
BRDA:335,22,0,0
BRDA:335,22,1,0
BRF:43
BRH:0
end_of_record
TN:
SF:src/game-engine.js
FN:12,(anonymous_0)
FN:51,(anonymous_1)
FN:108,(anonymous_2)
FN:115,(anonymous_3)
FN:122,(anonymous_4)
FN:137,(anonymous_5)
FN:150,(anonymous_6)
FN:160,(anonymous_7)
FN:177,(anonymous_8)
FN:189,(anonymous_9)
FN:194,(anonymous_10)
FN:199,(anonymous_11)
FN:204,(anonymous_12)
FN:228,(anonymous_13)
FN:238,(anonymous_14)
FN:250,(anonymous_15)
FN:261,(anonymous_16)
FN:269,(anonymous_17)
FN:279,(anonymous_18)
FN:300,(anonymous_19)
FN:311,(anonymous_20)
FN:327,(anonymous_21)
FNF:22
FNH:0
FNDA:0,(anonymous_0)
FNDA:0,(anonymous_1)
FNDA:0,(anonymous_2)
FNDA:0,(anonymous_3)
FNDA:0,(anonymous_4)
FNDA:0,(anonymous_5)
FNDA:0,(anonymous_6)
FNDA:0,(anonymous_7)
FNDA:0,(anonymous_8)
FNDA:0,(anonymous_9)
FNDA:0,(anonymous_10)
FNDA:0,(anonymous_11)
FNDA:0,(anonymous_12)
FNDA:0,(anonymous_13)
FNDA:0,(anonymous_14)
FNDA:0,(anonymous_15)
FNDA:0,(anonymous_16)
FNDA:0,(anonymous_17)
FNDA:0,(anonymous_18)
FNDA:0,(anonymous_19)
FNDA:0,(anonymous_20)
FNDA:0,(anonymous_21)
DA:1,0
DA:2,0
DA:3,0
DA:4,0
DA:5,0
DA:6,0
DA:7,0
DA:8,0
DA:9,0
DA:13,0
DA:14,0
DA:35,0
DA:36,0
DA:37,0
DA:38,0
DA:39,0
DA:44,0
DA:45,0
DA:47,0
DA:48,0
DA:53,0
DA:61,0
DA:69,0
DA:77,0
DA:86,0
DA:93,0
DA:100,0
DA:109,0
DA:110,0
DA:111,0
DA:112,0
DA:115,0
DA:116,0
DA:117,0
DA:123,0
DA:124,0
DA:125,0
DA:128,0
DA:129,0
DA:130,0
DA:132,0
DA:137,0
DA:138,0
DA:139,0
DA:141,0
DA:146,0
DA:151,0
DA:152,0
DA:153,0
DA:155,0
DA:156,0
DA:161,0
DA:162,0
DA:165,0
DA:172,0
DA:173,0
DA:175,0
DA:177,0
DA:178,0
DA:179,0
DA:180,0
DA:181,0
DA:184,0
DA:185,0
DA:186,0
DA:189,0
DA:190,0
DA:194,0
DA:195,0
DA:200,0
DA:201,0
DA:205,0
DA:206,0
DA:208,0
DA:210,0
DA:211,0
DA:212,0
DA:213,0
DA:214,0
DA:215,0
DA:216,0
DA:218,0
DA:219,0
DA:224,0
DA:225,0
DA:230,0
DA:233,0
DA:234,0
DA:239,0
DA:240,0
DA:241,0
DA:244,0
DA:245,0
DA:248,0
DA:249,0
DA:250,0
DA:251,0
DA:252,0
DA:253,0
DA:259,0
DA:260,0
DA:261,0
DA:262,0
DA:266,0
DA:270,0
DA:271,0
DA:272,0
DA:275,0
DA:280,0
DA:281,0
DA:282,0
DA:285,0
DA:286,0
DA:289,0
DA:291,0
DA:292,0
DA:293,0
DA:296,0
DA:301,0
DA:302,0
DA:303,0
DA:304,0
DA:307,0
DA:312,0
DA:314,0
DA:316,0
DA:317,0
DA:320,0
DA:321,0
DA:325,0
DA:327,0
DA:328,0
DA:333,0
LF:133
LH:0
BRDA:116,0,0,0
BRDA:116,0,1,0
BRDA:138,1,0,0
BRDA:138,1,1,0
BRDA:138,2,0,0
BRDA:138,2,1,0
BRDA:161,3,0,0
BRDA:161,3,1,0
BRDA:179,4,0,0
BRDA:179,4,1,0
BRDA:179,5,0,0
BRDA:179,5,1,0
BRDA:208,6,0,0
BRDA:208,6,1,0
BRDA:211,7,0,0
BRDA:211,7,1,0
BRDA:214,8,0,0
BRDA:214,8,1,0
BRDA:233,9,0,0
BRDA:233,9,1,0
BRDA:240,10,0,0
BRDA:240,10,1,0
BRDA:248,11,0,0
BRDA:248,11,1,0
BRDA:252,12,0,0
BRDA:252,12,1,0
BRDA:259,13,0,0
BRDA:259,13,1,0
BRDA:289,14,0,0
BRDA:289,14,1,0
BRDA:303,15,0,0
BRDA:303,15,1,0
BRDA:316,16,0,0
BRDA:316,16,1,0
BRDA:320,17,0,0
BRDA:320,17,1,0
BRF:36
BRH:0
end_of_record
TN:
SF:src/game-state.js
FN:11,(anonymous_0)
FN:38,(anonymous_1)
FN:43,(anonymous_2)
FN:48,(anonymous_3)
FN:53,(anonymous_4)
FN:58,(anonymous_5)
FN:63,(anonymous_6)
FN:68,(anonymous_7)
FN:73,(anonymous_8)
FN:81,(anonymous_9)
FN:93,(anonymous_10)
FN:115,(anonymous_11)
FN:128,(anonymous_12)
FN:142,(anonymous_13)
FN:163,(anonymous_14)
FN:164,(anonymous_15)
FN:173,(anonymous_16)
FN:186,(anonymous_17)
FN:195,(anonymous_18)
FN:215,(anonymous_19)
FN:245,(anonymous_20)
FN:267,(anonymous_21)
FN:294,(anonymous_22)
FN:304,(anonymous_23)
FN:319,(anonymous_24)
FN:336,(anonymous_25)
FN:340,(anonymous_26)
FN:341,(anonymous_27)
FN:356,(anonymous_28)
FN:376,(anonymous_29)
FN:389,(anonymous_30)
FN:396,(anonymous_31)
FN:407,(anonymous_32)
FN:420,(anonymous_33)
FN:427,(anonymous_34)
FNF:35
FNH:0
FNDA:0,(anonymous_0)
FNDA:0,(anonymous_1)
FNDA:0,(anonymous_2)
FNDA:0,(anonymous_3)
FNDA:0,(anonymous_4)
FNDA:0,(anonymous_5)
FNDA:0,(anonymous_6)
FNDA:0,(anonymous_7)
FNDA:0,(anonymous_8)
FNDA:0,(anonymous_9)
FNDA:0,(anonymous_10)
FNDA:0,(anonymous_11)
FNDA:0,(anonymous_12)
FNDA:0,(anonymous_13)
FNDA:0,(anonymous_14)
FNDA:0,(anonymous_15)
FNDA:0,(anonymous_16)
FNDA:0,(anonymous_17)
FNDA:0,(anonymous_18)
FNDA:0,(anonymous_19)
FNDA:0,(anonymous_20)
FNDA:0,(anonymous_21)
FNDA:0,(anonymous_22)
FNDA:0,(anonymous_23)
FNDA:0,(anonymous_24)
FNDA:0,(anonymous_25)
FNDA:0,(anonymous_26)
FNDA:0,(anonymous_27)
FNDA:0,(anonymous_28)
FNDA:0,(anonymous_29)
FNDA:0,(anonymous_30)
FNDA:0,(anonymous_31)
FNDA:0,(anonymous_32)
FNDA:0,(anonymous_33)
FNDA:0,(anonymous_34)
DA:12,0
DA:13,0
DA:14,0
DA:34,0
DA:38,0
DA:43,0
DA:48,0
DA:53,0
DA:58,0
DA:63,0
DA:68,0
DA:73,0
DA:82,0
DA:83,0
DA:85,0
DA:94,0
DA:95,0
DA:96,0
DA:97,0
DA:98,0
DA:106,0
DA:107,0
DA:116,0
DA:117,0
DA:118,0
DA:121,0
DA:122,0
DA:129,0
DA:130,0
DA:131,0
DA:132,0
DA:143,0
DA:144,0
DA:145,0
DA:146,0
DA:149,0
DA:152,0
DA:164,0
DA:174,0
DA:175,0
DA:176,0
DA:187,0
DA:188,0
DA:196,0
DA:197,0
DA:198,0
DA:199,0
DA:201,0
DA:202,0
DA:203,0
DA:204,0
DA:206,0
DA:216,0
DA:218,0
DA:220,0
DA:230,0
DA:232,0
DA:233,0
DA:234,0
DA:235,0
DA:237,0
DA:246,0
DA:248,0
DA:249,0
DA:251,0
DA:257,0
DA:258,0
DA:260,0
DA:268,0
DA:270,0
DA:271,0
DA:272,0
DA:274,0
DA:275,0
DA:276,0
DA:277,0
DA:278,0
DA:279,0
DA:281,0
DA:289,0
DA:294,0
DA:296,0
DA:305,0
DA:307,0
DA:308,0
DA:309,0
DA:311,0
DA:320,0
DA:321,0
DA:324,0
DA:325,0
DA:328,0
DA:330,0
DA:337,0
DA:338,0
DA:339,0
DA:340,0
DA:341,0
DA:344,0
DA:345,0
DA:348,0
DA:357,0
DA:358,0
DA:359,0
DA:360,0
DA:362,0
DA:363,0
DA:364,0
DA:365,0
DA:367,0
DA:377,0
DA:378,0
DA:380,0
DA:390,0
DA:397,0
DA:408,0
DA:421,0
DA:428,0
LF:118
LH:0
BRDA:53,0,0,0
BRDA:53,0,1,0
BRDA:93,1,0,0
BRDA:115,2,0,0
BRDA:116,3,0,0
BRDA:116,3,1,0
BRDA:130,4,0,0
BRDA:130,4,1,0
BRDA:131,5,0,0
BRDA:131,5,1,0
BRDA:144,6,0,0
BRDA:144,6,1,0
BRDA:187,7,0,0
BRDA:187,7,1,0
BRDA:201,8,0,0
BRDA:201,8,1,0
BRDA:203,9,0,0
BRDA:203,9,1,0
BRDA:215,10,0,0
BRDA:254,11,0,0
BRDA:254,11,1,0
BRDA:275,12,0,0
BRDA:275,12,1,0
BRDA:283,13,0,0
BRDA:283,13,1,0
BRDA:285,14,0,0
BRDA:285,14,1,0
BRDA:319,15,0,0
BRDA:320,16,0,0
BRDA:320,16,1,0
BRDA:362,17,0,0
BRDA:362,17,1,0
BRDA:364,18,0,0
BRDA:364,18,1,0
BRDA:377,19,0,0
BRDA:377,19,1,0
BRDA:389,20,0,0
BRDA:390,21,0,0
BRDA:390,21,1,0
BRF:39
BRH:0
end_of_record
TN:
SF:src/gameplay-integration.js
FN:10,(anonymous_0)
FN:20,(anonymous_1)
FN:22,(anonymous_2)
FN:29,(anonymous_3)
FN:34,(anonymous_4)
FN:39,(anonymous_5)
FN:44,(anonymous_6)
FN:55,(anonymous_7)
FN:60,(anonymous_8)
FN:86,(anonymous_9)
FN:87,(anonymous_10)
FN:95,(anonymous_11)
FN:105,(anonymous_12)
FN:141,(anonymous_13)
FN:154,(anonymous_14)
FN:196,(anonymous_15)
FN:209,(anonymous_16)
FN:212,(anonymous_17)
FN:218,(anonymous_18)
FN:224,(anonymous_19)
FN:230,(anonymous_20)
FN:236,(anonymous_21)
FN:254,(anonymous_22)
FN:264,(anonymous_23)
FN:272,(anonymous_24)
FN:273,(anonymous_25)
FN:280,(anonymous_26)
FN:281,(anonymous_27)
FN:290,(anonymous_28)
FN:295,(anonymous_29)
FN:305,(anonymous_30)
FN:313,(anonymous_31)
FN:323,(anonymous_32)
FN:344,(anonymous_33)
FN:351,(anonymous_34)
FN:378,(anonymous_35)
FN:388,(anonymous_36)
FN:404,(anonymous_37)
FN:408,(anonymous_38)
FN:409,(anonymous_39)
FN:419,(anonymous_40)
FN:441,(anonymous_41)
FN:451,(anonymous_42)
FNF:43
FNH:0
FNDA:0,(anonymous_0)
FNDA:0,(anonymous_1)
FNDA:0,(anonymous_2)
FNDA:0,(anonymous_3)
FNDA:0,(anonymous_4)
FNDA:0,(anonymous_5)
FNDA:0,(anonymous_6)
FNDA:0,(anonymous_7)
FNDA:0,(anonymous_8)
FNDA:0,(anonymous_9)
FNDA:0,(anonymous_10)
FNDA:0,(anonymous_11)
FNDA:0,(anonymous_12)
FNDA:0,(anonymous_13)
FNDA:0,(anonymous_14)
FNDA:0,(anonymous_15)
FNDA:0,(anonymous_16)
FNDA:0,(anonymous_17)
FNDA:0,(anonymous_18)
FNDA:0,(anonymous_19)
FNDA:0,(anonymous_20)
FNDA:0,(anonymous_21)
FNDA:0,(anonymous_22)
FNDA:0,(anonymous_23)
FNDA:0,(anonymous_24)
FNDA:0,(anonymous_25)
FNDA:0,(anonymous_26)
FNDA:0,(anonymous_27)
FNDA:0,(anonymous_28)
FNDA:0,(anonymous_29)
FNDA:0,(anonymous_30)
FNDA:0,(anonymous_31)
FNDA:0,(anonymous_32)
FNDA:0,(anonymous_33)
FNDA:0,(anonymous_34)
FNDA:0,(anonymous_35)
FNDA:0,(anonymous_36)
FNDA:0,(anonymous_37)
FNDA:0,(anonymous_38)
FNDA:0,(anonymous_39)
FNDA:0,(anonymous_40)
FNDA:0,(anonymous_41)
FNDA:0,(anonymous_42)
DA:6,0
DA:7,0
DA:11,0
DA:12,0
DA:13,0
DA:14,0
DA:15,0
DA:17,0
DA:22,0
DA:23,0
DA:24,0
DA:29,0
DA:30,0
DA:34,0
DA:35,0
DA:39,0
DA:40,0
DA:45,0
DA:48,0
DA:49,0
DA:50,0
DA:51,0
DA:55,0
DA:56,0
DA:61,0
DA:84,0
DA:85,0
DA:86,0
DA:87,0
DA:88,0
DA:96,0
DA:99,0
DA:102,0
DA:106,0
DA:142,0
DA:143,0
DA:144,0
DA:146,0
DA:155,0
DA:156,0
DA:159,0
DA:160,0
DA:165,0
DA:166,0
DA:174,0
DA:175,0
DA:183,0
DA:184,0
DA:191,0
DA:197,0
DA:198,0
DA:205,0
DA:206,0
DA:211,0
DA:212,0
DA:217,0
DA:218,0
DA:223,0
DA:224,0
DA:229,0
DA:230,0
DA:238,0
DA:239,0
DA:242,0
DA:243,0
DA:246,0
DA:247,0
DA:251,0
DA:255,0
DA:257,0
DA:258,0
DA:259,0
DA:260,0
DA:265,0
DA:266,0
DA:267,0
DA:268,0
DA:273,0
DA:274,0
DA:275,0
DA:281,0
DA:282,0
DA:291,0
DA:294,0
DA:295,0
DA:296,0
DA:306,0
DA:314,0
DA:316,0
DA:317,0
DA:318,0
DA:319,0
DA:320,0
DA:324,0
DA:325,0
DA:327,0
DA:328,0
DA:331,0
DA:332,0
DA:335,0
DA:336,0
DA:339,0
DA:345,0
DA:346,0
DA:347,0
DA:348,0
DA:353,0
DA:361,0
DA:369,0
DA:379,0
DA:380,0
DA:383,0
DA:384,0
DA:391,0
DA:392,0
DA:393,0
DA:394,0
DA:395,0
DA:396,0
DA:399,0
DA:400,0
DA:405,0
DA:406,0
DA:408,0
DA:409,0
DA:410,0
DA:420,0
DA:439,0
DA:440,0
DA:441,0
DA:442,0
DA:452,0
DA:456,0
LF:133
LH:0
BRDA:23,0,0,0
BRDA:23,0,1,0
BRDA:48,1,0,0
BRDA:48,1,1,0
BRDA:50,2,0,0
BRDA:50,2,1,0
BRDA:85,3,0,0
BRDA:85,3,1,0
BRDA:95,4,0,0
BRDA:159,5,0,0
BRDA:159,5,1,0
BRDA:165,6,0,0
BRDA:165,6,1,0
BRDA:174,7,0,0
BRDA:174,7,1,0
BRDA:183,8,0,0
BRDA:183,8,1,0
BRDA:212,9,0,0
BRDA:212,9,1,0
BRDA:218,10,0,0
BRDA:218,10,1,0
BRDA:224,11,0,0
BRDA:224,11,1,0
BRDA:230,12,0,0
BRDA:230,12,1,0
BRDA:238,13,0,0
BRDA:238,13,1,0
BRDA:242,14,0,0
BRDA:242,14,1,0
BRDA:242,15,0,0
BRDA:242,15,1,0
BRDA:246,16,0,0
BRDA:246,16,1,0
BRDA:257,17,0,0
BRDA:257,17,1,0
BRDA:257,18,0,0
BRDA:257,18,1,0
BRDA:259,19,0,0
BRDA:259,19,1,0
BRDA:259,20,0,0
BRDA:259,20,1,0
BRDA:265,21,0,0
BRDA:265,21,1,0
BRDA:265,22,0,0
BRDA:265,22,1,0
BRDA:267,23,0,0
BRDA:267,23,1,0
BRDA:267,24,0,0
BRDA:267,24,1,0
BRDA:267,24,2,0
BRDA:274,25,0,0
BRDA:274,25,1,0
BRDA:294,26,0,0
BRDA:294,26,1,0
BRDA:316,27,0,0
BRDA:316,27,1,0
BRDA:317,28,0,0
BRDA:317,28,1,0
BRDA:318,29,0,0
BRDA:318,29,1,0
BRDA:319,30,0,0
BRDA:319,30,1,0
BRDA:327,31,0,0
BRDA:327,31,1,0
BRDA:331,32,0,0
BRDA:331,32,1,0
BRDA:335,33,0,0
BRDA:335,33,1,0
BRDA:379,34,0,0
BRDA:379,34,1,0
BRDA:383,35,0,0
BRDA:383,35,1,0
BRDA:383,36,0,0
BRDA:383,36,1,0
BRDA:391,37,0,0
BRDA:391,37,1,0
BRDA:393,38,0,0
BRDA:393,38,1,0
BRDA:395,39,0,0
BRDA:395,39,1,0
BRDA:399,40,0,0
BRDA:399,40,1,0
BRDA:406,41,0,0
BRDA:406,41,1,0
BRDA:440,42,0,0
BRDA:440,42,1,0
BRF:86
BRH:0
end_of_record
TN:
SF:src/narrative-controller.js
FN:15,(anonymous_0)
FN:46,(anonymous_1)
FN:62,(anonymous_2)
FN:74,(anonymous_3)
FN:76,(anonymous_4)
FN:81,(anonymous_5)
FN:89,(anonymous_6)
FN:94,(anonymous_7)
FN:105,(anonymous_8)
FN:122,(anonymous_9)
FN:127,(anonymous_10)
FN:148,(anonymous_11)
FN:189,(anonymous_12)
FN:238,(anonymous_13)
FN:292,(anonymous_14)
FN:322,(anonymous_15)
FN:374,(anonymous_16)
FN:390,(anonymous_17)
FN:414,(anonymous_18)
FN:428,(anonymous_19)
FN:442,(anonymous_20)
FN:447,(anonymous_21)
FN:454,(anonymous_22)
FN:471,(anonymous_23)
FN:485,(anonymous_24)
FN:492,(anonymous_25)
FN:502,(anonymous_26)
FN:517,(anonymous_27)
FN:528,(anonymous_28)
FN:533,(anonymous_29)
FN:545,(anonymous_30)
FN:567,(anonymous_31)
FN:585,(anonymous_32)
FN:602,(anonymous_33)
FN:608,(anonymous_34)
FN:609,(anonymous_35)
FN:610,(anonymous_36)
FN:617,(anonymous_37)
FN:631,(anonymous_38)
FN:650,(anonymous_39)
FN:657,(anonymous_40)
FN:664,(anonymous_41)
FN:674,(anonymous_42)
FN:685,(anonymous_43)
FN:691,(anonymous_44)
FN:702,(anonymous_45)
FNF:46
FNH:0
FNDA:0,(anonymous_0)
FNDA:0,(anonymous_1)
FNDA:0,(anonymous_2)
FNDA:0,(anonymous_3)
FNDA:0,(anonymous_4)
FNDA:0,(anonymous_5)
FNDA:0,(anonymous_6)
FNDA:0,(anonymous_7)
FNDA:0,(anonymous_8)
FNDA:0,(anonymous_9)
FNDA:0,(anonymous_10)
FNDA:0,(anonymous_11)
FNDA:0,(anonymous_12)
FNDA:0,(anonymous_13)
FNDA:0,(anonymous_14)
FNDA:0,(anonymous_15)
FNDA:0,(anonymous_16)
FNDA:0,(anonymous_17)
FNDA:0,(anonymous_18)
FNDA:0,(anonymous_19)
FNDA:0,(anonymous_20)
FNDA:0,(anonymous_21)
FNDA:0,(anonymous_22)
FNDA:0,(anonymous_23)
FNDA:0,(anonymous_24)
FNDA:0,(anonymous_25)
FNDA:0,(anonymous_26)
FNDA:0,(anonymous_27)
FNDA:0,(anonymous_28)
FNDA:0,(anonymous_29)
FNDA:0,(anonymous_30)
FNDA:0,(anonymous_31)
FNDA:0,(anonymous_32)
FNDA:0,(anonymous_33)
FNDA:0,(anonymous_34)
FNDA:0,(anonymous_35)
FNDA:0,(anonymous_36)
FNDA:0,(anonymous_37)
FNDA:0,(anonymous_38)
FNDA:0,(anonymous_39)
FNDA:0,(anonymous_40)
FNDA:0,(anonymous_41)
FNDA:0,(anonymous_42)
FNDA:0,(anonymous_43)
FNDA:0,(anonymous_44)
FNDA:0,(anonymous_45)
DA:16,0
DA:17,0
DA:20,0
DA:21,0
DA:24,0
DA:25,0
DA:28,0
DA:29,0
DA:32,0
DA:33,0
DA:34,0
DA:37,0
DA:38,0
DA:47,0
DA:48,0
DA:51,0
DA:52,0
DA:54,0
DA:64,0
DA:65,0
DA:66,0
DA:67,0
DA:68,0
DA:76,0
DA:77,0
DA:81,0
DA:82,0
DA:90,0
DA:93,0
DA:94,0
DA:96,0
DA:97,0
DA:98,0
DA:100,0
DA:104,0
DA:105,0
DA:106,0
DA:107,0
DA:108,0
DA:110,0
DA:123,0
DA:126,0
DA:127,0
DA:128,0
DA:130,0
DA:131,0
DA:138,0
DA:150,0
DA:159,0
DA:162,0
DA:163,0
DA:164,0
DA:165,0
DA:169,0
DA:170,0
DA:171,0
DA:174,0
DA:180,0
DA:191,0
DA:194,0
DA:197,0
DA:205,0
DA:212,0
DA:221,0
DA:222,0
DA:225,0
DA:239,0
DA:242,0
DA:243,0
DA:244,0
DA:252,0
DA:253,0
DA:254,0
DA:255,0
DA:264,0
DA:265,0
DA:266,0
DA:274,0
DA:281,0
DA:293,0
DA:300,0
DA:307,0
DA:309,0
DA:314,0
DA:323,0
DA:324,0
DA:328,0
DA:335,0
DA:342,0
DA:343,0
DA:344,0
DA:348,0
DA:355,0
DA:361,0
DA:367,0
DA:375,0
DA:377,0
DA:391,0
DA:393,0
DA:394,0
DA:403,0
DA:404,0
DA:407,0
DA:415,0
DA:429,0
DA:431,0
DA:443,0
DA:447,0
DA:455,0
DA:461,0
DA:472,0
DA:486,0
DA:487,0
DA:489,0
DA:493,0
DA:494,0
DA:495,0
DA:496,0
DA:497,0
DA:504,0
DA:511,0
DA:512,0
DA:516,0
DA:517,0
DA:518,0
DA:519,0
DA:521,0
DA:529,0
DA:530,0
DA:533,0
DA:534,0
DA:538,0
DA:539,0
DA:542,0
DA:546,0
DA:552,0
DA:554,0
DA:555,0
DA:556,0
DA:557,0
DA:560,0
DA:568,0
DA:570,0
DA:571,0
DA:582,0
DA:587,0
DA:590,0
DA:591,0
DA:595,0
DA:596,0
DA:599,0
DA:604,0
DA:605,0
DA:607,0
DA:608,0
DA:609,0
DA:610,0
DA:613,0
DA:614,0
DA:618,0
DA:624,0
DA:633,0
DA:636,0
DA:637,0
DA:641,0
DA:642,0
DA:646,0
DA:651,0
DA:658,0
DA:666,0
DA:667,0
DA:669,0
DA:670,0
DA:676,0
DA:687,0
DA:692,0
DA:703,0
DA:705,0
DA:706,0
DA:707,0
DA:708,0
DA:711,0
DA:712,0
DA:713,0
DA:714,0
DA:716,0
DA:717,0
DA:722,0
DA:723,0
DA:726,0
LF:190
LH:0
BRDA:90,0,0,0
BRDA:90,0,1,0
BRDA:97,1,0,0
BRDA:97,1,1,0
BRDA:123,2,0,0
BRDA:123,2,1,0
BRDA:130,3,0,0
BRDA:130,3,1,0
BRDA:148,4,0,0
BRDA:163,5,0,0
BRDA:163,5,1,0
BRDA:170,6,0,0
BRDA:170,6,1,0
BRDA:189,7,0,0
BRDA:221,8,0,0
BRDA:221,8,1,0
BRDA:238,9,0,0
BRDA:243,10,0,0
BRDA:243,10,1,0
BRDA:252,11,0,0
BRDA:252,11,1,0
BRDA:252,12,0,0
BRDA:252,12,1,0
BRDA:254,13,0,0
BRDA:254,13,1,0
BRDA:265,14,0,0
BRDA:265,14,1,0
BRDA:284,15,0,0
BRDA:284,15,1,0
BRDA:292,16,0,0
BRDA:323,17,0,0
BRDA:323,17,1,0
BRDA:343,18,0,0
BRDA:343,18,1,0
BRDA:343,19,0,0
BRDA:343,19,1,0
BRDA:375,20,0,0
BRDA:375,20,1,0
BRDA:393,21,0,0
BRDA:393,21,1,0
BRDA:398,22,0,0
BRDA:398,22,1,0
BRDA:403,23,0,0
BRDA:403,23,1,0
BRDA:417,24,0,0
BRDA:417,24,1,0
BRDA:418,25,0,0
BRDA:418,25,1,0
BRDA:419,26,0,0
BRDA:419,26,1,0
BRDA:429,27,0,0
BRDA:429,27,1,0
BRDA:433,28,0,0
BRDA:433,28,1,0
BRDA:444,29,0,0
BRDA:444,29,1,0
BRDA:445,30,0,0
BRDA:445,30,1,0
BRDA:447,31,0,0
BRDA:447,31,1,0
BRDA:447,32,0,0
BRDA:447,32,1,0
BRDA:478,33,0,0
BRDA:478,33,1,0
BRDA:486,34,0,0
BRDA:486,34,1,0
BRDA:493,35,0,0
BRDA:493,35,1,0
BRDA:496,36,0,0
BRDA:496,36,1,0
BRDA:511,37,0,0
BRDA:511,37,1,0
BRDA:516,38,0,0
BRDA:516,38,1,0
BRDA:530,39,0,0
BRDA:530,39,1,0
BRDA:534,40,0,0
BRDA:534,40,1,0
BRDA:538,41,0,0
BRDA:538,41,1,0
BRDA:554,42,0,0
BRDA:554,42,1,0
BRDA:568,43,0,0
BRDA:568,43,1,0
BRDA:582,44,0,0
BRDA:582,44,1,0
BRDA:590,45,0,0
BRDA:590,45,1,0
BRDA:595,46,0,0
BRDA:595,46,1,0
BRDA:595,47,0,0
BRDA:595,47,1,0
BRDA:596,48,0,0
BRDA:596,48,1,0
BRDA:599,49,0,0
BRDA:599,49,1,0
BRDA:605,50,0,0
BRDA:605,50,1,0
BRDA:614,51,0,0
BRDA:614,51,1,0
BRDA:633,52,0,0
BRDA:633,52,1,0
BRDA:636,53,0,0
BRDA:636,53,1,0
BRDA:636,54,0,0
BRDA:636,54,1,0
BRDA:641,55,0,0
BRDA:641,55,1,0
BRDA:653,56,0,0
BRDA:653,56,1,0
BRDA:660,57,0,0
BRDA:660,57,1,0
BRDA:666,58,0,0
BRDA:666,58,1,0
BRDA:666,59,0,0
BRDA:666,59,1,0
BRDA:669,60,0,0
BRDA:669,60,1,0
BRDA:669,61,0,0
BRDA:669,61,1,0
BRDA:697,62,0,0
BRDA:697,62,1,0
BRDA:703,63,0,0
BRDA:703,63,1,0
BRDA:705,64,0,0
BRDA:705,64,1,0
BRDA:706,65,0,0
BRDA:706,65,1,0
BRDA:707,66,0,0
BRDA:707,66,1,0
BRDA:708,67,0,0
BRDA:708,67,1,0
BRDA:711,68,0,0
BRDA:711,68,1,0
BRDA:711,69,0,0
BRDA:711,69,1,0
BRDA:713,70,0,0
BRDA:713,70,1,0
BRDA:716,71,0,0
BRDA:716,71,1,0
BRDA:722,72,0,0
BRDA:722,72,1,0
BRF:142
BRH:0
end_of_record
TN:
SF:src/puzzle-system.js
FN:7,(anonymous_0)
FN:23,(anonymous_1)
FN:48,(anonymous_2)
FN:318,(anonymous_3)
FN:322,(anonymous_4)
FN:348,(anonymous_5)
FN:370,(anonymous_6)
FN:405,(anonymous_7)
FN:412,(anonymous_8)
FN:419,(anonymous_9)
FN:426,(anonymous_10)
FN:438,(anonymous_11)
FN:450,(anonymous_12)
FN:468,(anonymous_13)
FN:478,(anonymous_14)
FN:497,(anonymous_15)
FN:499,(anonymous_16)
FN:500,(anonymous_17)
FN:503,(anonymous_18)
FN:512,(anonymous_19)
FN:515,(anonymous_20)
FN:529,(anonymous_21)
FN:542,(anonymous_22)
FNF:23
FNH:0
FNDA:0,(anonymous_0)
FNDA:0,(anonymous_1)
FNDA:0,(anonymous_2)
FNDA:0,(anonymous_3)
FNDA:0,(anonymous_4)
FNDA:0,(anonymous_5)
FNDA:0,(anonymous_6)
FNDA:0,(anonymous_7)
FNDA:0,(anonymous_8)
FNDA:0,(anonymous_9)
FNDA:0,(anonymous_10)
FNDA:0,(anonymous_11)
FNDA:0,(anonymous_12)
FNDA:0,(anonymous_13)
FNDA:0,(anonymous_14)
FNDA:0,(anonymous_15)
FNDA:0,(anonymous_16)
FNDA:0,(anonymous_17)
FNDA:0,(anonymous_18)
FNDA:0,(anonymous_19)
FNDA:0,(anonymous_20)
FNDA:0,(anonymous_21)
FNDA:0,(anonymous_22)
DA:8,0
DA:9,0
DA:10,0
DA:11,0
DA:12,0
DA:20,0
DA:25,0
DA:49,0
DA:50,0
DA:58,0
DA:112,0
DA:155,0
DA:246,0
DA:319,0
DA:323,0
DA:324,0
DA:325,0
DA:328,0
DA:338,0
DA:340,0
DA:345,0
DA:349,0
DA:350,0
DA:352,0
DA:353,0
DA:356,0
DA:358,0
DA:360,0
DA:361,0
DA:362,0
DA:363,0
DA:365,0
DA:366,0
DA:369,0
DA:370,0
DA:371,0
DA:380,0
DA:381,0
DA:384,0
DA:386,0
DA:397,0
DA:407,0
DA:408,0
DA:411,0
DA:412,0
DA:413,0
DA:416,0
DA:421,0
DA:424,0
DA:425,0
DA:426,0
DA:430,0
DA:431,0
DA:432,0
DA:435,0
DA:439,0
DA:447,0
DA:451,0
DA:452,0
DA:454,0
DA:455,0
DA:458,0
DA:459,0
DA:461,0
DA:469,0
DA:472,0
DA:474,0
DA:477,0
DA:478,0
DA:479,0
DA:480,0
DA:481,0
DA:485,0
DA:486,0
DA:487,0
DA:488,0
DA:489,0
DA:494,0
DA:498,0
DA:499,0
DA:500,0
DA:504,0
DA:513,0
DA:515,0
DA:516,0
DA:517,0
DA:520,0
DA:521,0
DA:522,0
DA:526,0
DA:530,0
DA:532,0
DA:543,0
DA:545,0
DA:546,0
DA:547,0
DA:548,0
DA:549,0
DA:550,0
DA:553,0
DA:554,0
DA:557,0
DA:561,0
LF:103
LH:0
BRDA:322,0,0,0
BRDA:324,1,0,0
BRDA:324,1,1,0
BRDA:348,2,0,0
BRDA:352,3,0,0
BRDA:352,3,1,0
BRDA:360,4,0,0
BRDA:360,4,1,0
BRDA:369,5,0,0
BRDA:369,5,1,0
BRDA:380,6,0,0
BRDA:380,6,1,0
BRDA:389,7,0,0
BRDA:389,7,1,0
BRDA:416,8,0,0
BRDA:416,8,1,0
BRDA:425,9,0,0
BRDA:425,9,1,0
BRDA:431,10,0,0
BRDA:431,10,1,0
BRDA:450,11,0,0
BRDA:454,12,0,0
BRDA:454,12,1,0
BRDA:480,13,0,0
BRDA:480,13,1,0
BRDA:481,14,0,0
BRDA:481,14,1,0
BRDA:487,15,0,0
BRDA:487,15,1,0
BRDA:516,16,0,0
BRDA:516,16,1,0
BRDA:521,17,0,0
BRDA:521,17,1,0
BRDA:535,18,0,0
BRDA:535,18,1,0
BRDA:545,19,0,0
BRDA:545,19,1,0
BRDA:547,20,0,0
BRDA:547,20,1,0
BRDA:549,21,0,0
BRDA:549,21,1,0
BRDA:553,22,0,0
BRDA:553,22,1,0
BRF:43
BRH:0
end_of_record
TN:
SF:src/story-engine.js
FN:7,(anonymous_0)
FN:22,(anonymous_1)
FN:24,(anonymous_2)
FN:29,(anonymous_3)
FN:34,(anonymous_4)
FN:39,(anonymous_5)
FN:48,(anonymous_6)
FN:69,(anonymous_7)
FN:87,(anonymous_8)
FN:104,(anonymous_9)
FN:105,(anonymous_10)
FN:118,(anonymous_11)
FN:119,(anonymous_12)
FN:127,(anonymous_13)
FN:143,(anonymous_14)
FN:190,(anonymous_15)
FN:192,(anonymous_16)
FN:199,(anonymous_17)
FN:200,(anonymous_18)
FN:227,(anonymous_19)
FN:232,(anonymous_20)
FN:253,(anonymous_21)
FN:258,(anonymous_22)
FN:269,(anonymous_23)
FN:283,(anonymous_24)
FN:292,(anonymous_25)
FN:304,(anonymous_26)
FN:311,(anonymous_27)
FN:318,(anonymous_28)
FN:328,(anonymous_29)
FN:347,(anonymous_30)
FN:368,(anonymous_31)
FN:371,(anonymous_32)
FN:377,(anonymous_33)
FN:385,(anonymous_34)
FN:400,(anonymous_35)
FN:415,(anonymous_36)
FN:424,(anonymous_37)
FN:434,(anonymous_38)
FN:443,(anonymous_39)
FN:450,(anonymous_40)
FNF:41
FNH:0
FNDA:0,(anonymous_0)
FNDA:0,(anonymous_1)
FNDA:0,(anonymous_2)
FNDA:0,(anonymous_3)
FNDA:0,(anonymous_4)
FNDA:0,(anonymous_5)
FNDA:0,(anonymous_6)
FNDA:0,(anonymous_7)
FNDA:0,(anonymous_8)
FNDA:0,(anonymous_9)
FNDA:0,(anonymous_10)
FNDA:0,(anonymous_11)
FNDA:0,(anonymous_12)
FNDA:0,(anonymous_13)
FNDA:0,(anonymous_14)
FNDA:0,(anonymous_15)
FNDA:0,(anonymous_16)
FNDA:0,(anonymous_17)
FNDA:0,(anonymous_18)
FNDA:0,(anonymous_19)
FNDA:0,(anonymous_20)
FNDA:0,(anonymous_21)
FNDA:0,(anonymous_22)
FNDA:0,(anonymous_23)
FNDA:0,(anonymous_24)
FNDA:0,(anonymous_25)
FNDA:0,(anonymous_26)
FNDA:0,(anonymous_27)
FNDA:0,(anonymous_28)
FNDA:0,(anonymous_29)
FNDA:0,(anonymous_30)
FNDA:0,(anonymous_31)
FNDA:0,(anonymous_32)
FNDA:0,(anonymous_33)
FNDA:0,(anonymous_34)
FNDA:0,(anonymous_35)
FNDA:0,(anonymous_36)
FNDA:0,(anonymous_37)
FNDA:0,(anonymous_38)
FNDA:0,(anonymous_39)
FNDA:0,(anonymous_40)
DA:8,0
DA:9,0
DA:10,0
DA:11,0
DA:12,0
DA:13,0
DA:14,0
DA:16,0
DA:23,0
DA:24,0
DA:28,0
DA:29,0
DA:33,0
DA:34,0
DA:38,0
DA:39,0
DA:49,0
DA:50,0
DA:51,0
DA:52,0
DA:54,0
DA:55,0
DA:58,0
DA:60,0
DA:61,0
DA:70,0
DA:71,0
DA:74,0
DA:75,0
DA:76,0
DA:79,0
DA:88,0
DA:91,0
DA:92,0
DA:96,0
DA:97,0
DA:98,0
DA:102,0
DA:103,0
DA:104,0
DA:105,0
DA:111,0
DA:119,0
DA:120,0
DA:128,0
DA:129,0
DA:131,0
DA:132,0
DA:135,0
DA:144,0
DA:145,0
DA:148,0
DA:149,0
DA:150,0
DA:154,0
DA:162,0
DA:163,0
DA:167,0
DA:168,0
DA:172,0
DA:175,0
DA:176,0
DA:179,0
DA:180,0
DA:183,0
DA:191,0
DA:192,0
DA:200,0
DA:201,0
DA:203,0
DA:204,0
DA:206,0
DA:207,0
DA:209,0
DA:210,0
DA:212,0
DA:213,0
DA:215,0
DA:216,0
DA:218,0
DA:228,0
DA:229,0
DA:232,0
DA:233,0
DA:234,0
DA:235,0
DA:239,0
DA:240,0
DA:243,0
DA:244,0
DA:254,0
DA:255,0
DA:258,0
DA:259,0
DA:260,0
DA:270,0
DA:272,0
DA:273,0
DA:274,0
DA:277,0
DA:284,0
DA:293,0
DA:294,0
DA:295,0
DA:305,0
DA:312,0
DA:319,0
DA:329,0
DA:332,0
DA:333,0
DA:334,0
DA:335,0
DA:336,0
DA:337,0
DA:340,0
DA:348,0
DA:349,0
DA:351,0
DA:352,0
DA:354,0
DA:356,0
DA:357,0
DA:359,0
DA:361,0
DA:369,0
DA:371,0
DA:378,0
DA:379,0
DA:386,0
DA:401,0
DA:402,0
DA:403,0
DA:405,0
DA:406,0
DA:416,0
DA:425,0
DA:426,0
DA:435,0
DA:436,0
DA:444,0
DA:451,0
DA:452,0
DA:453,0
DA:454,0
DA:455,0
DA:458,0
LF:146
LH:0
BRDA:51,0,0,0
BRDA:51,0,1,0
BRDA:54,1,0,0
BRDA:54,1,1,0
BRDA:70,2,0,0
BRDA:70,2,1,0
BRDA:75,3,0,0
BRDA:75,3,1,0
BRDA:91,4,0,0
BRDA:91,4,1,0
BRDA:97,5,0,0
BRDA:97,5,1,0
BRDA:102,6,0,0
BRDA:102,6,1,0
BRDA:120,7,0,0
BRDA:120,7,1,0
BRDA:129,8,0,0
BRDA:129,8,1,0
BRDA:143,9,0,0
BRDA:144,10,0,0
BRDA:144,10,1,0
BRDA:149,11,0,0
BRDA:149,11,1,0
BRDA:162,12,0,0
BRDA:162,12,1,0
BRDA:167,13,0,0
BRDA:167,13,1,0
BRDA:167,14,0,0
BRDA:167,14,1,0
BRDA:175,15,0,0
BRDA:175,15,1,0
BRDA:175,16,0,0
BRDA:175,16,1,0
BRDA:175,16,2,0
BRDA:179,17,0,0
BRDA:179,17,1,0
BRDA:179,18,0,0
BRDA:179,18,1,0
BRDA:179,18,2,0
BRDA:201,19,0,0
BRDA:201,19,1,0
BRDA:201,19,2,0
BRDA:201,19,3,0
BRDA:201,19,4,0
BRDA:201,19,5,0
BRDA:206,20,0,0
BRDA:206,20,1,0
BRDA:209,21,0,0
BRDA:209,21,1,0
BRDA:228,22,0,0
BRDA:228,22,1,0
BRDA:233,23,0,0
BRDA:233,23,1,0
BRDA:234,24,0,0
BRDA:234,24,1,0
BRDA:239,25,0,0
BRDA:239,25,1,0
BRDA:243,26,0,0
BRDA:243,26,1,0
BRDA:254,27,0,0
BRDA:254,27,1,0
BRDA:259,28,0,0
BRDA:259,28,1,0
BRDA:260,29,0,0
BRDA:260,29,1,0
BRDA:270,30,0,0
BRDA:270,30,1,0
BRDA:294,31,0,0
BRDA:294,31,1,0
BRDA:304,32,0,0
BRDA:305,33,0,0
BRDA:305,33,1,0
BRDA:318,34,0,0
BRDA:332,35,0,0
BRDA:332,35,1,0
BRDA:332,35,2,0
BRDA:332,35,3,0
BRDA:332,35,4,0
BRDA:348,36,0,0
BRDA:348,36,1,0
BRDA:351,37,0,0
BRDA:351,37,1,0
BRDA:354,38,0,0
BRDA:354,38,1,0
BRDA:356,39,0,0
BRDA:356,39,1,0
BRDA:368,40,0,0
BRDA:379,41,0,0
BRDA:379,41,1,0
BRDA:401,42,0,0
BRDA:401,42,1,0
BRDA:402,43,0,0
BRDA:402,43,1,0
BRDA:403,44,0,0
BRDA:403,44,1,0
BRDA:405,45,0,0
BRDA:405,45,1,0
BRDA:424,46,0,0
BRDA:434,47,0,0
BRDA:453,48,0,0
BRDA:453,48,1,0
BRDA:453,49,0,0
BRDA:453,49,1,0
BRF:103
BRH:0
end_of_record
TN:
SF:src/swarm-integration.js
FN:14,(anonymous_0)
FN:47,(anonymous_1)
FN:79,(anonymous_2)
FN:82,(anonymous_3)
FN:87,(anonymous_4)
FN:92,(anonymous_5)
FN:97,(anonymous_6)
FN:106,(anonymous_7)
FN:148,(anonymous_8)
FN:159,(anonymous_9)
FN:168,(anonymous_10)
FN:202,(anonymous_11)
FN:215,(anonymous_12)
FN:237,(anonymous_13)
FN:239,(anonymous_14)
FN:244,(anonymous_15)
FN:254,(anonymous_16)
FN:272,(anonymous_17)
FN:289,(anonymous_18)
FN:298,(anonymous_19)
FN:308,(anonymous_20)
FN:331,(anonymous_21)
FN:345,(anonymous_22)
FN:372,(anonymous_23)
FN:383,(anonymous_24)
FN:400,(anonymous_25)
FN:416,(anonymous_26)
FN:435,(anonymous_27)
FNF:28
FNH:0
FNDA:0,(anonymous_0)
FNDA:0,(anonymous_1)
FNDA:0,(anonymous_2)
FNDA:0,(anonymous_3)
FNDA:0,(anonymous_4)
FNDA:0,(anonymous_5)
FNDA:0,(anonymous_6)
FNDA:0,(anonymous_7)
FNDA:0,(anonymous_8)
FNDA:0,(anonymous_9)
FNDA:0,(anonymous_10)
FNDA:0,(anonymous_11)
FNDA:0,(anonymous_12)
FNDA:0,(anonymous_13)
FNDA:0,(anonymous_14)
FNDA:0,(anonymous_15)
FNDA:0,(anonymous_16)
FNDA:0,(anonymous_17)
FNDA:0,(anonymous_18)
FNDA:0,(anonymous_19)
FNDA:0,(anonymous_20)
FNDA:0,(anonymous_21)
FNDA:0,(anonymous_22)
FNDA:0,(anonymous_23)
FNDA:0,(anonymous_24)
FNDA:0,(anonymous_25)
FNDA:0,(anonymous_26)
FNDA:0,(anonymous_27)
DA:7,0
DA:8,0
DA:15,0
DA:16,0
DA:24,0
DA:37,0
DA:38,0
DA:39,0
DA:41,0
DA:48,0
DA:50,0
DA:51,0
DA:58,0
DA:62,0
DA:65,0
DA:66,0
DA:69,0
DA:72,0
DA:80,0
DA:82,0
DA:83,0
DA:84,0
DA:87,0
DA:88,0
DA:89,0
DA:92,0
DA:93,0
DA:94,0
DA:97,0
DA:98,0
DA:99,0
DA:108,0
DA:114,0
DA:120,0
DA:126,0
DA:132,0
DA:138,0
DA:150,0
DA:158,0
DA:159,0
DA:160,0
DA:169,0
DA:171,0
DA:172,0
DA:175,0
DA:176,0
DA:177,0
DA:181,0
DA:184,0
DA:185,0
DA:188,0
DA:189,0
DA:192,0
DA:195,0
DA:203,0
DA:205,0
DA:206,0
DA:207,0
DA:208,0
DA:216,0
DA:219,0
DA:221,0
DA:222,0
DA:223,0
DA:225,0
DA:226,0
DA:230,0
DA:238,0
DA:239,0
DA:240,0
DA:243,0
DA:244,0
DA:245,0
DA:259,0
DA:260,0
DA:264,0
DA:265,0
DA:273,0
DA:276,0
DA:277,0
DA:280,0
DA:281,0
DA:290,0
DA:293,0
DA:294,0
DA:295,0
DA:298,0
DA:299,0
DA:300,0
DA:310,0
DA:311,0
DA:313,0
DA:314,0
DA:317,0
DA:318,0
DA:319,0
DA:322,0
DA:323,0
DA:324,0
DA:332,0
DA:334,0
DA:335,0
DA:336,0
DA:337,0
DA:346,0
DA:348,0
DA:351,0
DA:354,0
DA:355,0
DA:362,0
DA:364,0
DA:365,0
DA:373,0
DA:375,0
DA:377,0
DA:384,0
DA:390,0
DA:391,0
DA:394,0
DA:401,0
DA:417,0
DA:420,0
DA:421,0
DA:425,0
DA:426,0
DA:428,0
DA:429,0
DA:436,0
DA:438,0
DA:446,0
DA:448,0
DA:449,0
DA:450,0
DA:454,0
DA:455,0
DA:456,0
DA:459,0
DA:460,0
DA:461,0
DA:465,0
DA:466,0
DA:467,0
DA:470,0
DA:471,0
DA:473,0
DA:475,0
DA:478,0
DA:479,0
DA:484,0
LF:149
LH:0
BRDA:14,0,0,0
BRDA:18,1,0,0
BRDA:18,1,1,0
BRDA:50,2,0,0
BRDA:50,2,1,0
BRDA:65,3,0,0
BRDA:65,3,1,0
BRDA:80,4,0,0
BRDA:80,4,1,0
BRDA:158,5,0,0
BRDA:158,5,1,0
BRDA:158,6,0,0
BRDA:158,6,1,0
BRDA:169,7,0,0
BRDA:169,7,1,0
BRDA:175,8,0,0
BRDA:175,8,1,0
BRDA:175,9,0,0
BRDA:175,9,1,0
BRDA:184,10,0,0
BRDA:184,10,1,0
BRDA:205,11,0,0
BRDA:205,11,1,0
BRDA:205,12,0,0
BRDA:205,12,1,0
BRDA:205,12,2,0
BRDA:221,13,0,0
BRDA:221,13,1,0
BRDA:225,14,0,0
BRDA:225,14,1,0
BRDA:238,15,0,0
BRDA:238,15,1,0
BRDA:243,16,0,0
BRDA:243,16,1,0
BRDA:259,17,0,0
BRDA:259,17,1,0
BRDA:264,18,0,0
BRDA:264,18,1,0
BRDA:276,19,0,0
BRDA:276,19,1,0
BRDA:280,20,0,0
BRDA:280,20,1,0
BRDA:293,21,0,0
BRDA:293,21,1,0
BRDA:299,22,0,0
BRDA:299,22,1,0
BRDA:310,23,0,0
BRDA:310,23,1,0
BRDA:310,24,0,0
BRDA:310,24,1,0
BRDA:313,25,0,0
BRDA:313,25,1,0
BRDA:318,26,0,0
BRDA:318,26,1,0
BRDA:332,27,0,0
BRDA:332,27,1,0
BRDA:335,28,0,0
BRDA:335,28,1,0
BRDA:346,29,0,0
BRDA:346,29,1,0
BRDA:354,30,0,0
BRDA:354,30,1,0
BRDA:364,31,0,0
BRDA:364,31,1,0
BRDA:372,32,0,0
BRDA:373,33,0,0
BRDA:373,33,1,0
BRDA:390,34,0,0
BRDA:390,34,1,0
BRDA:390,35,0,0
BRDA:390,35,1,0
BRDA:404,36,0,0
BRDA:404,36,1,0
BRDA:409,37,0,0
BRDA:409,37,1,0
BRDA:420,38,0,0
BRDA:420,38,1,0
BRDA:448,39,0,0
BRDA:448,39,1,0
BRDA:459,40,0,0
BRDA:459,40,1,0
BRDA:465,41,0,0
BRDA:465,41,1,0
BRF:83
BRH:0
end_of_record
TN:
SF:src/swarm-meta-commentary.js
FN:14,(anonymous_0)
FN:93,(anonymous_1)
FN:101,(anonymous_2)
FN:109,(anonymous_3)
FN:116,(anonymous_4)
FN:129,(anonymous_5)
FN:146,(anonymous_6)
FN:192,(anonymous_7)
FN:220,(anonymous_8)
FN:270,(anonymous_9)
FN:276,(anonymous_10)
FN:277,(anonymous_11)
FN:286,(anonymous_12)
FN:296,(anonymous_13)
FN:297,(anonymous_14)
FN:311,(anonymous_15)
FN:314,(anonymous_16)
FN:315,(anonymous_17)
FN:321,(anonymous_18)
FN:344,(anonymous_19)
FN:373,(anonymous_20)
FN:391,(anonymous_21)
FN:419,(anonymous_22)
FN:438,(anonymous_23)
FN:484,(anonymous_24)
FN:525,(anonymous_25)
FN:557,(anonymous_26)
FN:569,(anonymous_27)
FN:586,(anonymous_28)
FN:598,(anonymous_29)
FN:601,(anonymous_30)
FN:605,(anonymous_31)
FN:609,(anonymous_32)
FN:619,(anonymous_33)
FN:637,(anonymous_34)
FN:649,(anonymous_35)
FN:673,(anonymous_36)
FN:688,(anonymous_37)
FNF:38
FNH:0
FNDA:0,(anonymous_0)
FNDA:0,(anonymous_1)
FNDA:0,(anonymous_2)
FNDA:0,(anonymous_3)
FNDA:0,(anonymous_4)
FNDA:0,(anonymous_5)
FNDA:0,(anonymous_6)
FNDA:0,(anonymous_7)
FNDA:0,(anonymous_8)
FNDA:0,(anonymous_9)
FNDA:0,(anonymous_10)
FNDA:0,(anonymous_11)
FNDA:0,(anonymous_12)
FNDA:0,(anonymous_13)
FNDA:0,(anonymous_14)
FNDA:0,(anonymous_15)
FNDA:0,(anonymous_16)
FNDA:0,(anonymous_17)
FNDA:0,(anonymous_18)
FNDA:0,(anonymous_19)
FNDA:0,(anonymous_20)
FNDA:0,(anonymous_21)
FNDA:0,(anonymous_22)
FNDA:0,(anonymous_23)
FNDA:0,(anonymous_24)
FNDA:0,(anonymous_25)
FNDA:0,(anonymous_26)
FNDA:0,(anonymous_27)
FNDA:0,(anonymous_28)
FNDA:0,(anonymous_29)
FNDA:0,(anonymous_30)
FNDA:0,(anonymous_31)
FNDA:0,(anonymous_32)
FNDA:0,(anonymous_33)
FNDA:0,(anonymous_34)
FNDA:0,(anonymous_35)
FNDA:0,(anonymous_36)
FNDA:0,(anonymous_37)
DA:7,0
DA:8,0
DA:15,0
DA:17,0
DA:26,0
DA:38,0
DA:50,0
DA:87,0
DA:95,0
DA:96,0
DA:97,0
DA:98,0
DA:101,0
DA:102,0
DA:110,0
DA:112,0
DA:113,0
DA:116,0
DA:117,0
DA:121,0
DA:123,0
DA:130,0
DA:132,0
DA:134,0
DA:135,0
DA:136,0
DA:139,0
DA:140,0
DA:147,0
DA:149,0
DA:151,0
DA:154,0
DA:155,0
DA:157,0
DA:158,0
DA:168,0
DA:169,0
DA:175,0
DA:176,0
DA:180,0
DA:181,0
DA:185,0
DA:193,0
DA:196,0
DA:212,0
DA:213,0
DA:221,0
DA:224,0
DA:225,0
DA:234,0
DA:235,0
DA:244,0
DA:245,0
DA:246,0
DA:255,0
DA:256,0
DA:264,0
DA:271,0
DA:273,0
DA:276,0
DA:277,0
DA:278,0
DA:286,0
DA:287,0
DA:288,0
DA:296,0
DA:297,0
DA:298,0
DA:299,0
DA:300,0
DA:312,0
DA:314,0
DA:315,0
DA:323,0
DA:330,0
DA:331,0
DA:332,0
DA:333,0
DA:338,0
DA:345,0
DA:348,0
DA:349,0
DA:356,0
DA:357,0
DA:358,0
DA:359,0
DA:362,0
DA:363,0
DA:364,0
DA:365,0
DA:374,0
DA:380,0
DA:381,0
DA:382,0
DA:383,0
DA:392,0
DA:394,0
DA:395,0
DA:402,0
DA:403,0
DA:404,0
DA:405,0
DA:408,0
DA:409,0
DA:410,0
DA:411,0
DA:421,0
DA:422,0
DA:426,0
DA:427,0
DA:428,0
DA:432,0
DA:439,0
DA:440,0
DA:442,0
DA:443,0
DA:445,0
DA:446,0
DA:448,0
DA:450,0
DA:453,0
DA:454,0
DA:456,0
DA:458,0
DA:461,0
DA:462,0
DA:463,0
DA:465,0
DA:467,0
DA:470,0
DA:471,0
DA:472,0
DA:474,0
DA:478,0
DA:485,0
DA:487,0
DA:507,0
DA:508,0
DA:510,0
DA:513,0
DA:514,0
DA:515,0
DA:516,0
DA:519,0
DA:526,0
DA:528,0
DA:548,0
DA:549,0
DA:551,0
DA:558,0
DA:560,0
DA:561,0
DA:563,0
DA:570,0
DA:575,0
DA:576,0
DA:578,0
DA:580,0
DA:587,0
DA:599,0
DA:601,0
DA:602,0
DA:605,0
DA:606,0
DA:609,0
DA:610,0
DA:613,0
DA:620,0
DA:621,0
DA:623,0
DA:638,0
DA:650,0
DA:651,0
DA:654,0
DA:655,0
DA:656,0
DA:660,0
DA:661,0
DA:662,0
DA:665,0
DA:666,0
DA:674,0
DA:689,0
DA:694,0
DA:698,0
LF:185
LH:0
BRDA:14,0,0,0
BRDA:18,1,0,0
BRDA:18,1,1,0
BRDA:19,2,0,0
BRDA:19,2,1,0
BRDA:20,3,0,0
BRDA:20,3,1,0
BRDA:21,4,0,0
BRDA:21,4,1,0
BRDA:22,5,0,0
BRDA:22,5,1,0
BRDA:110,6,0,0
BRDA:110,6,1,0
BRDA:130,7,0,0
BRDA:130,7,1,0
BRDA:134,8,0,0
BRDA:134,8,1,0
BRDA:151,9,0,0
BRDA:151,9,1,0
BRDA:154,10,0,0
BRDA:154,10,1,0
BRDA:157,11,0,0
BRDA:157,11,1,0
BRDA:175,12,0,0
BRDA:175,12,1,0
BRDA:180,13,0,0
BRDA:180,13,1,0
BRDA:224,14,0,0
BRDA:224,14,1,0
BRDA:234,15,0,0
BRDA:234,15,1,0
BRDA:245,16,0,0
BRDA:245,16,1,0
BRDA:255,17,0,0
BRDA:255,17,1,0
BRDA:271,18,0,0
BRDA:271,18,1,0
BRDA:277,19,0,0
BRDA:277,19,1,0
BRDA:287,20,0,0
BRDA:287,20,1,0
BRDA:299,21,0,0
BRDA:299,21,1,0
BRDA:312,22,0,0
BRDA:312,22,1,0
BRDA:330,23,0,0
BRDA:330,23,1,0
BRDA:332,24,0,0
BRDA:332,24,1,0
BRDA:348,25,0,0
BRDA:348,25,1,0
BRDA:359,26,0,0
BRDA:359,26,1,0
BRDA:362,27,0,0
BRDA:362,27,1,0
BRDA:362,28,0,0
BRDA:362,28,1,0
BRDA:364,29,0,0
BRDA:364,29,1,0
BRDA:380,30,0,0
BRDA:380,30,1,0
BRDA:382,31,0,0
BRDA:382,31,1,0
BRDA:394,32,0,0
BRDA:394,32,1,0
BRDA:408,33,0,0
BRDA:408,33,1,0
BRDA:410,34,0,0
BRDA:410,34,1,0
BRDA:421,35,0,0
BRDA:421,35,1,0
BRDA:427,36,0,0
BRDA:427,36,1,0
BRDA:443,37,0,0
BRDA:443,37,1,0
BRDA:443,37,2,0
BRDA:443,37,3,0
BRDA:445,38,0,0
BRDA:445,38,1,0
BRDA:446,39,0,0
BRDA:446,39,1,0
BRDA:448,40,0,0
BRDA:448,40,1,0
BRDA:453,41,0,0
BRDA:453,41,1,0
BRDA:462,42,0,0
BRDA:462,42,1,0
BRDA:471,43,0,0
BRDA:471,43,1,0
BRDA:472,44,0,0
BRDA:472,44,1,0
BRDA:478,45,0,0
BRDA:478,45,1,0
BRDA:508,46,0,0
BRDA:508,46,1,0
BRDA:513,47,0,0
BRDA:513,47,1,0
BRDA:515,48,0,0
BRDA:515,48,1,0
BRDA:549,49,0,0
BRDA:549,49,1,0
BRDA:561,50,0,0
BRDA:561,50,1,0
BRDA:569,51,0,0
BRDA:575,52,0,0
BRDA:575,52,1,0
BRDA:578,53,0,0
BRDA:578,53,1,0
BRDA:580,54,0,0
BRDA:580,54,1,0
BRDA:580,54,2,0
BRDA:601,55,0,0
BRDA:601,55,1,0
BRDA:601,56,0,0
BRDA:601,56,1,0
BRDA:605,57,0,0
BRDA:605,57,1,0
BRDA:609,58,0,0
BRDA:609,58,1,0
BRDA:637,59,0,0
BRDA:637,60,0,0
BRDA:654,61,0,0
BRDA:654,61,1,0
BRDA:660,62,0,0
BRDA:660,62,1,0
BRDA:665,63,0,0
BRDA:665,63,1,0
BRDA:680,64,0,0
BRDA:680,64,1,0
BRDA:681,65,0,0
BRDA:681,65,1,0
BRF:131
BRH:0
end_of_record
TN:
SF:src/character/ravi.js
FN:4,(anonymous_0)
FN:88,(anonymous_1)
FN:118,(anonymous_2)
FN:135,(anonymous_3)
FN:143,(anonymous_4)
FN:155,(anonymous_5)
FN:169,(anonymous_6)
FN:182,(anonymous_7)
FN:195,(anonymous_8)
FN:209,(anonymous_9)
FN:223,(anonymous_10)
FN:236,(anonymous_11)
FN:251,(anonymous_12)
FN:360,(anonymous_13)
FN:368,(anonymous_14)
FN:391,(anonymous_15)
FN:406,(anonymous_16)
FN:455,(anonymous_17)
FN:534,(anonymous_18)
FN:550,(anonymous_19)
FN:553,(anonymous_20)
FN:560,(anonymous_21)
FN:592,(anonymous_22)
FN:620,(anonymous_23)
FN:636,(anonymous_24)
FN:660,(anonymous_25)
FN:676,(anonymous_26)
FN:709,(anonymous_27)
FN:713,(anonymous_28)
FN:717,(anonymous_29)
FN:721,(anonymous_30)
FN:732,(anonymous_31)
FN:757,(anonymous_32)
FN:786,(anonymous_33)
FN:794,(anonymous_34)
FN:812,(anonymous_35)
FN:859,(anonymous_36)
FN:877,(anonymous_37)
FN:891,(anonymous_38)
FN:905,(anonymous_39)
FN:917,(anonymous_40)
FN:920,(anonymous_41)
FN:933,(anonymous_42)
FN:956,(anonymous_43)
FN:960,(anonymous_44)
FN:964,(anonymous_45)
FN:968,(anonymous_46)
FN:977,(anonymous_47)
FN:993,(anonymous_48)
FN:1002,(anonymous_49)
FN:1028,(anonymous_50)
FN:1041,(anonymous_51)
FN:1090,(anonymous_52)
FN:1120,(anonymous_53)
FN:1122,(anonymous_54)
FN:1138,(anonymous_55)
FN:1200,(anonymous_56)
FN:1221,(anonymous_57)
FN:1262,(anonymous_58)
FN:1274,(anonymous_59)
FN:1294,(anonymous_60)
FN:1308,(anonymous_61)
FN:1315,(anonymous_62)
FNF:63
FNH:0
FNDA:0,(anonymous_0)
FNDA:0,(anonymous_1)
FNDA:0,(anonymous_2)
FNDA:0,(anonymous_3)
FNDA:0,(anonymous_4)
FNDA:0,(anonymous_5)
FNDA:0,(anonymous_6)
FNDA:0,(anonymous_7)
FNDA:0,(anonymous_8)
FNDA:0,(anonymous_9)
FNDA:0,(anonymous_10)
FNDA:0,(anonymous_11)
FNDA:0,(anonymous_12)
FNDA:0,(anonymous_13)
FNDA:0,(anonymous_14)
FNDA:0,(anonymous_15)
FNDA:0,(anonymous_16)
FNDA:0,(anonymous_17)
FNDA:0,(anonymous_18)
FNDA:0,(anonymous_19)
FNDA:0,(anonymous_20)
FNDA:0,(anonymous_21)
FNDA:0,(anonymous_22)
FNDA:0,(anonymous_23)
FNDA:0,(anonymous_24)
FNDA:0,(anonymous_25)
FNDA:0,(anonymous_26)
FNDA:0,(anonymous_27)
FNDA:0,(anonymous_28)
FNDA:0,(anonymous_29)
FNDA:0,(anonymous_30)
FNDA:0,(anonymous_31)
FNDA:0,(anonymous_32)
FNDA:0,(anonymous_33)
FNDA:0,(anonymous_34)
FNDA:0,(anonymous_35)
FNDA:0,(anonymous_36)
FNDA:0,(anonymous_37)
FNDA:0,(anonymous_38)
FNDA:0,(anonymous_39)
FNDA:0,(anonymous_40)
FNDA:0,(anonymous_41)
FNDA:0,(anonymous_42)
FNDA:0,(anonymous_43)
FNDA:0,(anonymous_44)
FNDA:0,(anonymous_45)
FNDA:0,(anonymous_46)
FNDA:0,(anonymous_47)
FNDA:0,(anonymous_48)
FNDA:0,(anonymous_49)
FNDA:0,(anonymous_50)
FNDA:0,(anonymous_51)
FNDA:0,(anonymous_52)
FNDA:0,(anonymous_53)
FNDA:0,(anonymous_54)
FNDA:0,(anonymous_55)
FNDA:0,(anonymous_56)
FNDA:0,(anonymous_57)
FNDA:0,(anonymous_58)
FNDA:0,(anonymous_59)
FNDA:0,(anonymous_60)
FNDA:0,(anonymous_61)
FNDA:0,(anonymous_62)
DA:1,0
DA:5,0
DA:6,0
DA:7,0
DA:39,0
DA:90,0
DA:92,0
DA:95,0
DA:97,0
DA:103,0
DA:105,0
DA:108,0
DA:109,0
DA:110,0
DA:112,0
DA:113,0
DA:114,0
DA:119,0
DA:120,0
DA:121,0
DA:124,0
DA:125,0
DA:126,0
DA:128,0
DA:129,0
DA:130,0
DA:131,0
DA:132,0
DA:136,0
DA:137,0
DA:138,0
DA:139,0
DA:144,0
DA:145,0
DA:147,0
DA:148,0
DA:149,0
DA:150,0
DA:151,0
DA:156,0
DA:163,0
DA:164,0
DA:165,0
DA:166,0
DA:170,0
DA:177,0
DA:178,0
DA:179,0
DA:183,0
DA:190,0
DA:191,0
DA:192,0
DA:196,0
DA:203,0
DA:204,0
DA:205,0
DA:206,0
DA:210,0
DA:217,0
DA:218,0
DA:219,0
DA:220,0
DA:224,0
DA:231,0
DA:232,0
DA:233,0
DA:237,0
DA:244,0
DA:245,0
DA:246,0
DA:247,0
DA:248,0
DA:252,0
DA:255,0
DA:256,0
DA:257,0
DA:258,0
DA:259,0
DA:260,0
DA:261,0
DA:265,0
DA:266,0
DA:268,0
DA:269,0
DA:274,0
DA:275,0
DA:276,0
DA:277,0
DA:282,0
DA:283,0
DA:284,0
DA:285,0
DA:290,0
DA:291,0
DA:292,0
DA:293,0
DA:294,0
DA:295,0
DA:296,0
DA:297,0
DA:298,0
DA:299,0
DA:304,0
DA:305,0
DA:306,0
DA:307,0
DA:312,0
DA:313,0
DA:314,0
DA:315,0
DA:316,0
DA:317,0
DA:318,0
DA:319,0
DA:324,0
DA:325,0
DA:326,0
DA:327,0
DA:328,0
DA:333,0
DA:334,0
DA:335,0
DA:338,0
DA:341,0
DA:342,0
DA:343,0
DA:346,0
DA:347,0
DA:348,0
DA:350,0
DA:351,0
DA:355,0
DA:358,0
DA:359,0
DA:360,0
DA:361,0
DA:366,0
DA:367,0
DA:368,0
DA:369,0
DA:374,0
DA:375,0
DA:376,0
DA:377,0
DA:378,0
DA:379,0
DA:381,0
DA:384,0
DA:388,0
DA:393,0
DA:401,0
DA:402,0
DA:403,0
DA:407,0
DA:408,0
DA:410,0
DA:412,0
DA:413,0
DA:419,0
DA:420,0
DA:426,0
DA:427,0
DA:434,0
DA:442,0
DA:443,0
DA:444,0
DA:447,0
DA:456,0
DA:457,0
DA:458,0
DA:460,0
DA:463,0
DA:465,0
DA:466,0
DA:472,0
DA:473,0
DA:475,0
DA:476,0
DA:482,0
DA:483,0
DA:485,0
DA:486,0
DA:492,0
DA:493,0
DA:496,0
DA:502,0
DA:503,0
DA:508,0
DA:509,0
DA:510,0
DA:511,0
DA:512,0
DA:517,0
DA:518,0
DA:526,0
DA:527,0
DA:531,0
DA:535,0
DA:541,0
DA:542,0
DA:543,0
DA:544,0
DA:547,0
DA:551,0
DA:553,0
DA:554,0
DA:555,0
DA:561,0
DA:562,0
DA:565,0
DA:566,0
DA:567,0
DA:568,0
DA:569,0
DA:570,0
DA:571,0
DA:572,0
DA:573,0
DA:574,0
DA:575,0
DA:576,0
DA:577,0
DA:578,0
DA:579,0
DA:580,0
DA:593,0
DA:594,0
DA:601,0
DA:602,0
DA:604,0
DA:605,0
DA:606,0
DA:607,0
DA:610,0
DA:621,0
DA:624,0
DA:625,0
DA:626,0
DA:627,0
DA:630,0
DA:637,0
DA:638,0
DA:639,0
DA:640,0
DA:641,0
DA:642,0
DA:650,0
DA:661,0
DA:668,0
DA:677,0
DA:678,0
DA:679,0
DA:682,0
DA:684,0
DA:685,0
DA:690,0
DA:691,0
DA:696,0
DA:697,0
DA:702,0
DA:710,0
DA:713,0
DA:714,0
DA:717,0
DA:718,0
DA:721,0
DA:722,0
DA:726,0
DA:733,0
DA:735,0
DA:736,0
DA:737,0
DA:740,0
DA:759,0
DA:760,0
DA:762,0
DA:763,0
DA:765,0
DA:766,0
DA:768,0
DA:769,0
DA:771,0
DA:772,0
DA:774,0
DA:775,0
DA:778,0
DA:787,0
DA:789,0
DA:790,0
DA:793,0
DA:794,0
DA:795,0
DA:799,0
DA:800,0
DA:805,0
DA:810,0
DA:811,0
DA:812,0
DA:814,0
DA:815,0
DA:820,0
DA:825,0
DA:826,0
DA:827,0
DA:828,0
DA:833,0
DA:838,0
DA:839,0
DA:840,0
DA:841,0
DA:848,0
DA:852,0
DA:860,0
DA:863,0
DA:870,0
DA:878,0
DA:881,0
DA:883,0
DA:892,0
DA:895,0
DA:896,0
DA:897,0
DA:906,0
DA:908,0
DA:909,0
DA:913,0
DA:914,0
DA:916,0
DA:917,0
DA:919,0
DA:920,0
DA:921,0
DA:924,0
DA:925,0
DA:934,0
DA:935,0
DA:938,0
DA:939,0
DA:946,0
DA:947,0
DA:957,0
DA:960,0
DA:961,0
DA:964,0
DA:965,0
DA:968,0
DA:969,0
DA:978,0
DA:981,0
DA:984,0
DA:991,0
DA:993,0
DA:994,0
DA:1003,0
DA:1006,0
DA:1024,0
DA:1025,0
DA:1026,0
DA:1028,0
DA:1029,0
DA:1042,0
DA:1043,0
DA:1046,0
DA:1054,0
DA:1060,0
DA:1063,0
DA:1064,0
DA:1065,0
DA:1066,0
DA:1070,0
DA:1071,0
DA:1072,0
DA:1073,0
DA:1074,0
DA:1078,0
DA:1079,0
DA:1082,0
DA:1092,0
DA:1095,0
DA:1096,0
DA:1097,0
DA:1101,0
DA:1103,0
DA:1104,0
DA:1107,0
DA:1108,0
DA:1109,0
DA:1110,0
DA:1113,0
DA:1121,0
DA:1122,0
DA:1123,0
DA:1126,0
DA:1128,0
DA:1129,0
DA:1130,0
DA:1139,0
DA:1140,0
DA:1143,0
DA:1145,0
DA:1148,0
DA:1149,0
DA:1157,0
DA:1158,0
DA:1166,0
DA:1167,0
DA:1175,0
DA:1176,0
DA:1184,0
DA:1185,0
DA:1192,0
DA:1201,0
DA:1203,0
DA:1204,0
DA:1207,0
DA:1208,0
DA:1209,0
DA:1210,0
DA:1213,0
DA:1222,0
DA:1257,0
DA:1258,0
DA:1260,0
DA:1261,0
DA:1262,0
DA:1263,0
DA:1276,0
DA:1278,0
DA:1288,0
DA:1296,0
DA:1298,0
DA:1308,0
DA:1309,0
DA:1310,0
DA:1316,0
DA:1342,0
LF:436
LH:0
BRDA:95,0,0,0
BRDA:95,0,1,0
BRDA:95,1,0,0
BRDA:95,1,1,0
BRDA:113,2,0,0
BRDA:113,2,1,0
BRDA:113,3,0,0
BRDA:113,3,1,0
BRDA:113,3,2,0
BRDA:136,4,0,0
BRDA:136,4,1,0
BRDA:147,5,0,0
BRDA:147,5,1,0
BRDA:256,6,0,0
BRDA:256,6,1,0
BRDA:268,7,0,0
BRDA:268,7,1,0
BRDA:268,8,0,0
BRDA:268,8,1,0
BRDA:276,9,0,0
BRDA:276,9,1,0
BRDA:284,10,0,0
BRDA:284,10,1,0
BRDA:284,11,0,0
BRDA:284,11,1,0
BRDA:292,12,0,0
BRDA:292,12,1,0
BRDA:292,13,0,0
BRDA:292,13,1,0
BRDA:295,14,0,0
BRDA:295,14,1,0
BRDA:295,15,0,0
BRDA:295,15,1,0
BRDA:298,16,0,0
BRDA:298,16,1,0
BRDA:298,17,0,0
BRDA:298,17,1,0
BRDA:306,18,0,0
BRDA:306,18,1,0
BRDA:306,19,0,0
BRDA:306,19,1,0
BRDA:314,20,0,0
BRDA:314,20,1,0
BRDA:314,21,0,0
BRDA:314,21,1,0
BRDA:318,22,0,0
BRDA:318,22,1,0
BRDA:318,23,0,0
BRDA:318,23,1,0
BRDA:318,23,2,0
BRDA:327,24,0,0
BRDA:327,24,1,0
BRDA:327,25,0,0
BRDA:327,25,1,0
BRDA:347,26,0,0
BRDA:347,26,1,0
BRDA:350,27,0,0
BRDA:350,27,1,0
BRDA:350,28,0,0
BRDA:350,28,1,0
BRDA:350,28,2,0
BRDA:359,29,0,0
BRDA:359,29,1,0
BRDA:367,30,0,0
BRDA:367,30,1,0
BRDA:374,31,0,0
BRDA:374,31,1,0
BRDA:374,32,0,0
BRDA:374,32,1,0
BRDA:376,33,0,0
BRDA:376,33,1,0
BRDA:378,34,0,0
BRDA:378,34,1,0
BRDA:378,35,0,0
BRDA:378,35,1,0
BRDA:378,35,2,0
BRDA:412,36,0,0
BRDA:412,36,1,0
BRDA:419,37,0,0
BRDA:419,37,1,0
BRDA:426,38,0,0
BRDA:426,38,1,0
BRDA:442,39,0,0
BRDA:442,39,1,0
BRDA:463,40,0,0
BRDA:463,40,1,0
BRDA:465,41,0,0
BRDA:465,41,1,0
BRDA:472,42,0,0
BRDA:472,42,1,0
BRDA:475,43,0,0
BRDA:475,43,1,0
BRDA:482,44,0,0
BRDA:482,44,1,0
BRDA:485,45,0,0
BRDA:485,45,1,0
BRDA:492,46,0,0
BRDA:492,46,1,0
BRDA:502,47,0,0
BRDA:502,47,1,0
BRDA:508,48,0,0
BRDA:508,48,1,0
BRDA:511,49,0,0
BRDA:511,49,1,0
BRDA:517,50,0,0
BRDA:517,50,1,0
BRDA:517,51,0,0
BRDA:517,51,1,0
BRDA:526,52,0,0
BRDA:526,52,1,0
BRDA:543,53,0,0
BRDA:543,53,1,0
BRDA:554,54,0,0
BRDA:554,54,1,0
BRDA:565,55,0,0
BRDA:565,55,1,0
BRDA:565,56,0,0
BRDA:565,56,1,0
BRDA:565,56,2,0
BRDA:569,57,0,0
BRDA:569,57,1,0
BRDA:569,58,0,0
BRDA:569,58,1,0
BRDA:569,58,2,0
BRDA:573,59,0,0
BRDA:573,59,1,0
BRDA:573,60,0,0
BRDA:573,60,1,0
BRDA:573,60,2,0
BRDA:577,61,0,0
BRDA:577,61,1,0
BRDA:577,62,0,0
BRDA:577,62,1,0
BRDA:577,62,2,0
BRDA:592,63,0,0
BRDA:601,64,0,0
BRDA:601,64,1,0
BRDA:601,65,0,0
BRDA:601,65,1,0
BRDA:604,66,0,0
BRDA:604,66,1,0
BRDA:620,67,0,0
BRDA:621,68,0,0
BRDA:621,68,1,0
BRDA:625,69,0,0
BRDA:625,69,1,0
BRDA:637,70,0,0
BRDA:637,70,1,0
BRDA:637,71,0,0
BRDA:637,71,1,0
BRDA:684,72,0,0
BRDA:684,72,1,0
BRDA:684,73,0,0
BRDA:684,73,1,0
BRDA:690,74,0,0
BRDA:690,74,1,0
BRDA:696,75,0,0
BRDA:696,75,1,0
BRDA:733,76,0,0
BRDA:733,76,1,0
BRDA:741,77,0,0
BRDA:741,77,1,0
BRDA:742,78,0,0
BRDA:742,78,1,0
BRDA:743,79,0,0
BRDA:743,79,1,0
BRDA:746,80,0,0
BRDA:746,80,1,0
BRDA:747,81,0,0
BRDA:747,81,1,0
BRDA:759,82,0,0
BRDA:759,82,1,0
BRDA:760,83,0,0
BRDA:760,83,1,0
BRDA:762,84,0,0
BRDA:762,84,1,0
BRDA:762,85,0,0
BRDA:762,85,1,0
BRDA:765,86,0,0
BRDA:765,86,1,0
BRDA:765,87,0,0
BRDA:765,87,1,0
BRDA:768,88,0,0
BRDA:768,88,1,0
BRDA:771,89,0,0
BRDA:771,89,1,0
BRDA:774,90,0,0
BRDA:774,90,1,0
BRDA:774,91,0,0
BRDA:774,91,1,0
BRDA:787,92,0,0
BRDA:787,92,1,0
BRDA:793,93,0,0
BRDA:793,93,1,0
BRDA:793,94,0,0
BRDA:793,94,1,0
BRDA:795,95,0,0
BRDA:795,95,1,0
BRDA:799,96,0,0
BRDA:799,96,1,0
BRDA:810,97,0,0
BRDA:810,97,1,0
BRDA:814,98,0,0
BRDA:814,98,1,0
BRDA:825,99,0,0
BRDA:825,99,1,0
BRDA:826,100,0,0
BRDA:826,100,1,0
BRDA:827,101,0,0
BRDA:827,101,1,0
BRDA:827,102,0,0
BRDA:827,102,1,0
BRDA:839,103,0,0
BRDA:839,103,1,0
BRDA:839,104,0,0
BRDA:839,104,1,0
BRDA:840,105,0,0
BRDA:840,105,1,0
BRDA:840,106,0,0
BRDA:840,106,1,0
BRDA:848,107,0,0
BRDA:848,107,1,0
BRDA:881,108,0,0
BRDA:881,108,1,0
BRDA:895,109,0,0
BRDA:895,109,1,0
BRDA:895,110,0,0
BRDA:895,110,1,0
BRDA:906,111,0,0
BRDA:906,111,1,0
BRDA:913,112,0,0
BRDA:913,112,1,0
BRDA:916,113,0,0
BRDA:916,113,1,0
BRDA:919,114,0,0
BRDA:919,114,1,0
BRDA:924,115,0,0
BRDA:924,115,1,0
BRDA:938,116,0,0
BRDA:938,116,1,0
BRDA:946,117,0,0
BRDA:946,117,1,0
BRDA:991,118,0,0
BRDA:991,118,1,0
BRDA:1025,119,0,0
BRDA:1025,119,1,0
BRDA:1063,120,0,0
BRDA:1063,120,1,0
BRDA:1064,121,0,0
BRDA:1064,121,1,0
BRDA:1070,122,0,0
BRDA:1070,122,1,0
BRDA:1070,123,0,0
BRDA:1070,123,1,0
BRDA:1072,124,0,0
BRDA:1072,124,1,0
BRDA:1078,125,0,0
BRDA:1078,125,1,0
BRDA:1078,126,0,0
BRDA:1078,126,1,0
BRDA:1090,127,0,0
BRDA:1092,128,0,0
BRDA:1092,128,1,0
BRDA:1095,129,0,0
BRDA:1095,129,1,0
BRDA:1103,130,0,0
BRDA:1103,130,1,0
BRDA:1110,131,0,0
BRDA:1110,131,1,0
BRDA:1126,132,0,0
BRDA:1126,132,1,0
BRDA:1128,133,0,0
BRDA:1128,133,1,0
BRDA:1128,134,0,0
BRDA:1128,134,1,0
BRDA:1129,135,0,0
BRDA:1129,135,1,0
BRDA:1129,136,0,0
BRDA:1129,136,1,0
BRDA:1140,137,0,0
BRDA:1140,137,1,0
BRDA:1143,138,0,0
BRDA:1143,138,1,0
BRDA:1148,139,0,0
BRDA:1148,139,1,0
BRDA:1157,140,0,0
BRDA:1157,140,1,0
BRDA:1166,141,0,0
BRDA:1166,141,1,0
BRDA:1175,142,0,0
BRDA:1175,142,1,0
BRDA:1184,143,0,0
BRDA:1184,143,1,0
BRDA:1192,144,0,0
BRDA:1192,144,1,0
BRDA:1200,145,0,0
BRDA:1203,146,0,0
BRDA:1203,146,1,0
BRDA:1210,147,0,0
BRDA:1210,147,1,0
BRDA:1258,148,0,0
BRDA:1258,148,1,0
BRDA:1258,149,0,0
BRDA:1258,149,1,0
BRDA:1260,150,0,0
BRDA:1260,150,1,0
BRDA:1276,151,0,0
BRDA:1276,151,1,0
BRDA:1296,152,0,0
BRDA:1296,152,1,0
BRDA:1329,153,0,0
BRDA:1329,153,1,0
BRF:312
BRH:0
end_of_record
TN:
SF:src/stories/index.js
FN:4,(anonymous_0)
FN:11,(anonymous_1)
FN:23,(anonymous_2)
FN:30,(anonymous_3)
FN:37,(anonymous_4)
FN:130,(anonymous_5)
FN:139,(anonymous_6)
FN:155,(anonymous_7)
FN:175,(anonymous_8)
FN:189,(anonymous_9)
FN:191,(anonymous_10)
FN:205,(anonymous_11)
FN:211,(anonymous_12)
FN:214,(anonymous_13)
FN:221,(anonymous_14)
FN:222,(anonymous_15)
FN:229,(anonymous_16)
FN:231,(anonymous_17)
FN:232,(anonymous_18)
FN:241,(anonymous_19)
FN:253,(anonymous_20)
FN:263,(anonymous_21)
FN:268,(anonymous_22)
FN:278,(anonymous_23)
FN:292,(anonymous_24)
FN:296,(anonymous_25)
FN:305,(anonymous_26)
FN:310,(anonymous_27)
FN:316,(anonymous_28)
FN:328,(anonymous_29)
FN:345,(anonymous_30)
FN:346,(anonymous_31)
FNF:32
FNH:0
FNDA:0,(anonymous_0)
FNDA:0,(anonymous_1)
FNDA:0,(anonymous_2)
FNDA:0,(anonymous_3)
FNDA:0,(anonymous_4)
FNDA:0,(anonymous_5)
FNDA:0,(anonymous_6)
FNDA:0,(anonymous_7)
FNDA:0,(anonymous_8)
FNDA:0,(anonymous_9)
FNDA:0,(anonymous_10)
FNDA:0,(anonymous_11)
FNDA:0,(anonymous_12)
FNDA:0,(anonymous_13)
FNDA:0,(anonymous_14)
FNDA:0,(anonymous_15)
FNDA:0,(anonymous_16)
FNDA:0,(anonymous_17)
FNDA:0,(anonymous_18)
FNDA:0,(anonymous_19)
FNDA:0,(anonymous_20)
FNDA:0,(anonymous_21)
FNDA:0,(anonymous_22)
FNDA:0,(anonymous_23)
FNDA:0,(anonymous_24)
FNDA:0,(anonymous_25)
FNDA:0,(anonymous_26)
FNDA:0,(anonymous_27)
FNDA:0,(anonymous_28)
FNDA:0,(anonymous_29)
FNDA:0,(anonymous_30)
FNDA:0,(anonymous_31)
DA:1,0
DA:5,0
DA:6,0
DA:7,0
DA:8,0
DA:13,0
DA:23,0
DA:30,0
DA:37,0
DA:43,0
DA:71,0
DA:99,0
DA:127,0
DA:131,0
DA:132,0
DA:133,0
DA:136,0
DA:139,0
DA:140,0
DA:141,0
DA:142,0
DA:143,0
DA:148,0
DA:149,0
DA:152,0
DA:156,0
DA:157,0
DA:160,0
DA:167,0
DA:168,0
DA:171,0
DA:172,0
DA:176,0
DA:177,0
DA:180,0
DA:183,0
DA:185,0
DA:186,0
DA:190,0
DA:191,0
DA:195,0
DA:196,0
DA:197,0
DA:200,0
DA:201,0
DA:206,0
DA:207,0
DA:208,0
DA:211,0
DA:215,0
DA:216,0
DA:217,0
DA:220,0
DA:221,0
DA:222,0
DA:230,0
DA:231,0
DA:232,0
DA:242,0
DA:243,0
DA:244,0
DA:246,0
DA:247,0
DA:250,0
DA:251,0
DA:252,0
DA:253,0
DA:254,0
DA:258,0
DA:260,0
DA:264,0
DA:266,0
DA:268,0
DA:269,0
DA:270,0
DA:272,0
DA:273,0
DA:275,0
DA:276,0
DA:277,0
DA:278,0
DA:280,0
DA:283,0
DA:284,0
DA:285,0
DA:291,0
DA:292,0
DA:294,0
DA:295,0
DA:296,0
DA:297,0
DA:301,0
DA:306,0
DA:311,0
DA:313,0
DA:314,0
DA:316,0
DA:323,0
DA:324,0
DA:329,0
DA:330,0
DA:333,0
DA:335,0
DA:336,0
DA:337,0
DA:340,0
DA:341,0
DA:342,0
DA:344,0
DA:345,0
DA:346,0
DA:347,0
DA:348,0
DA:357,0
LF:114
LH:0
BRDA:132,0,0,0
BRDA:132,0,1,0
BRDA:140,1,0,0
BRDA:140,1,1,0
BRDA:140,2,0,0
BRDA:140,2,1,0
BRDA:140,2,2,0
BRDA:148,3,0,0
BRDA:148,3,1,0
BRDA:191,4,0,0
BRDA:191,4,1,0
BRDA:195,5,0,0
BRDA:195,5,1,0
BRDA:200,6,0,0
BRDA:200,6,1,0
BRDA:207,7,0,0
BRDA:207,7,1,0
BRDA:216,8,0,0
BRDA:216,8,1,0
BRDA:242,9,0,0
BRDA:242,9,1,0
BRDA:242,10,0,0
BRDA:242,10,1,0
BRDA:251,11,0,0
BRDA:251,11,1,0
BRDA:269,12,0,0
BRDA:269,12,1,0
BRDA:269,13,0,0
BRDA:269,13,1,0
BRDA:270,14,0,0
BRDA:270,14,1,0
BRDA:270,15,0,0
BRDA:270,15,1,0
BRDA:275,16,0,0
BRDA:275,16,1,0
BRDA:284,17,0,0
BRDA:284,17,1,0
BRDA:294,18,0,0
BRDA:294,18,1,0
BRDA:329,19,0,0
BRDA:329,19,1,0
BRDA:333,20,0,0
BRDA:333,20,1,0
BRDA:336,21,0,0
BRDA:336,21,1,0
BRDA:341,22,0,0
BRDA:341,22,1,0
BRDA:341,23,0,0
BRDA:341,23,1,0
BRDA:344,24,0,0
BRDA:344,24,1,0
BRDA:347,25,0,0
BRDA:347,25,1,0
BRF:53
BRH:0
end_of_record
TN:
SF:src/swarm/activity-monitor.js
FN:10,(anonymous_0)
FN:24,(anonymous_1)
FN:85,(anonymous_2)
FN:92,(anonymous_3)
FN:103,(anonymous_4)
FN:118,(anonymous_5)
FN:123,(anonymous_6)
FN:127,(anonymous_7)
FN:133,(anonymous_8)
FN:144,(anonymous_9)
FN:172,(anonymous_10)
FN:179,(anonymous_11)
FN:186,(anonymous_12)
FN:198,(anonymous_13)
FN:218,(anonymous_14)
FN:222,(anonymous_15)
FN:242,(anonymous_16)
FN:266,(anonymous_17)
FN:286,(anonymous_18)
FN:294,(anonymous_19)
FN:303,(anonymous_20)
FN:315,(anonymous_21)
FN:326,(anonymous_22)
FN:337,(anonymous_23)
FN:348,(anonymous_24)
FN:359,(anonymous_25)
FN:370,(anonymous_26)
FN:381,(anonymous_27)
FN:395,(anonymous_28)
FN:402,(anonymous_29)
FN:421,(anonymous_30)
FNF:31
FNH:0
FNDA:0,(anonymous_0)
FNDA:0,(anonymous_1)
FNDA:0,(anonymous_2)
FNDA:0,(anonymous_3)
FNDA:0,(anonymous_4)
FNDA:0,(anonymous_5)
FNDA:0,(anonymous_6)
FNDA:0,(anonymous_7)
FNDA:0,(anonymous_8)
FNDA:0,(anonymous_9)
FNDA:0,(anonymous_10)
FNDA:0,(anonymous_11)
FNDA:0,(anonymous_12)
FNDA:0,(anonymous_13)
FNDA:0,(anonymous_14)
FNDA:0,(anonymous_15)
FNDA:0,(anonymous_16)
FNDA:0,(anonymous_17)
FNDA:0,(anonymous_18)
FNDA:0,(anonymous_19)
FNDA:0,(anonymous_20)
FNDA:0,(anonymous_21)
FNDA:0,(anonymous_22)
FNDA:0,(anonymous_23)
FNDA:0,(anonymous_24)
FNDA:0,(anonymous_25)
FNDA:0,(anonymous_26)
FNDA:0,(anonymous_27)
FNDA:0,(anonymous_28)
FNDA:0,(anonymous_29)
FNDA:0,(anonymous_30)
DA:6,0
DA:7,0
DA:11,0
DA:12,0
DA:13,0
DA:14,0
DA:15,0
DA:16,0
DA:18,0
DA:26,0
DA:34,0
DA:42,0
DA:50,0
DA:58,0
DA:66,0
DA:74,0
DA:86,0
DA:88,0
DA:89,0
DA:92,0
DA:93,0
DA:97,0
DA:104,0
DA:106,0
DA:107,0
DA:108,0
DA:109,0
DA:112,0
DA:120,0
DA:121,0
DA:123,0
DA:124,0
DA:127,0
DA:128,0
DA:129,0
DA:133,0
DA:135,0
DA:136,0
DA:145,0
DA:146,0
DA:148,0
DA:149,0
DA:150,0
DA:151,0
DA:152,0
DA:166,0
DA:177,0
DA:179,0
DA:180,0
DA:186,0
DA:187,0
DA:199,0
DA:200,0
DA:202,0
DA:212,0
DA:219,0
DA:222,0
DA:223,0
DA:224,0
DA:225,0
DA:227,0
DA:228,0
DA:230,0
DA:234,0
DA:235,0
DA:244,0
DA:247,0
DA:248,0
DA:252,0
DA:255,0
DA:258,0
DA:259,0
DA:267,0
DA:278,0
DA:279,0
DA:287,0
DA:288,0
DA:290,0
DA:291,0
DA:293,0
DA:294,0
DA:295,0
DA:304,0
DA:310,0
DA:316,0
DA:323,0
DA:327,0
DA:334,0
DA:338,0
DA:345,0
DA:349,0
DA:356,0
DA:360,0
DA:367,0
DA:371,0
DA:378,0
DA:382,0
DA:389,0
DA:396,0
DA:403,0
DA:411,0
DA:412,0
DA:415,0
DA:422,0
DA:426,0
LF:105
LH:0
BRDA:86,0,0,0
BRDA:86,0,1,0
BRDA:104,1,0,0
BRDA:104,1,1,0
BRDA:107,2,0,0
BRDA:107,2,1,0
BRDA:128,3,0,0
BRDA:128,3,1,0
BRDA:135,4,0,0
BRDA:135,4,1,0
BRDA:151,5,0,0
BRDA:151,5,1,0
BRDA:177,6,0,0
BRDA:177,6,1,0
BRDA:200,7,0,0
BRDA:200,7,1,0
BRDA:219,8,0,0
BRDA:219,8,1,0
BRDA:224,9,0,0
BRDA:224,9,1,0
BRDA:225,10,0,0
BRDA:225,10,1,0
BRDA:227,11,0,0
BRDA:227,11,1,0
BRDA:247,12,0,0
BRDA:247,12,1,0
BRDA:258,13,0,0
BRDA:258,13,1,0
BRDA:273,14,0,0
BRDA:273,14,1,0
BRDA:278,15,0,0
BRDA:278,15,1,0
BRDA:278,16,0,0
BRDA:278,16,1,0
BRDA:288,17,0,0
BRDA:288,17,1,0
BRDA:288,18,0,0
BRDA:288,18,1,0
BRDA:291,19,0,0
BRDA:291,19,1,0
BRDA:310,20,0,0
BRDA:310,20,1,0
BRDA:350,21,0,0
BRDA:350,21,1,0
BRDA:412,22,0,0
BRDA:412,22,1,0
BRF:46
BRH:0
end_of_record
